slurmstepd: error: execve(): module: No such file or directory
srun: error: node-0282: task 0: Exited with exit code 2
srun: launch/slurm: _step_signal: Terminating StepId=35131142.0
slurmstepd: error: execve(): source: No such file or directory
srun: error: node-0282: task 0: Exited with exit code 2
srun: launch/slurm: _step_signal: Terminating StepId=35131142.1
INFO:sherpa.core:
-------------------------------------------------------
SHERPA Dashboard running. Access via
http://10.100.1.26:8880 if on a cluster or
http://localhost:8880 if running locally.
-------------------------------------------------------
WARNING:werkzeug: * Running on all addresses.
   WARNING: This is a development server. Do not use it in a production deployment.
[Parallel(n_jobs=-1)]: Using backend ThreadingBackend with 16 concurrent workers.
[Parallel(n_jobs=-1)]: Done  18 tasks      | elapsed:    9.0s
[Parallel(n_jobs=-1)]: Done 168 tasks      | elapsed:   54.3s
[Parallel(n_jobs=-1)]: Done 280 out of 280 | elapsed:  1.5min finished
[Parallel(n_jobs=16)]: Using backend ThreadingBackend with 16 concurrent workers.
[Parallel(n_jobs=16)]: Done  18 tasks      | elapsed:    0.5s
[Parallel(n_jobs=16)]: Done 168 tasks      | elapsed:    2.0s
[Parallel(n_jobs=16)]: Done 280 out of 280 | elapsed:    3.2s finished
[Parallel(n_jobs=16)]: Using backend ThreadingBackend with 16 concurrent workers.
[Parallel(n_jobs=16)]: Done  18 tasks      | elapsed:    0.1s
[Parallel(n_jobs=16)]: Done 168 tasks      | elapsed:    0.6s
[Parallel(n_jobs=16)]: Done 280 out of 280 | elapsed:    0.9s finished
[Parallel(n_jobs=-1)]: Using backend ThreadingBackend with 16 concurrent workers.
[Parallel(n_jobs=-1)]: Done  18 tasks      | elapsed:   10.2s
[Parallel(n_jobs=-1)]: Done 168 tasks      | elapsed:  1.0min
[Parallel(n_jobs=-1)]: Done 300 out of 300 | elapsed:  1.8min finished
[Parallel(n_jobs=16)]: Using backend ThreadingBackend with 16 concurrent workers.
[Parallel(n_jobs=16)]: Done  18 tasks      | elapsed:    0.3s
[Parallel(n_jobs=16)]: Done 168 tasks      | elapsed:    2.2s
[Parallel(n_jobs=16)]: Done 300 out of 300 | elapsed:    4.0s finished
[Parallel(n_jobs=16)]: Using backend ThreadingBackend with 16 concurrent workers.
[Parallel(n_jobs=16)]: Done  18 tasks      | elapsed:    0.2s
[Parallel(n_jobs=16)]: Done 168 tasks      | elapsed:    1.1s
[Parallel(n_jobs=16)]: Done 300 out of 300 | elapsed:    1.5s finished
[Parallel(n_jobs=-1)]: Using backend ThreadingBackend with 16 concurrent workers.
[Parallel(n_jobs=-1)]: Done  18 tasks      | elapsed:    9.1s
[Parallel(n_jobs=-1)]: Done 168 tasks      | elapsed:   54.8s
[Parallel(n_jobs=-1)]: Done 270 out of 270 | elapsed:  1.5min finished
[Parallel(n_jobs=16)]: Using backend ThreadingBackend with 16 concurrent workers.
[Parallel(n_jobs=16)]: Done  18 tasks      | elapsed:    0.3s
[Parallel(n_jobs=16)]: Done 168 tasks      | elapsed:    1.5s
[Parallel(n_jobs=16)]: Done 270 out of 270 | elapsed:    2.2s finished
[Parallel(n_jobs=16)]: Using backend ThreadingBackend with 16 concurrent workers.
[Parallel(n_jobs=16)]: Done  18 tasks      | elapsed:    0.1s
[Parallel(n_jobs=16)]: Done 168 tasks      | elapsed:    0.5s
[Parallel(n_jobs=16)]: Done 270 out of 270 | elapsed:    0.7s finished
[Parallel(n_jobs=-1)]: Using backend ThreadingBackend with 16 concurrent workers.
[Parallel(n_jobs=-1)]: Done  18 tasks      | elapsed:    9.1s
[Parallel(n_jobs=-1)]: Done 100 out of 100 | elapsed:   33.8s finished
[Parallel(n_jobs=16)]: Using backend ThreadingBackend with 16 concurrent workers.
[Parallel(n_jobs=16)]: Done  18 tasks      | elapsed:    0.6s
[Parallel(n_jobs=16)]: Done 100 out of 100 | elapsed:    1.3s finished
[Parallel(n_jobs=16)]: Using backend ThreadingBackend with 16 concurrent workers.
[Parallel(n_jobs=16)]: Done  18 tasks      | elapsed:    0.1s
[Parallel(n_jobs=16)]: Done 100 out of 100 | elapsed:    0.3s finished
[Parallel(n_jobs=-1)]: Using backend ThreadingBackend with 16 concurrent workers.
[Parallel(n_jobs=-1)]: Done  18 tasks      | elapsed:   10.4s
[Parallel(n_jobs=-1)]: Done 168 tasks      | elapsed:  1.0min
[Parallel(n_jobs=-1)]: Done 210 out of 210 | elapsed:  1.2min finished
[Parallel(n_jobs=16)]: Using backend ThreadingBackend with 16 concurrent workers.
[Parallel(n_jobs=16)]: Done  18 tasks      | elapsed:    0.7s
[Parallel(n_jobs=16)]: Done 168 tasks      | elapsed:    3.1s
[Parallel(n_jobs=16)]: Done 210 out of 210 | elapsed:    3.7s finished
[Parallel(n_jobs=16)]: Using backend ThreadingBackend with 16 concurrent workers.
[Parallel(n_jobs=16)]: Done  18 tasks      | elapsed:    0.2s
[Parallel(n_jobs=16)]: Done 168 tasks      | elapsed:    0.8s
[Parallel(n_jobs=16)]: Done 210 out of 210 | elapsed:    0.9s finished
[Parallel(n_jobs=-1)]: Using backend ThreadingBackend with 16 concurrent workers.
[Parallel(n_jobs=-1)]: Done  18 tasks      | elapsed:    9.9s
[Parallel(n_jobs=-1)]: Done 168 tasks      | elapsed:  1.0min
[Parallel(n_jobs=-1)]: Done 300 out of 300 | elapsed:  1.7min finished
[Parallel(n_jobs=16)]: Using backend ThreadingBackend with 16 concurrent workers.
[Parallel(n_jobs=16)]: Done  18 tasks      | elapsed:    0.8s
[Parallel(n_jobs=16)]: Done 168 tasks      | elapsed:    3.6s
[Parallel(n_jobs=16)]: Done 300 out of 300 | elapsed:    5.3s finished
[Parallel(n_jobs=16)]: Using backend ThreadingBackend with 16 concurrent workers.
[Parallel(n_jobs=16)]: Done  18 tasks      | elapsed:    0.1s
[Parallel(n_jobs=16)]: Done 168 tasks      | elapsed:    0.7s
[Parallel(n_jobs=16)]: Done 300 out of 300 | elapsed:    1.2s finished
[Parallel(n_jobs=-1)]: Using backend ThreadingBackend with 16 concurrent workers.
[Parallel(n_jobs=-1)]: Done  18 tasks      | elapsed:    9.7s
[Parallel(n_jobs=-1)]: Done 168 tasks      | elapsed:  1.0min
[Parallel(n_jobs=-1)]: Done 230 out of 230 | elapsed:  1.4min finished
[Parallel(n_jobs=16)]: Using backend ThreadingBackend with 16 concurrent workers.
[Parallel(n_jobs=16)]: Done  18 tasks      | elapsed:    0.6s
[Parallel(n_jobs=16)]: Done 168 tasks      | elapsed:    2.5s
[Parallel(n_jobs=16)]: Done 230 out of 230 | elapsed:    3.3s finished
[Parallel(n_jobs=16)]: Using backend ThreadingBackend with 16 concurrent workers.
[Parallel(n_jobs=16)]: Done  18 tasks      | elapsed:    0.1s
[Parallel(n_jobs=16)]: Done 168 tasks      | elapsed:    0.7s
[Parallel(n_jobs=16)]: Done 230 out of 230 | elapsed:    0.9s finished
[Parallel(n_jobs=-1)]: Using backend ThreadingBackend with 16 concurrent workers.
[Parallel(n_jobs=-1)]: Done  18 tasks      | elapsed:    9.3s
[Parallel(n_jobs=-1)]: Done 110 out of 110 | elapsed:   38.0s finished
[Parallel(n_jobs=16)]: Using backend ThreadingBackend with 16 concurrent workers.
[Parallel(n_jobs=16)]: Done  18 tasks      | elapsed:    0.6s
[Parallel(n_jobs=16)]: Done 110 out of 110 | elapsed:    1.4s finished
[Parallel(n_jobs=16)]: Using backend ThreadingBackend with 16 concurrent workers.
[Parallel(n_jobs=16)]: Done  18 tasks      | elapsed:    0.2s
[Parallel(n_jobs=16)]: Done 110 out of 110 | elapsed:    0.5s finished
[Parallel(n_jobs=-1)]: Using backend ThreadingBackend with 16 concurrent workers.
[Parallel(n_jobs=-1)]: Done  18 tasks      | elapsed:    9.9s
[Parallel(n_jobs=-1)]: Done 140 out of 140 | elapsed:   50.8s finished
[Parallel(n_jobs=16)]: Using backend ThreadingBackend with 16 concurrent workers.
[Parallel(n_jobs=16)]: Done  18 tasks      | elapsed:    0.4s
[Parallel(n_jobs=16)]: Done 140 out of 140 | elapsed:    1.9s finished
[Parallel(n_jobs=16)]: Using backend ThreadingBackend with 16 concurrent workers.
[Parallel(n_jobs=16)]: Done  18 tasks      | elapsed:    0.2s
[Parallel(n_jobs=16)]: Done 140 out of 140 | elapsed:    0.6s finished
[Parallel(n_jobs=-1)]: Using backend ThreadingBackend with 16 concurrent workers.
[Parallel(n_jobs=-1)]: Done  18 tasks      | elapsed:   11.0s
[Parallel(n_jobs=-1)]: Done 100 out of 100 | elapsed:   36.5s finished
[Parallel(n_jobs=16)]: Using backend ThreadingBackend with 16 concurrent workers.
[Parallel(n_jobs=16)]: Done  18 tasks      | elapsed:    0.7s
[Parallel(n_jobs=16)]: Done 100 out of 100 | elapsed:    1.7s finished
[Parallel(n_jobs=16)]: Using backend ThreadingBackend with 16 concurrent workers.
[Parallel(n_jobs=16)]: Done  18 tasks      | elapsed:    0.2s
[Parallel(n_jobs=16)]: Done 100 out of 100 | elapsed:    0.7s finished
[Parallel(n_jobs=-1)]: Using backend ThreadingBackend with 16 concurrent workers.
[Parallel(n_jobs=-1)]: Done  18 tasks      | elapsed:    8.9s
[Parallel(n_jobs=-1)]: Done 160 out of 160 | elapsed:   53.9s finished
[Parallel(n_jobs=16)]: Using backend ThreadingBackend with 16 concurrent workers.
[Parallel(n_jobs=16)]: Done  18 tasks      | elapsed:    0.6s
[Parallel(n_jobs=16)]: Done 160 out of 160 | elapsed:    2.4s finished
[Parallel(n_jobs=16)]: Using backend ThreadingBackend with 16 concurrent workers.
[Parallel(n_jobs=16)]: Done  18 tasks      | elapsed:    0.2s
[Parallel(n_jobs=16)]: Done 160 out of 160 | elapsed:    0.6s finished
[Parallel(n_jobs=-1)]: Using backend ThreadingBackend with 16 concurrent workers.
[Parallel(n_jobs=-1)]: Done  18 tasks      | elapsed:    9.1s
[Parallel(n_jobs=-1)]: Done 168 tasks      | elapsed:   55.0s
[Parallel(n_jobs=-1)]: Done 260 out of 260 | elapsed:  1.4min finished
[Parallel(n_jobs=16)]: Using backend ThreadingBackend with 16 concurrent workers.
[Parallel(n_jobs=16)]: Done  18 tasks      | elapsed:    0.5s
[Parallel(n_jobs=16)]: Done 168 tasks      | elapsed:    2.2s
[Parallel(n_jobs=16)]: Done 260 out of 260 | elapsed:    3.0s finished
[Parallel(n_jobs=16)]: Using backend ThreadingBackend with 16 concurrent workers.
[Parallel(n_jobs=16)]: Done  18 tasks      | elapsed:    0.1s
[Parallel(n_jobs=16)]: Done 168 tasks      | elapsed:    0.6s
[Parallel(n_jobs=16)]: Done 260 out of 260 | elapsed:    0.8s finished
[Parallel(n_jobs=-1)]: Using backend ThreadingBackend with 16 concurrent workers.
[Parallel(n_jobs=-1)]: Done  18 tasks      | elapsed:    9.1s
[Parallel(n_jobs=-1)]: Done 168 tasks      | elapsed:   54.7s
[Parallel(n_jobs=-1)]: Done 200 out of 200 | elapsed:  1.1min finished
[Parallel(n_jobs=16)]: Using backend ThreadingBackend with 16 concurrent workers.
[Parallel(n_jobs=16)]: Done  18 tasks      | elapsed:    0.3s
[Parallel(n_jobs=16)]: Done 168 tasks      | elapsed:    1.6s
[Parallel(n_jobs=16)]: Done 200 out of 200 | elapsed:    1.8s finished
[Parallel(n_jobs=16)]: Using backend ThreadingBackend with 16 concurrent workers.
[Parallel(n_jobs=16)]: Done  18 tasks      | elapsed:    0.1s
[Parallel(n_jobs=16)]: Done 168 tasks      | elapsed:    0.5s
[Parallel(n_jobs=16)]: Done 200 out of 200 | elapsed:    0.5s finished
[Parallel(n_jobs=-1)]: Using backend ThreadingBackend with 16 concurrent workers.
[Parallel(n_jobs=-1)]: Done  18 tasks      | elapsed:    9.4s
[Parallel(n_jobs=-1)]: Done 180 out of 180 | elapsed:  1.1min finished
[Parallel(n_jobs=16)]: Using backend ThreadingBackend with 16 concurrent workers.
[Parallel(n_jobs=16)]: Done  18 tasks      | elapsed:    0.4s
[Parallel(n_jobs=16)]: Done 180 out of 180 | elapsed:    2.6s finished
[Parallel(n_jobs=16)]: Using backend ThreadingBackend with 16 concurrent workers.
[Parallel(n_jobs=16)]: Done  18 tasks      | elapsed:    0.2s
[Parallel(n_jobs=16)]: Done 180 out of 180 | elapsed:    1.2s finished
[Parallel(n_jobs=-1)]: Using backend ThreadingBackend with 16 concurrent workers.
[Parallel(n_jobs=-1)]: Done  18 tasks      | elapsed:    9.5s
[Parallel(n_jobs=-1)]: Done 168 tasks      | elapsed:   56.4s
[Parallel(n_jobs=-1)]: Done 270 out of 270 | elapsed:  1.5min finished
[Parallel(n_jobs=16)]: Using backend ThreadingBackend with 16 concurrent workers.
[Parallel(n_jobs=16)]: Done  18 tasks      | elapsed:    0.3s
[Parallel(n_jobs=16)]: Done 168 tasks      | elapsed:    1.6s
[Parallel(n_jobs=16)]: Done 270 out of 270 | elapsed:    2.5s finished
[Parallel(n_jobs=16)]: Using backend ThreadingBackend with 16 concurrent workers.
[Parallel(n_jobs=16)]: Done  18 tasks      | elapsed:    0.1s
[Parallel(n_jobs=16)]: Done 168 tasks      | elapsed:    0.6s
[Parallel(n_jobs=16)]: Done 270 out of 270 | elapsed:    0.9s finished
[Parallel(n_jobs=-1)]: Using backend ThreadingBackend with 16 concurrent workers.
[Parallel(n_jobs=-1)]: Done  18 tasks      | elapsed:   10.4s
[Parallel(n_jobs=-1)]: Done 150 out of 150 | elapsed:   50.8s finished
[Parallel(n_jobs=16)]: Using backend ThreadingBackend with 16 concurrent workers.
[Parallel(n_jobs=16)]: Done  18 tasks      | elapsed:    0.2s
[Parallel(n_jobs=16)]: Done 150 out of 150 | elapsed:    1.3s finished
[Parallel(n_jobs=16)]: Using backend ThreadingBackend with 16 concurrent workers.
[Parallel(n_jobs=16)]: Done  18 tasks      | elapsed:    0.1s
[Parallel(n_jobs=16)]: Done 150 out of 150 | elapsed:    0.4s finished
[Parallel(n_jobs=-1)]: Using backend ThreadingBackend with 16 concurrent workers.
[Parallel(n_jobs=-1)]: Done  18 tasks      | elapsed:    9.5s
[Parallel(n_jobs=-1)]: Done 160 out of 160 | elapsed:   55.1s finished
[Parallel(n_jobs=16)]: Using backend ThreadingBackend with 16 concurrent workers.
[Parallel(n_jobs=16)]: Done  18 tasks      | elapsed:    0.6s
[Parallel(n_jobs=16)]: Done 160 out of 160 | elapsed:    2.1s finished
[Parallel(n_jobs=16)]: Using backend ThreadingBackend with 16 concurrent workers.
[Parallel(n_jobs=16)]: Done  18 tasks      | elapsed:    0.2s
[Parallel(n_jobs=16)]: Done 160 out of 160 | elapsed:    0.7s finished
[Parallel(n_jobs=-1)]: Using backend ThreadingBackend with 16 concurrent workers.
[Parallel(n_jobs=-1)]: Done  18 tasks      | elapsed:   10.3s
[Parallel(n_jobs=-1)]: Done 168 tasks      | elapsed:   57.8s
[Parallel(n_jobs=-1)]: Done 300 out of 300 | elapsed:  1.7min finished
[Parallel(n_jobs=16)]: Using backend ThreadingBackend with 16 concurrent workers.
[Parallel(n_jobs=16)]: Done  18 tasks      | elapsed:    0.6s
[Parallel(n_jobs=16)]: Done 168 tasks      | elapsed:    2.4s
[Parallel(n_jobs=16)]: Done 300 out of 300 | elapsed:    3.7s finished
[Parallel(n_jobs=16)]: Using backend ThreadingBackend with 16 concurrent workers.
[Parallel(n_jobs=16)]: Done  18 tasks      | elapsed:    0.1s
[Parallel(n_jobs=16)]: Done 168 tasks      | elapsed:    0.5s
[Parallel(n_jobs=16)]: Done 300 out of 300 | elapsed:    0.8s finished
[Parallel(n_jobs=-1)]: Using backend ThreadingBackend with 16 concurrent workers.
[Parallel(n_jobs=-1)]: Done  18 tasks      | elapsed:    9.0s
[Parallel(n_jobs=-1)]: Done 168 tasks      | elapsed:   57.0s
[Parallel(n_jobs=-1)]: Done 240 out of 240 | elapsed:  1.3min finished
[Parallel(n_jobs=16)]: Using backend ThreadingBackend with 16 concurrent workers.
[Parallel(n_jobs=16)]: Done  18 tasks      | elapsed:    0.5s
[Parallel(n_jobs=16)]: Done 168 tasks      | elapsed:    2.2s
[Parallel(n_jobs=16)]: Done 240 out of 240 | elapsed:    2.8s finished
[Parallel(n_jobs=16)]: Using backend ThreadingBackend with 16 concurrent workers.
[Parallel(n_jobs=16)]: Done  18 tasks      | elapsed:    0.2s
[Parallel(n_jobs=16)]: Done 168 tasks      | elapsed:    0.6s
[Parallel(n_jobs=16)]: Done 240 out of 240 | elapsed:    0.8s finished
[Parallel(n_jobs=-1)]: Using backend ThreadingBackend with 16 concurrent workers.
[Parallel(n_jobs=-1)]: Done  18 tasks      | elapsed:    9.9s
[Parallel(n_jobs=-1)]: Done 168 tasks      | elapsed:   57.6s
[Parallel(n_jobs=-1)]: Done 280 out of 280 | elapsed:  1.6min finished
[Parallel(n_jobs=16)]: Using backend ThreadingBackend with 16 concurrent workers.
[Parallel(n_jobs=16)]: Done  18 tasks      | elapsed:    0.7s
[Parallel(n_jobs=16)]: Done 168 tasks      | elapsed:    3.3s
[Parallel(n_jobs=16)]: Done 280 out of 280 | elapsed:    4.4s finished
[Parallel(n_jobs=16)]: Using backend ThreadingBackend with 16 concurrent workers.
[Parallel(n_jobs=16)]: Done  18 tasks      | elapsed:    0.2s
[Parallel(n_jobs=16)]: Done 168 tasks      | elapsed:    0.8s
[Parallel(n_jobs=16)]: Done 280 out of 280 | elapsed:    1.1s finished
[Parallel(n_jobs=-1)]: Using backend ThreadingBackend with 16 concurrent workers.
[Parallel(n_jobs=-1)]: Done  18 tasks      | elapsed:    9.6s
[Parallel(n_jobs=-1)]: Done 110 out of 110 | elapsed:   39.2s finished
[Parallel(n_jobs=16)]: Using backend ThreadingBackend with 16 concurrent workers.
[Parallel(n_jobs=16)]: Done  18 tasks      | elapsed:    0.3s
[Parallel(n_jobs=16)]: Done 110 out of 110 | elapsed:    1.2s finished
[Parallel(n_jobs=16)]: Using backend ThreadingBackend with 16 concurrent workers.
[Parallel(n_jobs=16)]: Done  18 tasks      | elapsed:    0.1s
[Parallel(n_jobs=16)]: Done 110 out of 110 | elapsed:    0.4s finished
[Parallel(n_jobs=-1)]: Using backend ThreadingBackend with 16 concurrent workers.
[Parallel(n_jobs=-1)]: Done  18 tasks      | elapsed:    8.9s
[Parallel(n_jobs=-1)]: Done 140 out of 140 | elapsed:   46.0s finished
[Parallel(n_jobs=16)]: Using backend ThreadingBackend with 16 concurrent workers.
[Parallel(n_jobs=16)]: Done  18 tasks      | elapsed:    0.3s
[Parallel(n_jobs=16)]: Done 140 out of 140 | elapsed:    1.3s finished
[Parallel(n_jobs=16)]: Using backend ThreadingBackend with 16 concurrent workers.
[Parallel(n_jobs=16)]: Done  18 tasks      | elapsed:    0.1s
[Parallel(n_jobs=16)]: Done 140 out of 140 | elapsed:    0.4s finished
[Parallel(n_jobs=-1)]: Using backend ThreadingBackend with 16 concurrent workers.
[Parallel(n_jobs=-1)]: Done  18 tasks      | elapsed:    9.1s
[Parallel(n_jobs=-1)]: Done 140 out of 140 | elapsed:   47.8s finished
[Parallel(n_jobs=16)]: Using backend ThreadingBackend with 16 concurrent workers.
[Parallel(n_jobs=16)]: Done  18 tasks      | elapsed:    0.5s
[Parallel(n_jobs=16)]: Done 140 out of 140 | elapsed:    2.9s finished
[Parallel(n_jobs=16)]: Using backend ThreadingBackend with 16 concurrent workers.
[Parallel(n_jobs=16)]: Done  18 tasks      | elapsed:    0.1s
[Parallel(n_jobs=16)]: Done 140 out of 140 | elapsed:    0.4s finished
[Parallel(n_jobs=-1)]: Using backend ThreadingBackend with 16 concurrent workers.
[Parallel(n_jobs=-1)]: Done  18 tasks      | elapsed:    9.7s
[Parallel(n_jobs=-1)]: Done 160 out of 160 | elapsed:   53.3s finished
[Parallel(n_jobs=16)]: Using backend ThreadingBackend with 16 concurrent workers.
[Parallel(n_jobs=16)]: Done  18 tasks      | elapsed:    0.4s
[Parallel(n_jobs=16)]: Done 160 out of 160 | elapsed:    1.9s finished
[Parallel(n_jobs=16)]: Using backend ThreadingBackend with 16 concurrent workers.
[Parallel(n_jobs=16)]: Done  18 tasks      | elapsed:    0.1s
[Parallel(n_jobs=16)]: Done 160 out of 160 | elapsed:    0.4s finished
[Parallel(n_jobs=-1)]: Using backend ThreadingBackend with 16 concurrent workers.
[Parallel(n_jobs=-1)]: Done  18 tasks      | elapsed:    9.5s
[Parallel(n_jobs=-1)]: Done 168 tasks      | elapsed:   56.4s
[Parallel(n_jobs=-1)]: Done 250 out of 250 | elapsed:  1.4min finished
[Parallel(n_jobs=16)]: Using backend ThreadingBackend with 16 concurrent workers.
[Parallel(n_jobs=16)]: Done  18 tasks      | elapsed:    0.3s
[Parallel(n_jobs=16)]: Done 168 tasks      | elapsed:    1.7s
[Parallel(n_jobs=16)]: Done 250 out of 250 | elapsed:    2.4s finished
[Parallel(n_jobs=16)]: Using backend ThreadingBackend with 16 concurrent workers.
[Parallel(n_jobs=16)]: Done  18 tasks      | elapsed:    0.1s
[Parallel(n_jobs=16)]: Done 168 tasks      | elapsed:    0.5s
[Parallel(n_jobs=16)]: Done 250 out of 250 | elapsed:    0.7s finished
[Parallel(n_jobs=-1)]: Using backend ThreadingBackend with 16 concurrent workers.
[Parallel(n_jobs=-1)]: Done  18 tasks      | elapsed:    9.9s
[Parallel(n_jobs=-1)]: Done 170 out of 170 | elapsed:   59.9s finished
[Parallel(n_jobs=16)]: Using backend ThreadingBackend with 16 concurrent workers.
[Parallel(n_jobs=16)]: Done  18 tasks      | elapsed:    0.8s
[Parallel(n_jobs=16)]: Done 170 out of 170 | elapsed:    2.8s finished
[Parallel(n_jobs=16)]: Using backend ThreadingBackend with 16 concurrent workers.
[Parallel(n_jobs=16)]: Done  18 tasks      | elapsed:    0.2s
[Parallel(n_jobs=16)]: Done 170 out of 170 | elapsed:    1.3s finished
[Parallel(n_jobs=-1)]: Using backend ThreadingBackend with 16 concurrent workers.
[Parallel(n_jobs=-1)]: Done  18 tasks      | elapsed:    8.9s
[Parallel(n_jobs=-1)]: Done 190 out of 190 | elapsed:  1.0min finished
[Parallel(n_jobs=16)]: Using backend ThreadingBackend with 16 concurrent workers.
[Parallel(n_jobs=16)]: Done  18 tasks      | elapsed:    0.4s
[Parallel(n_jobs=16)]: Done 190 out of 190 | elapsed:    1.8s finished
[Parallel(n_jobs=16)]: Using backend ThreadingBackend with 16 concurrent workers.
[Parallel(n_jobs=16)]: Done  18 tasks      | elapsed:    0.1s
[Parallel(n_jobs=16)]: Done 190 out of 190 | elapsed:    1.0s finished
[Parallel(n_jobs=-1)]: Using backend ThreadingBackend with 16 concurrent workers.
[Parallel(n_jobs=-1)]: Done  18 tasks      | elapsed:   10.5s
[Parallel(n_jobs=-1)]: Done 168 tasks      | elapsed:  1.0min
[Parallel(n_jobs=-1)]: Done 260 out of 260 | elapsed:  1.6min finished
[Parallel(n_jobs=16)]: Using backend ThreadingBackend with 16 concurrent workers.
[Parallel(n_jobs=16)]: Done  18 tasks      | elapsed:    0.7s
[Parallel(n_jobs=16)]: Done 168 tasks      | elapsed:    2.7s
[Parallel(n_jobs=16)]: Done 260 out of 260 | elapsed:    4.1s finished
[Parallel(n_jobs=16)]: Using backend ThreadingBackend with 16 concurrent workers.
[Parallel(n_jobs=16)]: Done  18 tasks      | elapsed:    0.2s
[Parallel(n_jobs=16)]: Done 168 tasks      | elapsed:    0.6s
[Parallel(n_jobs=16)]: Done 260 out of 260 | elapsed:    0.9s finished
[Parallel(n_jobs=-1)]: Using backend ThreadingBackend with 16 concurrent workers.
[Parallel(n_jobs=-1)]: Done  18 tasks      | elapsed:    8.8s
[Parallel(n_jobs=-1)]: Done 120 out of 120 | elapsed:   39.1s finished
[Parallel(n_jobs=16)]: Using backend ThreadingBackend with 16 concurrent workers.
[Parallel(n_jobs=16)]: Done  18 tasks      | elapsed:    0.5s
[Parallel(n_jobs=16)]: Done 120 out of 120 | elapsed:    1.6s finished
[Parallel(n_jobs=16)]: Using backend ThreadingBackend with 16 concurrent workers.
[Parallel(n_jobs=16)]: Done  18 tasks      | elapsed:    0.1s
[Parallel(n_jobs=16)]: Done 120 out of 120 | elapsed:    0.4s finished
[Parallel(n_jobs=-1)]: Using backend ThreadingBackend with 16 concurrent workers.
[Parallel(n_jobs=-1)]: Done  18 tasks      | elapsed:    9.1s
[Parallel(n_jobs=-1)]: Done 168 tasks      | elapsed:   54.8s
[Parallel(n_jobs=-1)]: Done 250 out of 250 | elapsed:  1.3min finished
[Parallel(n_jobs=16)]: Using backend ThreadingBackend with 16 concurrent workers.
[Parallel(n_jobs=16)]: Done  18 tasks      | elapsed:    0.4s
[Parallel(n_jobs=16)]: Done 168 tasks      | elapsed:    1.8s
[Parallel(n_jobs=16)]: Done 250 out of 250 | elapsed:    2.4s finished
[Parallel(n_jobs=16)]: Using backend ThreadingBackend with 16 concurrent workers.
[Parallel(n_jobs=16)]: Done  18 tasks      | elapsed:    0.1s
[Parallel(n_jobs=16)]: Done 168 tasks      | elapsed:    0.5s
[Parallel(n_jobs=16)]: Done 250 out of 250 | elapsed:    0.7s finished
[Parallel(n_jobs=-1)]: Using backend ThreadingBackend with 16 concurrent workers.
[Parallel(n_jobs=-1)]: Done  18 tasks      | elapsed:    9.8s
[Parallel(n_jobs=-1)]: Done 140 out of 140 | elapsed:   47.6s finished
[Parallel(n_jobs=16)]: Using backend ThreadingBackend with 16 concurrent workers.
[Parallel(n_jobs=16)]: Done  18 tasks      | elapsed:    0.4s
[Parallel(n_jobs=16)]: Done 140 out of 140 | elapsed:    1.6s finished
[Parallel(n_jobs=16)]: Using backend ThreadingBackend with 16 concurrent workers.
[Parallel(n_jobs=16)]: Done  18 tasks      | elapsed:    0.2s
[Parallel(n_jobs=16)]: Done 140 out of 140 | elapsed:    0.4s finished
[Parallel(n_jobs=-1)]: Using backend ThreadingBackend with 16 concurrent workers.
[Parallel(n_jobs=-1)]: Done  18 tasks      | elapsed:    9.5s
[Parallel(n_jobs=-1)]: Done 168 tasks      | elapsed:  1.0min
[Parallel(n_jobs=-1)]: Done 300 out of 300 | elapsed:  1.7min finished
[Parallel(n_jobs=16)]: Using backend ThreadingBackend with 16 concurrent workers.
[Parallel(n_jobs=16)]: Done  18 tasks      | elapsed:    0.5s
[Parallel(n_jobs=16)]: Done 168 tasks      | elapsed:    2.7s
[Parallel(n_jobs=16)]: Done 300 out of 300 | elapsed:    4.5s finished
[Parallel(n_jobs=16)]: Using backend ThreadingBackend with 16 concurrent workers.
[Parallel(n_jobs=16)]: Done  18 tasks      | elapsed:    0.3s
[Parallel(n_jobs=16)]: Done 168 tasks      | elapsed:    0.8s
[Parallel(n_jobs=16)]: Done 300 out of 300 | elapsed:    1.2s finished
[Parallel(n_jobs=-1)]: Using backend ThreadingBackend with 16 concurrent workers.
[Parallel(n_jobs=-1)]: Done  18 tasks      | elapsed:    9.1s
[Parallel(n_jobs=-1)]: Done 168 tasks      | elapsed:   56.0s
[Parallel(n_jobs=-1)]: Done 210 out of 210 | elapsed:  1.1min finished
[Parallel(n_jobs=16)]: Using backend ThreadingBackend with 16 concurrent workers.
[Parallel(n_jobs=16)]: Done  18 tasks      | elapsed:    0.4s
[Parallel(n_jobs=16)]: Done 168 tasks      | elapsed:    1.7s
[Parallel(n_jobs=16)]: Done 210 out of 210 | elapsed:    2.1s finished
[Parallel(n_jobs=16)]: Using backend ThreadingBackend with 16 concurrent workers.
[Parallel(n_jobs=16)]: Done  18 tasks      | elapsed:    0.1s
[Parallel(n_jobs=16)]: Done 168 tasks      | elapsed:    0.8s
[Parallel(n_jobs=16)]: Done 210 out of 210 | elapsed:    0.9s finished
[Parallel(n_jobs=-1)]: Using backend ThreadingBackend with 16 concurrent workers.
[Parallel(n_jobs=-1)]: Done  18 tasks      | elapsed:    9.8s
[Parallel(n_jobs=-1)]: Done 140 out of 140 | elapsed:   46.7s finished
[Parallel(n_jobs=16)]: Using backend ThreadingBackend with 16 concurrent workers.
[Parallel(n_jobs=16)]: Done  18 tasks      | elapsed:    0.5s
[Parallel(n_jobs=16)]: Done 140 out of 140 | elapsed:    2.2s finished
[Parallel(n_jobs=16)]: Using backend ThreadingBackend with 16 concurrent workers.
[Parallel(n_jobs=16)]: Done  18 tasks      | elapsed:    0.1s
[Parallel(n_jobs=16)]: Done 140 out of 140 | elapsed:    0.4s finished
[Parallel(n_jobs=-1)]: Using backend ThreadingBackend with 16 concurrent workers.
[Parallel(n_jobs=-1)]: Done  18 tasks      | elapsed:    9.5s
[Parallel(n_jobs=-1)]: Done 120 out of 120 | elapsed:   40.9s finished
[Parallel(n_jobs=16)]: Using backend ThreadingBackend with 16 concurrent workers.
[Parallel(n_jobs=16)]: Done  18 tasks      | elapsed:    0.5s
[Parallel(n_jobs=16)]: Done 120 out of 120 | elapsed:    1.6s finished
[Parallel(n_jobs=16)]: Using backend ThreadingBackend with 16 concurrent workers.
[Parallel(n_jobs=16)]: Done  18 tasks      | elapsed:    0.1s
[Parallel(n_jobs=16)]: Done 120 out of 120 | elapsed:    0.5s finished
[Parallel(n_jobs=-1)]: Using backend ThreadingBackend with 16 concurrent workers.
[Parallel(n_jobs=-1)]: Done  18 tasks      | elapsed:   10.3s
[Parallel(n_jobs=-1)]: Done 168 tasks      | elapsed:  1.0min
[Parallel(n_jobs=-1)]: Done 280 out of 280 | elapsed:  1.6min finished
[Parallel(n_jobs=16)]: Using backend ThreadingBackend with 16 concurrent workers.
[Parallel(n_jobs=16)]: Done  18 tasks      | elapsed:    0.4s
[Parallel(n_jobs=16)]: Done 168 tasks      | elapsed:    2.8s
[Parallel(n_jobs=16)]: Done 280 out of 280 | elapsed:    4.7s finished
[Parallel(n_jobs=16)]: Using backend ThreadingBackend with 16 concurrent workers.
[Parallel(n_jobs=16)]: Done  18 tasks      | elapsed:    0.2s
[Parallel(n_jobs=16)]: Done 168 tasks      | elapsed:    0.9s
[Parallel(n_jobs=16)]: Done 280 out of 280 | elapsed:    1.2s finished
[Parallel(n_jobs=-1)]: Using backend ThreadingBackend with 16 concurrent workers.
[Parallel(n_jobs=-1)]: Done  18 tasks      | elapsed:    9.4s
[Parallel(n_jobs=-1)]: Done 168 tasks      | elapsed:   54.2s
[Parallel(n_jobs=-1)]: Done 260 out of 260 | elapsed:  1.4min finished
[Parallel(n_jobs=16)]: Using backend ThreadingBackend with 16 concurrent workers.
[Parallel(n_jobs=16)]: Done  18 tasks      | elapsed:    0.6s
[Parallel(n_jobs=16)]: Done 168 tasks      | elapsed:    2.1s
[Parallel(n_jobs=16)]: Done 260 out of 260 | elapsed:    2.9s finished
[Parallel(n_jobs=16)]: Using backend ThreadingBackend with 16 concurrent workers.
[Parallel(n_jobs=16)]: Done  18 tasks      | elapsed:    0.1s
[Parallel(n_jobs=16)]: Done 168 tasks      | elapsed:    0.5s
[Parallel(n_jobs=16)]: Done 260 out of 260 | elapsed:    0.7s finished
[Parallel(n_jobs=-1)]: Using backend ThreadingBackend with 16 concurrent workers.
[Parallel(n_jobs=-1)]: Done  18 tasks      | elapsed:    9.7s
[Parallel(n_jobs=-1)]: Done 168 tasks      | elapsed:   57.4s
[Parallel(n_jobs=-1)]: Done 260 out of 260 | elapsed:  1.4min finished
[Parallel(n_jobs=16)]: Using backend ThreadingBackend with 16 concurrent workers.
[Parallel(n_jobs=16)]: Done  18 tasks      | elapsed:    0.6s
[Parallel(n_jobs=16)]: Done 168 tasks      | elapsed:    2.4s
[Parallel(n_jobs=16)]: Done 260 out of 260 | elapsed:    3.2s finished
[Parallel(n_jobs=16)]: Using backend ThreadingBackend with 16 concurrent workers.
[Parallel(n_jobs=16)]: Done  18 tasks      | elapsed:    0.2s
[Parallel(n_jobs=16)]: Done 168 tasks      | elapsed:    0.9s
[Parallel(n_jobs=16)]: Done 260 out of 260 | elapsed:    1.1s finished
[Parallel(n_jobs=-1)]: Using backend ThreadingBackend with 16 concurrent workers.
[Parallel(n_jobs=-1)]: Done  18 tasks      | elapsed:    9.6s
[Parallel(n_jobs=-1)]: Done 140 out of 140 | elapsed:   47.4s finished
[Parallel(n_jobs=16)]: Using backend ThreadingBackend with 16 concurrent workers.
[Parallel(n_jobs=16)]: Done  18 tasks      | elapsed:    0.4s
[Parallel(n_jobs=16)]: Done 140 out of 140 | elapsed:    1.6s finished
[Parallel(n_jobs=16)]: Using backend ThreadingBackend with 16 concurrent workers.
[Parallel(n_jobs=16)]: Done  18 tasks      | elapsed:    0.1s
[Parallel(n_jobs=16)]: Done 140 out of 140 | elapsed:    0.5s finished
[Parallel(n_jobs=-1)]: Using backend ThreadingBackend with 16 concurrent workers.
[Parallel(n_jobs=-1)]: Done  18 tasks      | elapsed:    9.2s
[Parallel(n_jobs=-1)]: Done 120 out of 120 | elapsed:   41.0s finished
[Parallel(n_jobs=16)]: Using backend ThreadingBackend with 16 concurrent workers.
[Parallel(n_jobs=16)]: Done  18 tasks      | elapsed:    0.6s
[Parallel(n_jobs=16)]: Done 120 out of 120 | elapsed:    1.5s finished
[Parallel(n_jobs=16)]: Using backend ThreadingBackend with 16 concurrent workers.
[Parallel(n_jobs=16)]: Done  18 tasks      | elapsed:    0.1s
[Parallel(n_jobs=16)]: Done 120 out of 120 | elapsed:    0.5s finished
[Parallel(n_jobs=-1)]: Using backend ThreadingBackend with 16 concurrent workers.
[Parallel(n_jobs=-1)]: Done  18 tasks      | elapsed:    9.0s
[Parallel(n_jobs=-1)]: Done 180 out of 180 | elapsed:  1.0min finished
[Parallel(n_jobs=16)]: Using backend ThreadingBackend with 16 concurrent workers.
[Parallel(n_jobs=16)]: Done  18 tasks      | elapsed:    0.4s
[Parallel(n_jobs=16)]: Done 180 out of 180 | elapsed:    1.9s finished
[Parallel(n_jobs=16)]: Using backend ThreadingBackend with 16 concurrent workers.
[Parallel(n_jobs=16)]: Done  18 tasks      | elapsed:    0.1s
[Parallel(n_jobs=16)]: Done 180 out of 180 | elapsed:    0.6s finished
[Parallel(n_jobs=-1)]: Using backend ThreadingBackend with 16 concurrent workers.
[Parallel(n_jobs=-1)]: Done  18 tasks      | elapsed:   10.6s
[Parallel(n_jobs=-1)]: Done 168 tasks      | elapsed:  1.0min
[Parallel(n_jobs=-1)]: Done 230 out of 230 | elapsed:  1.4min finished
[Parallel(n_jobs=16)]: Using backend ThreadingBackend with 16 concurrent workers.
[Parallel(n_jobs=16)]: Done  18 tasks      | elapsed:    0.5s
[Parallel(n_jobs=16)]: Done 168 tasks      | elapsed:    2.5s
[Parallel(n_jobs=16)]: Done 230 out of 230 | elapsed:    3.4s finished
[Parallel(n_jobs=16)]: Using backend ThreadingBackend with 16 concurrent workers.
[Parallel(n_jobs=16)]: Done  18 tasks      | elapsed:    0.2s
[Parallel(n_jobs=16)]: Done 168 tasks      | elapsed:    0.9s
[Parallel(n_jobs=16)]: Done 230 out of 230 | elapsed:    1.1s finished
[Parallel(n_jobs=-1)]: Using backend ThreadingBackend with 16 concurrent workers.
[Parallel(n_jobs=-1)]: Done  18 tasks      | elapsed:    9.8s
[Parallel(n_jobs=-1)]: Done 168 tasks      | elapsed:  1.0min
[Parallel(n_jobs=-1)]: Done 240 out of 240 | elapsed:  1.4min finished
[Parallel(n_jobs=16)]: Using backend ThreadingBackend with 16 concurrent workers.
[Parallel(n_jobs=16)]: Done  18 tasks      | elapsed:    0.5s
[Parallel(n_jobs=16)]: Done 168 tasks      | elapsed:    2.7s
[Parallel(n_jobs=16)]: Done 240 out of 240 | elapsed:    3.7s finished
[Parallel(n_jobs=16)]: Using backend ThreadingBackend with 16 concurrent workers.
[Parallel(n_jobs=16)]: Done  18 tasks      | elapsed:    0.2s
[Parallel(n_jobs=16)]: Done 168 tasks      | elapsed:    0.7s
[Parallel(n_jobs=16)]: Done 240 out of 240 | elapsed:    0.9s finished
[Parallel(n_jobs=-1)]: Using backend ThreadingBackend with 16 concurrent workers.
[Parallel(n_jobs=-1)]: Done  18 tasks      | elapsed:   10.0s
[Parallel(n_jobs=-1)]: Done 168 tasks      | elapsed:   57.7s
[Parallel(n_jobs=-1)]: Done 210 out of 210 | elapsed:  1.2min finished
[Parallel(n_jobs=16)]: Using backend ThreadingBackend with 16 concurrent workers.
[Parallel(n_jobs=16)]: Done  18 tasks      | elapsed:    0.4s
[Parallel(n_jobs=16)]: Done 168 tasks      | elapsed:    1.7s
[Parallel(n_jobs=16)]: Done 210 out of 210 | elapsed:    2.0s finished
[Parallel(n_jobs=16)]: Using backend ThreadingBackend with 16 concurrent workers.
[Parallel(n_jobs=16)]: Done  18 tasks      | elapsed:    0.1s
[Parallel(n_jobs=16)]: Done 168 tasks      | elapsed:    0.6s
[Parallel(n_jobs=16)]: Done 210 out of 210 | elapsed:    0.7s finished
[Parallel(n_jobs=-1)]: Using backend ThreadingBackend with 16 concurrent workers.
[Parallel(n_jobs=-1)]: Done  18 tasks      | elapsed:    8.9s
[Parallel(n_jobs=-1)]: Done 168 tasks      | elapsed:   54.6s
[Parallel(n_jobs=-1)]: Done 270 out of 270 | elapsed:  1.4min finished
[Parallel(n_jobs=16)]: Using backend ThreadingBackend with 16 concurrent workers.
[Parallel(n_jobs=16)]: Done  18 tasks      | elapsed:    0.5s
[Parallel(n_jobs=16)]: Done 168 tasks      | elapsed:    3.2s
[Parallel(n_jobs=16)]: Done 270 out of 270 | elapsed:    4.1s finished
[Parallel(n_jobs=16)]: Using backend ThreadingBackend with 16 concurrent workers.
[Parallel(n_jobs=16)]: Done  18 tasks      | elapsed:    0.2s
[Parallel(n_jobs=16)]: Done 168 tasks      | elapsed:    0.6s
[Parallel(n_jobs=16)]: Done 270 out of 270 | elapsed:    0.9s finished
[Parallel(n_jobs=-1)]: Using backend ThreadingBackend with 16 concurrent workers.
[Parallel(n_jobs=-1)]: Done  18 tasks      | elapsed:    9.3s
[Parallel(n_jobs=-1)]: Done 168 tasks      | elapsed:   55.7s
[Parallel(n_jobs=-1)]: Done 260 out of 260 | elapsed:  1.4min finished
[Parallel(n_jobs=16)]: Using backend ThreadingBackend with 16 concurrent workers.
[Parallel(n_jobs=16)]: Done  18 tasks      | elapsed:    0.3s
[Parallel(n_jobs=16)]: Done 168 tasks      | elapsed:    1.6s
[Parallel(n_jobs=16)]: Done 260 out of 260 | elapsed:    2.3s finished
[Parallel(n_jobs=16)]: Using backend ThreadingBackend with 16 concurrent workers.
[Parallel(n_jobs=16)]: Done  18 tasks      | elapsed:    0.1s
[Parallel(n_jobs=16)]: Done 168 tasks      | elapsed:    0.5s
[Parallel(n_jobs=16)]: Done 260 out of 260 | elapsed:    0.8s finished
[Parallel(n_jobs=-1)]: Using backend ThreadingBackend with 16 concurrent workers.
[Parallel(n_jobs=-1)]: Done  18 tasks      | elapsed:    9.8s
[Parallel(n_jobs=-1)]: Done 168 tasks      | elapsed:   55.4s
[Parallel(n_jobs=-1)]: Done 200 out of 200 | elapsed:  1.1min finished
[Parallel(n_jobs=16)]: Using backend ThreadingBackend with 16 concurrent workers.
[Parallel(n_jobs=16)]: Done  18 tasks      | elapsed:    0.3s
[Parallel(n_jobs=16)]: Done 168 tasks      | elapsed:    1.6s
[Parallel(n_jobs=16)]: Done 200 out of 200 | elapsed:    1.9s finished
[Parallel(n_jobs=16)]: Using backend ThreadingBackend with 16 concurrent workers.
[Parallel(n_jobs=16)]: Done  18 tasks      | elapsed:    0.1s
[Parallel(n_jobs=16)]: Done 168 tasks      | elapsed:    0.5s
[Parallel(n_jobs=16)]: Done 200 out of 200 | elapsed:    0.5s finished
[Parallel(n_jobs=-1)]: Using backend ThreadingBackend with 16 concurrent workers.
[Parallel(n_jobs=-1)]: Done  18 tasks      | elapsed:   10.4s
[Parallel(n_jobs=-1)]: Done 130 out of 130 | elapsed:   45.5s finished
[Parallel(n_jobs=16)]: Using backend ThreadingBackend with 16 concurrent workers.
[Parallel(n_jobs=16)]: Done  18 tasks      | elapsed:    0.4s
[Parallel(n_jobs=16)]: Done 130 out of 130 | elapsed:    1.6s finished
[Parallel(n_jobs=16)]: Using backend ThreadingBackend with 16 concurrent workers.
[Parallel(n_jobs=16)]: Done  18 tasks      | elapsed:    0.2s
[Parallel(n_jobs=16)]: Done 130 out of 130 | elapsed:    0.6s finished
[Parallel(n_jobs=-1)]: Using backend ThreadingBackend with 16 concurrent workers.
[Parallel(n_jobs=-1)]: Done  18 tasks      | elapsed:    9.2s
[Parallel(n_jobs=-1)]: Done 168 tasks      | elapsed:   55.7s
[Parallel(n_jobs=-1)]: Done 280 out of 280 | elapsed:  1.5min finished
[Parallel(n_jobs=16)]: Using backend ThreadingBackend with 16 concurrent workers.
[Parallel(n_jobs=16)]: Done  18 tasks      | elapsed:    0.5s
[Parallel(n_jobs=16)]: Done 168 tasks      | elapsed:    2.1s
[Parallel(n_jobs=16)]: Done 280 out of 280 | elapsed:    3.0s finished
[Parallel(n_jobs=16)]: Using backend ThreadingBackend with 16 concurrent workers.
[Parallel(n_jobs=16)]: Done  18 tasks      | elapsed:    0.2s
[Parallel(n_jobs=16)]: Done 168 tasks      | elapsed:    0.8s
[Parallel(n_jobs=16)]: Done 280 out of 280 | elapsed:    1.1s finished
[Parallel(n_jobs=-1)]: Using backend ThreadingBackend with 16 concurrent workers.
[Parallel(n_jobs=-1)]: Done  18 tasks      | elapsed:    9.6s
[Parallel(n_jobs=-1)]: Done 168 tasks      | elapsed:   53.3s
[Parallel(n_jobs=-1)]: Done 230 out of 230 | elapsed:  1.2min finished
[Parallel(n_jobs=16)]: Using backend ThreadingBackend with 16 concurrent workers.
[Parallel(n_jobs=16)]: Done  18 tasks      | elapsed:    0.5s
[Parallel(n_jobs=16)]: Done 168 tasks      | elapsed:    2.9s
[Parallel(n_jobs=16)]: Done 230 out of 230 | elapsed:    3.4s finished
[Parallel(n_jobs=16)]: Using backend ThreadingBackend with 16 concurrent workers.
[Parallel(n_jobs=16)]: Done  18 tasks      | elapsed:    0.1s
[Parallel(n_jobs=16)]: Done 168 tasks      | elapsed:    0.6s
[Parallel(n_jobs=16)]: Done 230 out of 230 | elapsed:    0.7s finished
