slurmstepd: error: execve(): module: No such file or directory
srun: error: node-0289: task 0: Exited with exit code 2
srun: launch/slurm: _step_signal: Terminating StepId=35126294.0
slurmstepd: error: execve(): source: No such file or directory
srun: error: node-0289: task 0: Exited with exit code 2
srun: launch/slurm: _step_signal: Terminating StepId=35126294.1
INFO:sherpa.core:
-------------------------------------------------------
SHERPA Dashboard running. Access via
http://10.100.1.33:8880 if on a cluster or
http://localhost:8880 if running locally.
-------------------------------------------------------
WARNING:werkzeug: * Running on all addresses.
   WARNING: This is a development server. Do not use it in a production deployment.
[Parallel(n_jobs=-1)]: Using backend ThreadingBackend with 16 concurrent workers.
[Parallel(n_jobs=-1)]: Done  18 tasks      | elapsed:   10.3s
[Parallel(n_jobs=-1)]: Done 100 out of 100 | elapsed:   33.1s finished
[Parallel(n_jobs=16)]: Using backend ThreadingBackend with 16 concurrent workers.
[Parallel(n_jobs=16)]: Done  18 tasks      | elapsed:    0.8s
[Parallel(n_jobs=16)]: Done 100 out of 100 | elapsed:    1.9s finished
[Parallel(n_jobs=16)]: Using backend ThreadingBackend with 16 concurrent workers.
[Parallel(n_jobs=16)]: Done  18 tasks      | elapsed:    0.1s
[Parallel(n_jobs=16)]: Done 100 out of 100 | elapsed:    0.4s finished
[Parallel(n_jobs=-1)]: Using backend ThreadingBackend with 16 concurrent workers.
[Parallel(n_jobs=-1)]: Done  18 tasks      | elapsed:    9.5s
[Parallel(n_jobs=-1)]: Done 100 out of 100 | elapsed:   31.0s finished
[Parallel(n_jobs=16)]: Using backend ThreadingBackend with 16 concurrent workers.
[Parallel(n_jobs=16)]: Done  18 tasks      | elapsed:    0.8s
[Parallel(n_jobs=16)]: Done 100 out of 100 | elapsed:    1.8s finished
[Parallel(n_jobs=16)]: Using backend ThreadingBackend with 16 concurrent workers.
[Parallel(n_jobs=16)]: Done  18 tasks      | elapsed:    0.1s
[Parallel(n_jobs=16)]: Done 100 out of 100 | elapsed:    0.5s finished
[Parallel(n_jobs=-1)]: Using backend ThreadingBackend with 16 concurrent workers.
[Parallel(n_jobs=-1)]: Done  18 tasks      | elapsed:    8.8s
[Parallel(n_jobs=-1)]: Done 180 out of 180 | elapsed:   54.8s finished
[Parallel(n_jobs=16)]: Using backend ThreadingBackend with 16 concurrent workers.
[Parallel(n_jobs=16)]: Done  18 tasks      | elapsed:    0.4s
[Parallel(n_jobs=16)]: Done 180 out of 180 | elapsed:    2.6s finished
[Parallel(n_jobs=16)]: Using backend ThreadingBackend with 16 concurrent workers.
[Parallel(n_jobs=16)]: Done  18 tasks      | elapsed:    0.1s
[Parallel(n_jobs=16)]: Done 180 out of 180 | elapsed:    0.6s finished
[Parallel(n_jobs=-1)]: Using backend ThreadingBackend with 16 concurrent workers.
[Parallel(n_jobs=-1)]: Done  18 tasks      | elapsed:    8.1s
[Parallel(n_jobs=-1)]: Done 100 out of 100 | elapsed:   30.1s finished
[Parallel(n_jobs=16)]: Using backend ThreadingBackend with 16 concurrent workers.
[Parallel(n_jobs=16)]: Done  18 tasks      | elapsed:    0.4s
[Parallel(n_jobs=16)]: Done 100 out of 100 | elapsed:    1.3s finished
[Parallel(n_jobs=16)]: Using backend ThreadingBackend with 16 concurrent workers.
[Parallel(n_jobs=16)]: Done  18 tasks      | elapsed:    0.2s
[Parallel(n_jobs=16)]: Done 100 out of 100 | elapsed:    0.5s finished
[Parallel(n_jobs=-1)]: Using backend ThreadingBackend with 16 concurrent workers.
[Parallel(n_jobs=-1)]: Done  18 tasks      | elapsed:    8.2s
[Parallel(n_jobs=-1)]: Done 168 tasks      | elapsed:   47.3s
[Parallel(n_jobs=-1)]: Done 300 out of 300 | elapsed:  1.4min finished
[Parallel(n_jobs=16)]: Using backend ThreadingBackend with 16 concurrent workers.
[Parallel(n_jobs=16)]: Done  18 tasks      | elapsed:    0.6s
[Parallel(n_jobs=16)]: Done 168 tasks      | elapsed:    2.4s
[Parallel(n_jobs=16)]: Done 300 out of 300 | elapsed:    3.6s finished
[Parallel(n_jobs=16)]: Using backend ThreadingBackend with 16 concurrent workers.
[Parallel(n_jobs=16)]: Done  18 tasks      | elapsed:    0.1s
[Parallel(n_jobs=16)]: Done 168 tasks      | elapsed:    0.7s
[Parallel(n_jobs=16)]: Done 300 out of 300 | elapsed:    1.0s finished
[Parallel(n_jobs=-1)]: Using backend ThreadingBackend with 16 concurrent workers.
[Parallel(n_jobs=-1)]: Done  18 tasks      | elapsed:    7.8s
[Parallel(n_jobs=-1)]: Done 170 out of 170 | elapsed:   46.1s finished
[Parallel(n_jobs=16)]: Using backend ThreadingBackend with 16 concurrent workers.
[Parallel(n_jobs=16)]: Done  18 tasks      | elapsed:    0.4s
[Parallel(n_jobs=16)]: Done 170 out of 170 | elapsed:    1.6s finished
[Parallel(n_jobs=16)]: Using backend ThreadingBackend with 16 concurrent workers.
[Parallel(n_jobs=16)]: Done  18 tasks      | elapsed:    0.1s
[Parallel(n_jobs=16)]: Done 170 out of 170 | elapsed:    0.4s finished
[Parallel(n_jobs=-1)]: Using backend ThreadingBackend with 16 concurrent workers.
[Parallel(n_jobs=-1)]: Done  18 tasks      | elapsed:    7.8s
[Parallel(n_jobs=-1)]: Done 168 tasks      | elapsed:   49.6s
[Parallel(n_jobs=-1)]: Done 280 out of 280 | elapsed:  1.3min finished
[Parallel(n_jobs=16)]: Using backend ThreadingBackend with 16 concurrent workers.
[Parallel(n_jobs=16)]: Done  18 tasks      | elapsed:    0.6s
[Parallel(n_jobs=16)]: Done 168 tasks      | elapsed:    3.4s
[Parallel(n_jobs=16)]: Done 280 out of 280 | elapsed:    4.7s finished
[Parallel(n_jobs=16)]: Using backend ThreadingBackend with 16 concurrent workers.
[Parallel(n_jobs=16)]: Done  18 tasks      | elapsed:    0.1s
[Parallel(n_jobs=16)]: Done 168 tasks      | elapsed:    0.7s
[Parallel(n_jobs=16)]: Done 280 out of 280 | elapsed:    0.9s finished
[Parallel(n_jobs=-1)]: Using backend ThreadingBackend with 16 concurrent workers.
[Parallel(n_jobs=-1)]: Done  18 tasks      | elapsed:    8.7s
[Parallel(n_jobs=-1)]: Done 100 out of 100 | elapsed:   30.5s finished
[Parallel(n_jobs=16)]: Using backend ThreadingBackend with 16 concurrent workers.
[Parallel(n_jobs=16)]: Done  18 tasks      | elapsed:    0.5s
[Parallel(n_jobs=16)]: Done 100 out of 100 | elapsed:    1.8s finished
[Parallel(n_jobs=16)]: Using backend ThreadingBackend with 16 concurrent workers.
[Parallel(n_jobs=16)]: Done  18 tasks      | elapsed:    0.1s
[Parallel(n_jobs=16)]: Done 100 out of 100 | elapsed:    0.4s finished
[Parallel(n_jobs=-1)]: Using backend ThreadingBackend with 16 concurrent workers.
[Parallel(n_jobs=-1)]: Done  18 tasks      | elapsed:    8.1s
[Parallel(n_jobs=-1)]: Done 168 tasks      | elapsed:   49.4s
[Parallel(n_jobs=-1)]: Done 220 out of 220 | elapsed:  1.0min finished
[Parallel(n_jobs=16)]: Using backend ThreadingBackend with 16 concurrent workers.
[Parallel(n_jobs=16)]: Done  18 tasks      | elapsed:    0.4s
[Parallel(n_jobs=16)]: Done 168 tasks      | elapsed:    1.7s
[Parallel(n_jobs=16)]: Done 220 out of 220 | elapsed:    2.1s finished
[Parallel(n_jobs=16)]: Using backend ThreadingBackend with 16 concurrent workers.
[Parallel(n_jobs=16)]: Done  18 tasks      | elapsed:    0.2s
[Parallel(n_jobs=16)]: Done 168 tasks      | elapsed:    0.7s
[Parallel(n_jobs=16)]: Done 220 out of 220 | elapsed:    0.8s finished
[Parallel(n_jobs=-1)]: Using backend ThreadingBackend with 16 concurrent workers.
[Parallel(n_jobs=-1)]: Done  18 tasks      | elapsed:    7.5s
[Parallel(n_jobs=-1)]: Done 190 out of 190 | elapsed:   52.5s finished
[Parallel(n_jobs=16)]: Using backend ThreadingBackend with 16 concurrent workers.
[Parallel(n_jobs=16)]: Done  18 tasks      | elapsed:    0.5s
[Parallel(n_jobs=16)]: Done 190 out of 190 | elapsed:    1.9s finished
[Parallel(n_jobs=16)]: Using backend ThreadingBackend with 16 concurrent workers.
[Parallel(n_jobs=16)]: Done  18 tasks      | elapsed:    0.1s
[Parallel(n_jobs=16)]: Done 190 out of 190 | elapsed:    0.4s finished
[Parallel(n_jobs=-1)]: Using backend ThreadingBackend with 16 concurrent workers.
[Parallel(n_jobs=-1)]: Done  18 tasks      | elapsed:    9.1s
[Parallel(n_jobs=-1)]: Done 110 out of 110 | elapsed:   35.8s finished
[Parallel(n_jobs=16)]: Using backend ThreadingBackend with 16 concurrent workers.
[Parallel(n_jobs=16)]: Done  18 tasks      | elapsed:    0.3s
[Parallel(n_jobs=16)]: Done 110 out of 110 | elapsed:    1.5s finished
[Parallel(n_jobs=16)]: Using backend ThreadingBackend with 16 concurrent workers.
[Parallel(n_jobs=16)]: Done  18 tasks      | elapsed:    0.2s
[Parallel(n_jobs=16)]: Done 110 out of 110 | elapsed:    0.6s finished
[Parallel(n_jobs=-1)]: Using backend ThreadingBackend with 16 concurrent workers.
[Parallel(n_jobs=-1)]: Done  18 tasks      | elapsed:    7.7s
[Parallel(n_jobs=-1)]: Done 140 out of 140 | elapsed:   39.1s finished
[Parallel(n_jobs=16)]: Using backend ThreadingBackend with 16 concurrent workers.
[Parallel(n_jobs=16)]: Done  18 tasks      | elapsed:    0.5s
[Parallel(n_jobs=16)]: Done 140 out of 140 | elapsed:    1.7s finished
[Parallel(n_jobs=16)]: Using backend ThreadingBackend with 16 concurrent workers.
[Parallel(n_jobs=16)]: Done  18 tasks      | elapsed:    0.1s
[Parallel(n_jobs=16)]: Done 140 out of 140 | elapsed:    0.4s finished
[Parallel(n_jobs=-1)]: Using backend ThreadingBackend with 16 concurrent workers.
[Parallel(n_jobs=-1)]: Done  18 tasks      | elapsed:    8.9s
[Parallel(n_jobs=-1)]: Done 168 tasks      | elapsed:   50.1s
[Parallel(n_jobs=-1)]: Done 300 out of 300 | elapsed:  1.4min finished
[Parallel(n_jobs=16)]: Using backend ThreadingBackend with 16 concurrent workers.
[Parallel(n_jobs=16)]: Done  18 tasks      | elapsed:    0.3s
[Parallel(n_jobs=16)]: Done 168 tasks      | elapsed:    1.5s
[Parallel(n_jobs=16)]: Done 300 out of 300 | elapsed:    2.6s finished
[Parallel(n_jobs=16)]: Using backend ThreadingBackend with 16 concurrent workers.
[Parallel(n_jobs=16)]: Done  18 tasks      | elapsed:    0.2s
[Parallel(n_jobs=16)]: Done 168 tasks      | elapsed:    0.7s
[Parallel(n_jobs=16)]: Done 300 out of 300 | elapsed:    1.0s finished
[Parallel(n_jobs=-1)]: Using backend ThreadingBackend with 16 concurrent workers.
[Parallel(n_jobs=-1)]: Done  18 tasks      | elapsed:    8.4s
[Parallel(n_jobs=-1)]: Done 168 tasks      | elapsed:   47.5s
[Parallel(n_jobs=-1)]: Done 250 out of 250 | elapsed:  1.2min finished
[Parallel(n_jobs=16)]: Using backend ThreadingBackend with 16 concurrent workers.
[Parallel(n_jobs=16)]: Done  18 tasks      | elapsed:    0.3s
[Parallel(n_jobs=16)]: Done 168 tasks      | elapsed:    1.4s
[Parallel(n_jobs=16)]: Done 250 out of 250 | elapsed:    2.0s finished
[Parallel(n_jobs=16)]: Using backend ThreadingBackend with 16 concurrent workers.
[Parallel(n_jobs=16)]: Done  18 tasks      | elapsed:    0.1s
[Parallel(n_jobs=16)]: Done 168 tasks      | elapsed:    0.5s
[Parallel(n_jobs=16)]: Done 250 out of 250 | elapsed:    0.6s finished
[Parallel(n_jobs=-1)]: Using backend ThreadingBackend with 16 concurrent workers.
[Parallel(n_jobs=-1)]: Done  18 tasks      | elapsed:    7.8s
[Parallel(n_jobs=-1)]: Done 168 tasks      | elapsed:   46.1s
[Parallel(n_jobs=-1)]: Done 230 out of 230 | elapsed:  1.0min finished
[Parallel(n_jobs=16)]: Using backend ThreadingBackend with 16 concurrent workers.
[Parallel(n_jobs=16)]: Done  18 tasks      | elapsed:    0.5s
[Parallel(n_jobs=16)]: Done 168 tasks      | elapsed:    1.6s
[Parallel(n_jobs=16)]: Done 230 out of 230 | elapsed:    2.0s finished
[Parallel(n_jobs=16)]: Using backend ThreadingBackend with 16 concurrent workers.
[Parallel(n_jobs=16)]: Done  18 tasks      | elapsed:    0.1s
[Parallel(n_jobs=16)]: Done 168 tasks      | elapsed:    0.4s
[Parallel(n_jobs=16)]: Done 230 out of 230 | elapsed:    0.6s finished
[Parallel(n_jobs=-1)]: Using backend ThreadingBackend with 16 concurrent workers.
[Parallel(n_jobs=-1)]: Done  18 tasks      | elapsed:    8.1s
[Parallel(n_jobs=-1)]: Done 168 tasks      | elapsed:   46.2s
[Parallel(n_jobs=-1)]: Done 250 out of 250 | elapsed:  1.1min finished
[Parallel(n_jobs=16)]: Using backend ThreadingBackend with 16 concurrent workers.
[Parallel(n_jobs=16)]: Done  18 tasks      | elapsed:    0.2s
[Parallel(n_jobs=16)]: Done 168 tasks      | elapsed:    1.2s
[Parallel(n_jobs=16)]: Done 250 out of 250 | elapsed:    1.8s finished
[Parallel(n_jobs=16)]: Using backend ThreadingBackend with 16 concurrent workers.
[Parallel(n_jobs=16)]: Done  18 tasks      | elapsed:    0.1s
[Parallel(n_jobs=16)]: Done 168 tasks      | elapsed:    0.5s
[Parallel(n_jobs=16)]: Done 250 out of 250 | elapsed:    0.7s finished
[Parallel(n_jobs=-1)]: Using backend ThreadingBackend with 16 concurrent workers.
[Parallel(n_jobs=-1)]: Done  18 tasks      | elapsed:    8.1s
[Parallel(n_jobs=-1)]: Done 140 out of 140 | elapsed:   43.1s finished
[Parallel(n_jobs=16)]: Using backend ThreadingBackend with 16 concurrent workers.
[Parallel(n_jobs=16)]: Done  18 tasks      | elapsed:    0.7s
[Parallel(n_jobs=16)]: Done 140 out of 140 | elapsed:    2.1s finished
[Parallel(n_jobs=16)]: Using backend ThreadingBackend with 16 concurrent workers.
[Parallel(n_jobs=16)]: Done  18 tasks      | elapsed:    0.2s
[Parallel(n_jobs=16)]: Done 140 out of 140 | elapsed:    0.6s finished
[Parallel(n_jobs=-1)]: Using backend ThreadingBackend with 16 concurrent workers.
[Parallel(n_jobs=-1)]: Done  18 tasks      | elapsed:    8.2s
[Parallel(n_jobs=-1)]: Done 168 tasks      | elapsed:   50.6s
[Parallel(n_jobs=-1)]: Done 300 out of 300 | elapsed:  1.5min finished
[Parallel(n_jobs=16)]: Using backend ThreadingBackend with 16 concurrent workers.
[Parallel(n_jobs=16)]: Done  18 tasks      | elapsed:    0.7s
[Parallel(n_jobs=16)]: Done 168 tasks      | elapsed:    2.8s
[Parallel(n_jobs=16)]: Done 300 out of 300 | elapsed:    4.3s finished
[Parallel(n_jobs=16)]: Using backend ThreadingBackend with 16 concurrent workers.
[Parallel(n_jobs=16)]: Done  18 tasks      | elapsed:    0.2s
[Parallel(n_jobs=16)]: Done 168 tasks      | elapsed:    0.9s
[Parallel(n_jobs=16)]: Done 300 out of 300 | elapsed:    1.2s finished
[Parallel(n_jobs=-1)]: Using backend ThreadingBackend with 16 concurrent workers.
[Parallel(n_jobs=-1)]: Done  18 tasks      | elapsed:    9.3s
[Parallel(n_jobs=-1)]: Done 120 out of 120 | elapsed:   36.8s finished
[Parallel(n_jobs=16)]: Using backend ThreadingBackend with 16 concurrent workers.
[Parallel(n_jobs=16)]: Done  18 tasks      | elapsed:    0.5s
[Parallel(n_jobs=16)]: Done 120 out of 120 | elapsed:    1.9s finished
[Parallel(n_jobs=16)]: Using backend ThreadingBackend with 16 concurrent workers.
[Parallel(n_jobs=16)]: Done  18 tasks      | elapsed:    0.2s
[Parallel(n_jobs=16)]: Done 120 out of 120 | elapsed:    0.5s finished
[Parallel(n_jobs=-1)]: Using backend ThreadingBackend with 16 concurrent workers.
[Parallel(n_jobs=-1)]: Done  18 tasks      | elapsed:    8.6s
[Parallel(n_jobs=-1)]: Done 160 out of 160 | elapsed:   48.9s finished
[Parallel(n_jobs=16)]: Using backend ThreadingBackend with 16 concurrent workers.
[Parallel(n_jobs=16)]: Done  18 tasks      | elapsed:    0.3s
[Parallel(n_jobs=16)]: Done 160 out of 160 | elapsed:    2.2s finished
[Parallel(n_jobs=16)]: Using backend ThreadingBackend with 16 concurrent workers.
[Parallel(n_jobs=16)]: Done  18 tasks      | elapsed:    0.2s
[Parallel(n_jobs=16)]: Done 160 out of 160 | elapsed:    0.8s finished
[Parallel(n_jobs=-1)]: Using backend ThreadingBackend with 16 concurrent workers.
[Parallel(n_jobs=-1)]: Done  18 tasks      | elapsed:    7.9s
[Parallel(n_jobs=-1)]: Done 168 tasks      | elapsed:   48.9s
[Parallel(n_jobs=-1)]: Done 210 out of 210 | elapsed:  1.0min finished
[Parallel(n_jobs=16)]: Using backend ThreadingBackend with 16 concurrent workers.
[Parallel(n_jobs=16)]: Done  18 tasks      | elapsed:    0.2s
[Parallel(n_jobs=16)]: Done 168 tasks      | elapsed:    1.4s
[Parallel(n_jobs=16)]: Done 210 out of 210 | elapsed:    1.8s finished
[Parallel(n_jobs=16)]: Using backend ThreadingBackend with 16 concurrent workers.
[Parallel(n_jobs=16)]: Done  18 tasks      | elapsed:    0.2s
[Parallel(n_jobs=16)]: Done 168 tasks      | elapsed:    0.6s
[Parallel(n_jobs=16)]: Done 210 out of 210 | elapsed:    0.7s finished
[Parallel(n_jobs=-1)]: Using backend ThreadingBackend with 16 concurrent workers.
[Parallel(n_jobs=-1)]: Done  18 tasks      | elapsed:    7.7s
[Parallel(n_jobs=-1)]: Done 168 tasks      | elapsed:   47.1s
[Parallel(n_jobs=-1)]: Done 260 out of 260 | elapsed:  1.2min finished
[Parallel(n_jobs=16)]: Using backend ThreadingBackend with 16 concurrent workers.
[Parallel(n_jobs=16)]: Done  18 tasks      | elapsed:    0.5s
[Parallel(n_jobs=16)]: Done 168 tasks      | elapsed:    2.3s
[Parallel(n_jobs=16)]: Done 260 out of 260 | elapsed:    3.0s finished
[Parallel(n_jobs=16)]: Using backend ThreadingBackend with 16 concurrent workers.
[Parallel(n_jobs=16)]: Done  18 tasks      | elapsed:    0.1s
[Parallel(n_jobs=16)]: Done 168 tasks      | elapsed:    0.6s
[Parallel(n_jobs=16)]: Done 260 out of 260 | elapsed:    0.8s finished
[Parallel(n_jobs=-1)]: Using backend ThreadingBackend with 16 concurrent workers.
[Parallel(n_jobs=-1)]: Done  18 tasks      | elapsed:    7.6s
[Parallel(n_jobs=-1)]: Done 168 tasks      | elapsed:   46.6s
[Parallel(n_jobs=-1)]: Done 300 out of 300 | elapsed:  1.4min finished
[Parallel(n_jobs=16)]: Using backend ThreadingBackend with 16 concurrent workers.
[Parallel(n_jobs=16)]: Done  18 tasks      | elapsed:    0.3s
[Parallel(n_jobs=16)]: Done 168 tasks      | elapsed:    1.5s
[Parallel(n_jobs=16)]: Done 300 out of 300 | elapsed:    2.5s finished
[Parallel(n_jobs=16)]: Using backend ThreadingBackend with 16 concurrent workers.
[Parallel(n_jobs=16)]: Done  18 tasks      | elapsed:    0.1s
[Parallel(n_jobs=16)]: Done 168 tasks      | elapsed:    0.4s
[Parallel(n_jobs=16)]: Done 300 out of 300 | elapsed:    0.7s finished
[Parallel(n_jobs=-1)]: Using backend ThreadingBackend with 16 concurrent workers.
[Parallel(n_jobs=-1)]: Done  18 tasks      | elapsed:    8.1s
[Parallel(n_jobs=-1)]: Done 168 tasks      | elapsed:   46.4s
[Parallel(n_jobs=-1)]: Done 290 out of 290 | elapsed:  1.3min finished
[Parallel(n_jobs=16)]: Using backend ThreadingBackend with 16 concurrent workers.
[Parallel(n_jobs=16)]: Done  18 tasks      | elapsed:    0.5s
[Parallel(n_jobs=16)]: Done 168 tasks      | elapsed:    1.5s
[Parallel(n_jobs=16)]: Done 290 out of 290 | elapsed:    2.3s finished
[Parallel(n_jobs=16)]: Using backend ThreadingBackend with 16 concurrent workers.
[Parallel(n_jobs=16)]: Done  18 tasks      | elapsed:    0.1s
[Parallel(n_jobs=16)]: Done 168 tasks      | elapsed:    0.5s
[Parallel(n_jobs=16)]: Done 290 out of 290 | elapsed:    0.8s finished
[Parallel(n_jobs=-1)]: Using backend ThreadingBackend with 16 concurrent workers.
[Parallel(n_jobs=-1)]: Done  18 tasks      | elapsed:    8.4s
[Parallel(n_jobs=-1)]: Done 180 out of 180 | elapsed:   54.2s finished
[Parallel(n_jobs=16)]: Using backend ThreadingBackend with 16 concurrent workers.
[Parallel(n_jobs=16)]: Done  18 tasks      | elapsed:    0.3s
[Parallel(n_jobs=16)]: Done 180 out of 180 | elapsed:    2.2s finished
[Parallel(n_jobs=16)]: Using backend ThreadingBackend with 16 concurrent workers.
[Parallel(n_jobs=16)]: Done  18 tasks      | elapsed:    0.2s
[Parallel(n_jobs=16)]: Done 180 out of 180 | elapsed:    0.8s finished
[Parallel(n_jobs=-1)]: Using backend ThreadingBackend with 16 concurrent workers.
[Parallel(n_jobs=-1)]: Done  18 tasks      | elapsed:    8.9s
[Parallel(n_jobs=-1)]: Done 180 out of 180 | elapsed:   54.3s finished
[Parallel(n_jobs=16)]: Using backend ThreadingBackend with 16 concurrent workers.
[Parallel(n_jobs=16)]: Done  18 tasks      | elapsed:    0.7s
[Parallel(n_jobs=16)]: Done 180 out of 180 | elapsed:    3.6s finished
[Parallel(n_jobs=16)]: Using backend ThreadingBackend with 16 concurrent workers.
[Parallel(n_jobs=16)]: Done  18 tasks      | elapsed:    0.2s
[Parallel(n_jobs=16)]: Done 180 out of 180 | elapsed:    0.9s finished
[Parallel(n_jobs=-1)]: Using backend ThreadingBackend with 16 concurrent workers.
[Parallel(n_jobs=-1)]: Done  18 tasks      | elapsed:    8.5s
[Parallel(n_jobs=-1)]: Done 100 out of 100 | elapsed:   31.2s finished
[Parallel(n_jobs=16)]: Using backend ThreadingBackend with 16 concurrent workers.
[Parallel(n_jobs=16)]: Done  18 tasks      | elapsed:    0.3s
[Parallel(n_jobs=16)]: Done 100 out of 100 | elapsed:    1.2s finished
[Parallel(n_jobs=16)]: Using backend ThreadingBackend with 16 concurrent workers.
[Parallel(n_jobs=16)]: Done  18 tasks      | elapsed:    0.2s
[Parallel(n_jobs=16)]: Done 100 out of 100 | elapsed:    0.5s finished
[Parallel(n_jobs=-1)]: Using backend ThreadingBackend with 16 concurrent workers.
[Parallel(n_jobs=-1)]: Done  18 tasks      | elapsed:    7.6s
[Parallel(n_jobs=-1)]: Done 168 tasks      | elapsed:   46.1s
[Parallel(n_jobs=-1)]: Done 230 out of 230 | elapsed:  1.0min finished
[Parallel(n_jobs=16)]: Using backend ThreadingBackend with 16 concurrent workers.
[Parallel(n_jobs=16)]: Done  18 tasks      | elapsed:    0.5s
[Parallel(n_jobs=16)]: Done 168 tasks      | elapsed:    2.2s
[Parallel(n_jobs=16)]: Done 230 out of 230 | elapsed:    2.6s finished
[Parallel(n_jobs=16)]: Using backend ThreadingBackend with 16 concurrent workers.
[Parallel(n_jobs=16)]: Done  18 tasks      | elapsed:    0.1s
[Parallel(n_jobs=16)]: Done 168 tasks      | elapsed:    0.5s
[Parallel(n_jobs=16)]: Done 230 out of 230 | elapsed:    0.7s finished
[Parallel(n_jobs=-1)]: Using backend ThreadingBackend with 16 concurrent workers.
[Parallel(n_jobs=-1)]: Done  18 tasks      | elapsed:    8.8s
[Parallel(n_jobs=-1)]: Done 168 tasks      | elapsed:   50.3s
[Parallel(n_jobs=-1)]: Done 210 out of 210 | elapsed:  1.0min finished
[Parallel(n_jobs=16)]: Using backend ThreadingBackend with 16 concurrent workers.
[Parallel(n_jobs=16)]: Done  18 tasks      | elapsed:    0.6s
[Parallel(n_jobs=16)]: Done 168 tasks      | elapsed:    1.9s
[Parallel(n_jobs=16)]: Done 210 out of 210 | elapsed:    2.2s finished
[Parallel(n_jobs=16)]: Using backend ThreadingBackend with 16 concurrent workers.
[Parallel(n_jobs=16)]: Done  18 tasks      | elapsed:    0.2s
[Parallel(n_jobs=16)]: Done 168 tasks      | elapsed:    0.6s
[Parallel(n_jobs=16)]: Done 210 out of 210 | elapsed:    0.7s finished
[Parallel(n_jobs=-1)]: Using backend ThreadingBackend with 16 concurrent workers.
[Parallel(n_jobs=-1)]: Done  18 tasks      | elapsed:    8.4s
[Parallel(n_jobs=-1)]: Done 168 tasks      | elapsed:   51.1s
[Parallel(n_jobs=-1)]: Done 250 out of 250 | elapsed:  1.2min finished
[Parallel(n_jobs=16)]: Using backend ThreadingBackend with 16 concurrent workers.
[Parallel(n_jobs=16)]: Done  18 tasks      | elapsed:    0.7s
[Parallel(n_jobs=16)]: Done 168 tasks      | elapsed:    3.2s
[Parallel(n_jobs=16)]: Done 250 out of 250 | elapsed:    4.3s finished
[Parallel(n_jobs=16)]: Using backend ThreadingBackend with 16 concurrent workers.
[Parallel(n_jobs=16)]: Done  18 tasks      | elapsed:    0.2s
[Parallel(n_jobs=16)]: Done 168 tasks      | elapsed:    0.9s
[Parallel(n_jobs=16)]: Done 250 out of 250 | elapsed:    1.1s finished
[Parallel(n_jobs=-1)]: Using backend ThreadingBackend with 16 concurrent workers.
[Parallel(n_jobs=-1)]: Done  18 tasks      | elapsed:    7.4s
[Parallel(n_jobs=-1)]: Done 168 tasks      | elapsed:   46.1s
[Parallel(n_jobs=-1)]: Done 200 out of 200 | elapsed:   54.2s finished
[Parallel(n_jobs=16)]: Using backend ThreadingBackend with 16 concurrent workers.
[Parallel(n_jobs=16)]: Done  18 tasks      | elapsed:    0.4s
[Parallel(n_jobs=16)]: Done 168 tasks      | elapsed:    2.3s
[Parallel(n_jobs=16)]: Done 200 out of 200 | elapsed:    2.5s finished
[Parallel(n_jobs=16)]: Using backend ThreadingBackend with 16 concurrent workers.
[Parallel(n_jobs=16)]: Done  18 tasks      | elapsed:    0.1s
[Parallel(n_jobs=16)]: Done 168 tasks      | elapsed:    0.4s
[Parallel(n_jobs=16)]: Done 200 out of 200 | elapsed:    0.5s finished
[Parallel(n_jobs=-1)]: Using backend ThreadingBackend with 16 concurrent workers.
[Parallel(n_jobs=-1)]: Done  18 tasks      | elapsed:    7.8s
[Parallel(n_jobs=-1)]: Done 160 out of 160 | elapsed:   43.8s finished
[Parallel(n_jobs=16)]: Using backend ThreadingBackend with 16 concurrent workers.
[Parallel(n_jobs=16)]: Done  18 tasks      | elapsed:    0.5s
[Parallel(n_jobs=16)]: Done 160 out of 160 | elapsed:    2.7s finished
[Parallel(n_jobs=16)]: Using backend ThreadingBackend with 16 concurrent workers.
[Parallel(n_jobs=16)]: Done  18 tasks      | elapsed:    0.1s
[Parallel(n_jobs=16)]: Done 160 out of 160 | elapsed:    0.4s finished
[Parallel(n_jobs=-1)]: Using backend ThreadingBackend with 16 concurrent workers.
[Parallel(n_jobs=-1)]: Done  18 tasks      | elapsed:    8.2s
[Parallel(n_jobs=-1)]: Done 168 tasks      | elapsed:   51.5s
[Parallel(n_jobs=-1)]: Done 220 out of 220 | elapsed:  1.1min finished
[Parallel(n_jobs=16)]: Using backend ThreadingBackend with 16 concurrent workers.
[Parallel(n_jobs=16)]: Done  18 tasks      | elapsed:    0.4s
[Parallel(n_jobs=16)]: Done 168 tasks      | elapsed:    2.2s
[Parallel(n_jobs=16)]: Done 220 out of 220 | elapsed:    2.7s finished
[Parallel(n_jobs=16)]: Using backend ThreadingBackend with 16 concurrent workers.
[Parallel(n_jobs=16)]: Done  18 tasks      | elapsed:    0.2s
[Parallel(n_jobs=16)]: Done 168 tasks      | elapsed:    0.8s
[Parallel(n_jobs=16)]: Done 220 out of 220 | elapsed:    0.9s finished
[Parallel(n_jobs=-1)]: Using backend ThreadingBackend with 16 concurrent workers.
[Parallel(n_jobs=-1)]: Done  18 tasks      | elapsed:    8.2s
[Parallel(n_jobs=-1)]: Done 168 tasks      | elapsed:   51.0s
[Parallel(n_jobs=-1)]: Done 270 out of 270 | elapsed:  1.3min finished
[Parallel(n_jobs=16)]: Using backend ThreadingBackend with 16 concurrent workers.
[Parallel(n_jobs=16)]: Done  18 tasks      | elapsed:    0.4s
[Parallel(n_jobs=16)]: Done 168 tasks      | elapsed:    2.6s
[Parallel(n_jobs=16)]: Done 270 out of 270 | elapsed:    3.9s finished
[Parallel(n_jobs=16)]: Using backend ThreadingBackend with 16 concurrent workers.
[Parallel(n_jobs=16)]: Done  18 tasks      | elapsed:    0.2s
[Parallel(n_jobs=16)]: Done 168 tasks      | elapsed:    0.9s
[Parallel(n_jobs=16)]: Done 270 out of 270 | elapsed:    1.2s finished
[Parallel(n_jobs=-1)]: Using backend ThreadingBackend with 16 concurrent workers.
[Parallel(n_jobs=-1)]: Done  18 tasks      | elapsed:    9.3s
[Parallel(n_jobs=-1)]: Done 168 tasks      | elapsed:   52.5s
[Parallel(n_jobs=-1)]: Done 210 out of 210 | elapsed:  1.1min finished
[Parallel(n_jobs=16)]: Using backend ThreadingBackend with 16 concurrent workers.
[Parallel(n_jobs=16)]: Done  18 tasks      | elapsed:    0.5s
[Parallel(n_jobs=16)]: Done 168 tasks      | elapsed:    2.5s
[Parallel(n_jobs=16)]: Done 210 out of 210 | elapsed:    3.0s finished
[Parallel(n_jobs=16)]: Using backend ThreadingBackend with 16 concurrent workers.
[Parallel(n_jobs=16)]: Done  18 tasks      | elapsed:    0.1s
[Parallel(n_jobs=16)]: Done 168 tasks      | elapsed:    0.7s
[Parallel(n_jobs=16)]: Done 210 out of 210 | elapsed:    0.8s finished
[Parallel(n_jobs=-1)]: Using backend ThreadingBackend with 16 concurrent workers.
[Parallel(n_jobs=-1)]: Done  18 tasks      | elapsed:    8.6s
[Parallel(n_jobs=-1)]: Done 100 out of 100 | elapsed:   31.8s finished
[Parallel(n_jobs=16)]: Using backend ThreadingBackend with 16 concurrent workers.
[Parallel(n_jobs=16)]: Done  18 tasks      | elapsed:    0.3s
[Parallel(n_jobs=16)]: Done 100 out of 100 | elapsed:    1.2s finished
[Parallel(n_jobs=16)]: Using backend ThreadingBackend with 16 concurrent workers.
[Parallel(n_jobs=16)]: Done  18 tasks      | elapsed:    0.2s
[Parallel(n_jobs=16)]: Done 100 out of 100 | elapsed:    0.6s finished
[Parallel(n_jobs=-1)]: Using backend ThreadingBackend with 16 concurrent workers.
[Parallel(n_jobs=-1)]: Done  18 tasks      | elapsed:    8.6s
[Parallel(n_jobs=-1)]: Done 170 out of 170 | elapsed:   51.9s finished
[Parallel(n_jobs=16)]: Using backend ThreadingBackend with 16 concurrent workers.
[Parallel(n_jobs=16)]: Done  18 tasks      | elapsed:    0.7s
[Parallel(n_jobs=16)]: Done 170 out of 170 | elapsed:    3.3s finished
[Parallel(n_jobs=16)]: Using backend ThreadingBackend with 16 concurrent workers.
[Parallel(n_jobs=16)]: Done  18 tasks      | elapsed:    0.2s
[Parallel(n_jobs=16)]: Done 170 out of 170 | elapsed:    0.9s finished
[Parallel(n_jobs=-1)]: Using backend ThreadingBackend with 16 concurrent workers.
[Parallel(n_jobs=-1)]: Done  18 tasks      | elapsed:    7.9s
[Parallel(n_jobs=-1)]: Done 180 out of 180 | elapsed:   50.5s finished
[Parallel(n_jobs=16)]: Using backend ThreadingBackend with 16 concurrent workers.
[Parallel(n_jobs=16)]: Done  18 tasks      | elapsed:    0.3s
[Parallel(n_jobs=16)]: Done 180 out of 180 | elapsed:    1.6s finished
[Parallel(n_jobs=16)]: Using backend ThreadingBackend with 16 concurrent workers.
[Parallel(n_jobs=16)]: Done  18 tasks      | elapsed:    0.1s
[Parallel(n_jobs=16)]: Done 180 out of 180 | elapsed:    0.6s finished
[Parallel(n_jobs=-1)]: Using backend ThreadingBackend with 16 concurrent workers.
[Parallel(n_jobs=-1)]: Done  18 tasks      | elapsed:    8.5s
[Parallel(n_jobs=-1)]: Done 120 out of 120 | elapsed:   34.4s finished
[Parallel(n_jobs=16)]: Using backend ThreadingBackend with 16 concurrent workers.
[Parallel(n_jobs=16)]: Done  18 tasks      | elapsed:    0.4s
[Parallel(n_jobs=16)]: Done 120 out of 120 | elapsed:    1.1s finished
[Parallel(n_jobs=16)]: Using backend ThreadingBackend with 16 concurrent workers.
[Parallel(n_jobs=16)]: Done  18 tasks      | elapsed:    0.1s
[Parallel(n_jobs=16)]: Done 120 out of 120 | elapsed:    0.3s finished
[Parallel(n_jobs=-1)]: Using backend ThreadingBackend with 16 concurrent workers.
[Parallel(n_jobs=-1)]: Done  18 tasks      | elapsed:    7.8s
[Parallel(n_jobs=-1)]: Done 168 tasks      | elapsed:   45.8s
[Parallel(n_jobs=-1)]: Done 210 out of 210 | elapsed:   57.2s finished
[Parallel(n_jobs=16)]: Using backend ThreadingBackend with 16 concurrent workers.
[Parallel(n_jobs=16)]: Done  18 tasks      | elapsed:    0.4s
[Parallel(n_jobs=16)]: Done 168 tasks      | elapsed:    2.3s
[Parallel(n_jobs=16)]: Done 210 out of 210 | elapsed:    2.5s finished
[Parallel(n_jobs=16)]: Using backend ThreadingBackend with 16 concurrent workers.
[Parallel(n_jobs=16)]: Done  18 tasks      | elapsed:    0.1s
[Parallel(n_jobs=16)]: Done 168 tasks      | elapsed:    0.3s
[Parallel(n_jobs=16)]: Done 210 out of 210 | elapsed:    0.4s finished
[Parallel(n_jobs=-1)]: Using backend ThreadingBackend with 16 concurrent workers.
[Parallel(n_jobs=-1)]: Done  18 tasks      | elapsed:    7.6s
[Parallel(n_jobs=-1)]: Done 168 tasks      | elapsed:   46.3s
[Parallel(n_jobs=-1)]: Done 280 out of 280 | elapsed:  1.3min finished
[Parallel(n_jobs=16)]: Using backend ThreadingBackend with 16 concurrent workers.
[Parallel(n_jobs=16)]: Done  18 tasks      | elapsed:    0.2s
[Parallel(n_jobs=16)]: Done 168 tasks      | elapsed:    1.3s
[Parallel(n_jobs=16)]: Done 280 out of 280 | elapsed:    2.0s finished
[Parallel(n_jobs=16)]: Using backend ThreadingBackend with 16 concurrent workers.
[Parallel(n_jobs=16)]: Done  18 tasks      | elapsed:    0.1s
[Parallel(n_jobs=16)]: Done 168 tasks      | elapsed:    0.5s
[Parallel(n_jobs=16)]: Done 280 out of 280 | elapsed:    0.7s finished
[Parallel(n_jobs=-1)]: Using backend ThreadingBackend with 16 concurrent workers.
[Parallel(n_jobs=-1)]: Done  18 tasks      | elapsed:    7.6s
[Parallel(n_jobs=-1)]: Done 168 tasks      | elapsed:   46.0s
[Parallel(n_jobs=-1)]: Done 230 out of 230 | elapsed:  1.0min finished
[Parallel(n_jobs=16)]: Using backend ThreadingBackend with 16 concurrent workers.
[Parallel(n_jobs=16)]: Done  18 tasks      | elapsed:    0.5s
[Parallel(n_jobs=16)]: Done 168 tasks      | elapsed:    1.9s
[Parallel(n_jobs=16)]: Done 230 out of 230 | elapsed:    2.3s finished
[Parallel(n_jobs=16)]: Using backend ThreadingBackend with 16 concurrent workers.
[Parallel(n_jobs=16)]: Done  18 tasks      | elapsed:    0.1s
[Parallel(n_jobs=16)]: Done 168 tasks      | elapsed:    0.5s
[Parallel(n_jobs=16)]: Done 230 out of 230 | elapsed:    0.6s finished
[Parallel(n_jobs=-1)]: Using backend ThreadingBackend with 16 concurrent workers.
[Parallel(n_jobs=-1)]: Done  18 tasks      | elapsed:    7.8s
[Parallel(n_jobs=-1)]: Done 168 tasks      | elapsed:   49.3s
[Parallel(n_jobs=-1)]: Done 240 out of 240 | elapsed:  1.2min finished
[Parallel(n_jobs=16)]: Using backend ThreadingBackend with 16 concurrent workers.
[Parallel(n_jobs=16)]: Done  18 tasks      | elapsed:    0.5s
[Parallel(n_jobs=16)]: Done 168 tasks      | elapsed:    2.9s
[Parallel(n_jobs=16)]: Done 240 out of 240 | elapsed:    3.5s finished
[Parallel(n_jobs=16)]: Using backend ThreadingBackend with 16 concurrent workers.
[Parallel(n_jobs=16)]: Done  18 tasks      | elapsed:    0.1s
[Parallel(n_jobs=16)]: Done 168 tasks      | elapsed:    0.5s
[Parallel(n_jobs=16)]: Done 240 out of 240 | elapsed:    0.7s finished
[Parallel(n_jobs=-1)]: Using backend ThreadingBackend with 16 concurrent workers.
[Parallel(n_jobs=-1)]: Done  18 tasks      | elapsed:    8.1s
[Parallel(n_jobs=-1)]: Done 168 tasks      | elapsed:   46.0s
[Parallel(n_jobs=-1)]: Done 220 out of 220 | elapsed:   59.6s finished
[Parallel(n_jobs=16)]: Using backend ThreadingBackend with 16 concurrent workers.
[Parallel(n_jobs=16)]: Done  18 tasks      | elapsed:    0.5s
[Parallel(n_jobs=16)]: Done 168 tasks      | elapsed:    3.0s
[Parallel(n_jobs=16)]: Done 220 out of 220 | elapsed:    3.4s finished
[Parallel(n_jobs=16)]: Using backend ThreadingBackend with 16 concurrent workers.
[Parallel(n_jobs=16)]: Done  18 tasks      | elapsed:    0.1s
[Parallel(n_jobs=16)]: Done 168 tasks      | elapsed:    0.4s
[Parallel(n_jobs=16)]: Done 220 out of 220 | elapsed:    0.6s finished
[Parallel(n_jobs=-1)]: Using backend ThreadingBackend with 16 concurrent workers.
[Parallel(n_jobs=-1)]: Done  18 tasks      | elapsed:    8.6s
[Parallel(n_jobs=-1)]: Done 168 tasks      | elapsed:   51.1s
[Parallel(n_jobs=-1)]: Done 260 out of 260 | elapsed:  1.3min finished
[Parallel(n_jobs=16)]: Using backend ThreadingBackend with 16 concurrent workers.
[Parallel(n_jobs=16)]: Done  18 tasks      | elapsed:    0.3s
[Parallel(n_jobs=16)]: Done 168 tasks      | elapsed:    2.1s
[Parallel(n_jobs=16)]: Done 260 out of 260 | elapsed:    3.2s finished
[Parallel(n_jobs=16)]: Using backend ThreadingBackend with 16 concurrent workers.
[Parallel(n_jobs=16)]: Done  18 tasks      | elapsed:    0.2s
[Parallel(n_jobs=16)]: Done 168 tasks      | elapsed:    0.9s
[Parallel(n_jobs=16)]: Done 260 out of 260 | elapsed:    1.2s finished
[Parallel(n_jobs=-1)]: Using backend ThreadingBackend with 16 concurrent workers.
[Parallel(n_jobs=-1)]: Done  18 tasks      | elapsed:    8.8s
[Parallel(n_jobs=-1)]: Done 120 out of 120 | elapsed:   35.3s finished
[Parallel(n_jobs=16)]: Using backend ThreadingBackend with 16 concurrent workers.
[Parallel(n_jobs=16)]: Done  18 tasks      | elapsed:    0.3s
[Parallel(n_jobs=16)]: Done 120 out of 120 | elapsed:    1.1s finished
[Parallel(n_jobs=16)]: Using backend ThreadingBackend with 16 concurrent workers.
[Parallel(n_jobs=16)]: Done  18 tasks      | elapsed:    0.1s
[Parallel(n_jobs=16)]: Done 120 out of 120 | elapsed:    0.4s finished
[Parallel(n_jobs=-1)]: Using backend ThreadingBackend with 16 concurrent workers.
[Parallel(n_jobs=-1)]: Done  18 tasks      | elapsed:    8.8s
[Parallel(n_jobs=-1)]: Done 168 tasks      | elapsed:   47.9s
[Parallel(n_jobs=-1)]: Done 210 out of 210 | elapsed:   58.6s finished
[Parallel(n_jobs=16)]: Using backend ThreadingBackend with 16 concurrent workers.
[Parallel(n_jobs=16)]: Done  18 tasks      | elapsed:    0.2s
[Parallel(n_jobs=16)]: Done 168 tasks      | elapsed:    1.3s
[Parallel(n_jobs=16)]: Done 210 out of 210 | elapsed:    1.6s finished
[Parallel(n_jobs=16)]: Using backend ThreadingBackend with 16 concurrent workers.
[Parallel(n_jobs=16)]: Done  18 tasks      | elapsed:    0.2s
[Parallel(n_jobs=16)]: Done 168 tasks      | elapsed:    0.6s
[Parallel(n_jobs=16)]: Done 210 out of 210 | elapsed:    0.7s finished
[Parallel(n_jobs=-1)]: Using backend ThreadingBackend with 16 concurrent workers.
[Parallel(n_jobs=-1)]: Done  18 tasks      | elapsed:    8.0s
[Parallel(n_jobs=-1)]: Done 110 out of 110 | elapsed:   31.5s finished
[Parallel(n_jobs=16)]: Using backend ThreadingBackend with 16 concurrent workers.
[Parallel(n_jobs=16)]: Done  18 tasks      | elapsed:    0.5s
[Parallel(n_jobs=16)]: Done 110 out of 110 | elapsed:    1.2s finished
[Parallel(n_jobs=16)]: Using backend ThreadingBackend with 16 concurrent workers.
[Parallel(n_jobs=16)]: Done  18 tasks      | elapsed:    0.1s
[Parallel(n_jobs=16)]: Done 110 out of 110 | elapsed:    0.5s finished
[Parallel(n_jobs=-1)]: Using backend ThreadingBackend with 16 concurrent workers.
[Parallel(n_jobs=-1)]: Done  18 tasks      | elapsed:    8.0s
[Parallel(n_jobs=-1)]: Done 130 out of 130 | elapsed:   35.8s finished
[Parallel(n_jobs=16)]: Using backend ThreadingBackend with 16 concurrent workers.
[Parallel(n_jobs=16)]: Done  18 tasks      | elapsed:    0.3s
[Parallel(n_jobs=16)]: Done 130 out of 130 | elapsed:    1.3s finished
[Parallel(n_jobs=16)]: Using backend ThreadingBackend with 16 concurrent workers.
[Parallel(n_jobs=16)]: Done  18 tasks      | elapsed:    0.1s
[Parallel(n_jobs=16)]: Done 130 out of 130 | elapsed:    0.3s finished
[Parallel(n_jobs=-1)]: Using backend ThreadingBackend with 16 concurrent workers.
[Parallel(n_jobs=-1)]: Done  18 tasks      | elapsed:    8.3s
[Parallel(n_jobs=-1)]: Done 140 out of 140 | elapsed:   43.1s finished
[Parallel(n_jobs=16)]: Using backend ThreadingBackend with 16 concurrent workers.
[Parallel(n_jobs=16)]: Done  18 tasks      | elapsed:    0.7s
[Parallel(n_jobs=16)]: Done 140 out of 140 | elapsed:    2.7s finished
[Parallel(n_jobs=16)]: Using backend ThreadingBackend with 16 concurrent workers.
[Parallel(n_jobs=16)]: Done  18 tasks      | elapsed:    0.2s
[Parallel(n_jobs=16)]: Done 140 out of 140 | elapsed:    0.6s finished
