slurmstepd: error: execve(): module: No such file or directory
srun: error: node-0190: task 0: Exited with exit code 2
srun: launch/slurm: _step_signal: Terminating StepId=34760828.0
slurmstepd: error: execve(): source: No such file or directory
srun: error: node-0190: task 0: Exited with exit code 2
srun: launch/slurm: _step_signal: Terminating StepId=34760828.1
INFO:sherpa.core:
-------------------------------------------------------
SHERPA Dashboard running. Access via
http://10.100.0.190:8880 if on a cluster or
http://localhost:8880 if running locally.
-------------------------------------------------------
WARNING:werkzeug: * Running on all addresses.
   WARNING: This is a development server. Do not use it in a production deployment.
[Parallel(n_jobs=-1)]: Using backend ThreadingBackend with 8 concurrent workers.
[Parallel(n_jobs=-1)]: Done  34 tasks      | elapsed:   38.9s
[Parallel(n_jobs=-1)]: Done 184 tasks      | elapsed:  3.0min
[Parallel(n_jobs=-1)]: Done 290 out of 290 | elapsed:  4.8min finished
[Parallel(n_jobs=8)]: Using backend ThreadingBackend with 8 concurrent workers.
[Parallel(n_jobs=8)]: Done  34 tasks      | elapsed:    2.3s
[Parallel(n_jobs=8)]: Done 184 tasks      | elapsed:   11.7s
[Parallel(n_jobs=8)]: Done 290 out of 290 | elapsed:   19.1s finished
[Parallel(n_jobs=8)]: Using backend ThreadingBackend with 8 concurrent workers.
[Parallel(n_jobs=8)]: Done  34 tasks      | elapsed:    0.8s
[Parallel(n_jobs=8)]: Done 184 tasks      | elapsed:    4.0s
[Parallel(n_jobs=8)]: Done 290 out of 290 | elapsed:    6.7s finished
[Parallel(n_jobs=-1)]: Using backend ThreadingBackend with 8 concurrent workers.
[Parallel(n_jobs=-1)]: Done  34 tasks      | elapsed:   35.9s
[Parallel(n_jobs=-1)]: Done 184 tasks      | elapsed:  2.8min
srun: Job step aborted: Waiting up to 122 seconds for job step to finish.
slurmstepd: error: *** STEP 34760828.2 ON node-0190 CANCELLED AT 2022-02-26T21:57:54 ***
slurmstepd: error: *** JOB 34760828 ON node-0190 CANCELLED AT 2022-02-26T21:57:54 ***
