slurmstepd: error: execve(): module: No such file or directory
srun: error: node-0281: task 0: Exited with exit code 2
srun: launch/slurm: _step_signal: Terminating StepId=34761583.0
slurmstepd: error: execve(): source: No such file or directory
srun: error: node-0281: task 0: Exited with exit code 2
srun: launch/slurm: _step_signal: Terminating StepId=34761583.1
INFO:sherpa.core:
-------------------------------------------------------
SHERPA Dashboard running. Access via
http://10.100.1.25:8880 if on a cluster or
http://localhost:8880 if running locally.
-------------------------------------------------------
WARNING:werkzeug: * Running on all addresses.
   WARNING: This is a development server. Do not use it in a production deployment.
[Parallel(n_jobs=-1)]: Using backend ThreadingBackend with 16 concurrent workers.
[Parallel(n_jobs=-1)]: Done  18 tasks      | elapsed:   10.8s
[Parallel(n_jobs=-1)]: Done  60 out of  60 | elapsed:   22.5s finished
[Parallel(n_jobs=16)]: Using backend ThreadingBackend with 16 concurrent workers.
[Parallel(n_jobs=16)]: Done  18 tasks      | elapsed:    0.6s
[Parallel(n_jobs=16)]: Done  60 out of  60 | elapsed:    1.3s finished
[Parallel(n_jobs=16)]: Using backend ThreadingBackend with 16 concurrent workers.
[Parallel(n_jobs=16)]: Done  18 tasks      | elapsed:    0.2s
[Parallel(n_jobs=16)]: Done  60 out of  60 | elapsed:    0.4s finished
