slurmstepd: error: execve(): module: No such file or directory
srun: error: node-0295: task 0: Exited with exit code 2
srun: launch/slurm: _step_signal: Terminating StepId=35029173.0
slurmstepd: error: execve(): source: No such file or directory
srun: error: node-0295: task 0: Exited with exit code 2
srun: launch/slurm: _step_signal: Terminating StepId=35029173.1
INFO:sherpa.core:
-------------------------------------------------------
SHERPA Dashboard running. Access via
http://10.100.1.39:8880 if on a cluster or
http://localhost:8880 if running locally.
-------------------------------------------------------
WARNING:werkzeug: * Running on all addresses.
   WARNING: This is a development server. Do not use it in a production deployment.
[Parallel(n_jobs=-1)]: Using backend ThreadingBackend with 12 concurrent workers.
[Parallel(n_jobs=-1)]: Done  26 tasks      | elapsed:   12.9s
[Parallel(n_jobs=-1)]: Done 176 tasks      | elapsed:  1.1min
[Parallel(n_jobs=-1)]: Done 260 out of 260 | elapsed:  1.6min finished
[Parallel(n_jobs=12)]: Using backend ThreadingBackend with 12 concurrent workers.
[Parallel(n_jobs=12)]: Done  26 tasks      | elapsed:    0.4s
[Parallel(n_jobs=12)]: Done 176 tasks      | elapsed:    1.8s
[Parallel(n_jobs=12)]: Done 260 out of 260 | elapsed:    2.7s finished
[Parallel(n_jobs=12)]: Using backend ThreadingBackend with 12 concurrent workers.
[Parallel(n_jobs=12)]: Done  26 tasks      | elapsed:    0.1s
[Parallel(n_jobs=12)]: Done 176 tasks      | elapsed:    0.5s
[Parallel(n_jobs=12)]: Done 260 out of 260 | elapsed:    0.8s finished
[Parallel(n_jobs=-1)]: Using backend ThreadingBackend with 12 concurrent workers.
[Parallel(n_jobs=-1)]: Done  26 tasks      | elapsed:   12.0s
[Parallel(n_jobs=-1)]: Done 140 out of 140 | elapsed:   48.7s finished
[Parallel(n_jobs=12)]: Using backend ThreadingBackend with 12 concurrent workers.
[Parallel(n_jobs=12)]: Done  26 tasks      | elapsed:    0.3s
[Parallel(n_jobs=12)]: Done 140 out of 140 | elapsed:    1.3s finished
[Parallel(n_jobs=12)]: Using backend ThreadingBackend with 12 concurrent workers.
[Parallel(n_jobs=12)]: Done  26 tasks      | elapsed:    0.1s
[Parallel(n_jobs=12)]: Done 140 out of 140 | elapsed:    0.4s finished
[Parallel(n_jobs=-1)]: Using backend ThreadingBackend with 12 concurrent workers.
[Parallel(n_jobs=-1)]: Done  26 tasks      | elapsed:   11.6s
[Parallel(n_jobs=-1)]: Done 176 tasks      | elapsed:  1.0min
[Parallel(n_jobs=-1)]: Done 230 out of 230 | elapsed:  1.3min finished
[Parallel(n_jobs=12)]: Using backend ThreadingBackend with 12 concurrent workers.
[Parallel(n_jobs=12)]: Done  26 tasks      | elapsed:    0.3s
[Parallel(n_jobs=12)]: Done 176 tasks      | elapsed:    1.5s
[Parallel(n_jobs=12)]: Done 230 out of 230 | elapsed:    2.0s finished
[Parallel(n_jobs=12)]: Using backend ThreadingBackend with 12 concurrent workers.
[Parallel(n_jobs=12)]: Done  26 tasks      | elapsed:    0.1s
[Parallel(n_jobs=12)]: Done 176 tasks      | elapsed:    0.4s
[Parallel(n_jobs=12)]: Done 230 out of 230 | elapsed:    0.6s finished
[Parallel(n_jobs=-1)]: Using backend ThreadingBackend with 12 concurrent workers.
[Parallel(n_jobs=-1)]: Done  26 tasks      | elapsed:   12.7s
[Parallel(n_jobs=-1)]: Done 176 tasks      | elapsed:  1.1min
[Parallel(n_jobs=-1)]: Done 290 out of 290 | elapsed:  1.8min finished
[Parallel(n_jobs=12)]: Using backend ThreadingBackend with 12 concurrent workers.
[Parallel(n_jobs=12)]: Done  26 tasks      | elapsed:    0.3s
[Parallel(n_jobs=12)]: Done 176 tasks      | elapsed:    1.6s
[Parallel(n_jobs=12)]: Done 290 out of 290 | elapsed:    2.7s finished
[Parallel(n_jobs=12)]: Using backend ThreadingBackend with 12 concurrent workers.
[Parallel(n_jobs=12)]: Done  26 tasks      | elapsed:    0.1s
[Parallel(n_jobs=12)]: Done 176 tasks      | elapsed:    0.5s
[Parallel(n_jobs=12)]: Done 290 out of 290 | elapsed:    0.8s finished
[Parallel(n_jobs=-1)]: Using backend ThreadingBackend with 12 concurrent workers.
[Parallel(n_jobs=-1)]: Done  26 tasks      | elapsed:   12.7s
[Parallel(n_jobs=-1)]: Done 176 tasks      | elapsed:  1.1min
[Parallel(n_jobs=-1)]: Done 260 out of 260 | elapsed:  1.6min finished
[Parallel(n_jobs=12)]: Using backend ThreadingBackend with 12 concurrent workers.
[Parallel(n_jobs=12)]: Done  26 tasks      | elapsed:    0.3s
[Parallel(n_jobs=12)]: Done 176 tasks      | elapsed:    1.6s
[Parallel(n_jobs=12)]: Done 260 out of 260 | elapsed:    2.4s finished
[Parallel(n_jobs=12)]: Using backend ThreadingBackend with 12 concurrent workers.
[Parallel(n_jobs=12)]: Done  26 tasks      | elapsed:    0.1s
[Parallel(n_jobs=12)]: Done 176 tasks      | elapsed:    0.5s
[Parallel(n_jobs=12)]: Done 260 out of 260 | elapsed:    0.7s finished
[Parallel(n_jobs=-1)]: Using backend ThreadingBackend with 12 concurrent workers.
[Parallel(n_jobs=-1)]: Done  26 tasks      | elapsed:   12.7s
[Parallel(n_jobs=-1)]: Done 176 tasks      | elapsed:  1.1min
[Parallel(n_jobs=-1)]: Done 300 out of 300 | elapsed:  1.8min finished
[Parallel(n_jobs=12)]: Using backend ThreadingBackend with 12 concurrent workers.
[Parallel(n_jobs=12)]: Done  26 tasks      | elapsed:    0.3s
[Parallel(n_jobs=12)]: Done 176 tasks      | elapsed:    1.6s
[Parallel(n_jobs=12)]: Done 300 out of 300 | elapsed:    2.8s finished
[Parallel(n_jobs=12)]: Using backend ThreadingBackend with 12 concurrent workers.
[Parallel(n_jobs=12)]: Done  26 tasks      | elapsed:    0.1s
[Parallel(n_jobs=12)]: Done 176 tasks      | elapsed:    0.5s
[Parallel(n_jobs=12)]: Done 300 out of 300 | elapsed:    0.8s finished
[Parallel(n_jobs=-1)]: Using backend ThreadingBackend with 12 concurrent workers.
[Parallel(n_jobs=-1)]: Done  26 tasks      | elapsed:   12.7s
[Parallel(n_jobs=-1)]: Done 190 out of 190 | elapsed:  1.2min finished
[Parallel(n_jobs=12)]: Using backend ThreadingBackend with 12 concurrent workers.
[Parallel(n_jobs=12)]: Done  26 tasks      | elapsed:    0.3s
[Parallel(n_jobs=12)]: Done 190 out of 190 | elapsed:    1.7s finished
[Parallel(n_jobs=12)]: Using backend ThreadingBackend with 12 concurrent workers.
[Parallel(n_jobs=12)]: Done  26 tasks      | elapsed:    0.1s
[Parallel(n_jobs=12)]: Done 190 out of 190 | elapsed:    0.5s finished
[Parallel(n_jobs=-1)]: Using backend ThreadingBackend with 12 concurrent workers.
[Parallel(n_jobs=-1)]: Done  26 tasks      | elapsed:   13.1s
[Parallel(n_jobs=-1)]: Done 140 out of 140 | elapsed:   52.9s finished
[Parallel(n_jobs=12)]: Using backend ThreadingBackend with 12 concurrent workers.
[Parallel(n_jobs=12)]: Done  26 tasks      | elapsed:    0.4s
[Parallel(n_jobs=12)]: Done 140 out of 140 | elapsed:    1.4s finished
[Parallel(n_jobs=12)]: Using backend ThreadingBackend with 12 concurrent workers.
[Parallel(n_jobs=12)]: Done  26 tasks      | elapsed:    0.1s
[Parallel(n_jobs=12)]: Done 140 out of 140 | elapsed:    0.4s finished
[Parallel(n_jobs=-1)]: Using backend ThreadingBackend with 12 concurrent workers.
[Parallel(n_jobs=-1)]: Done  26 tasks      | elapsed:   12.7s
[Parallel(n_jobs=-1)]: Done 176 tasks      | elapsed:  1.1min
[Parallel(n_jobs=-1)]: Done 300 out of 300 | elapsed:  1.8min finished
[Parallel(n_jobs=12)]: Using backend ThreadingBackend with 12 concurrent workers.
[Parallel(n_jobs=12)]: Done  26 tasks      | elapsed:    0.3s
[Parallel(n_jobs=12)]: Done 176 tasks      | elapsed:    1.6s
[Parallel(n_jobs=12)]: Done 300 out of 300 | elapsed:    2.7s finished
[Parallel(n_jobs=12)]: Using backend ThreadingBackend with 12 concurrent workers.
[Parallel(n_jobs=12)]: Done  26 tasks      | elapsed:    0.1s
[Parallel(n_jobs=12)]: Done 176 tasks      | elapsed:    0.5s
[Parallel(n_jobs=12)]: Done 300 out of 300 | elapsed:    0.8s finished
[Parallel(n_jobs=-1)]: Using backend ThreadingBackend with 12 concurrent workers.
[Parallel(n_jobs=-1)]: Done  26 tasks      | elapsed:   13.1s
[Parallel(n_jobs=-1)]: Done 110 out of 110 | elapsed:   42.9s finished
[Parallel(n_jobs=12)]: Using backend ThreadingBackend with 12 concurrent workers.
[Parallel(n_jobs=12)]: Done  26 tasks      | elapsed:    0.4s
[Parallel(n_jobs=12)]: Done 110 out of 110 | elapsed:    1.2s finished
[Parallel(n_jobs=12)]: Using backend ThreadingBackend with 12 concurrent workers.
[Parallel(n_jobs=12)]: Done  26 tasks      | elapsed:    0.1s
[Parallel(n_jobs=12)]: Done 110 out of 110 | elapsed:    0.3s finished
[Parallel(n_jobs=-1)]: Using backend ThreadingBackend with 12 concurrent workers.
[Parallel(n_jobs=-1)]: Done  26 tasks      | elapsed:   12.7s
[Parallel(n_jobs=-1)]: Done 176 tasks      | elapsed:  1.1min
[Parallel(n_jobs=-1)]: Done 200 out of 200 | elapsed:  1.2min finished
[Parallel(n_jobs=12)]: Using backend ThreadingBackend with 12 concurrent workers.
[Parallel(n_jobs=12)]: Done  26 tasks      | elapsed:    0.3s
[Parallel(n_jobs=12)]: Done 176 tasks      | elapsed:    1.6s
[Parallel(n_jobs=12)]: Done 200 out of 200 | elapsed:    1.8s finished
[Parallel(n_jobs=12)]: Using backend ThreadingBackend with 12 concurrent workers.
[Parallel(n_jobs=12)]: Done  26 tasks      | elapsed:    0.1s
[Parallel(n_jobs=12)]: Done 176 tasks      | elapsed:    0.5s
[Parallel(n_jobs=12)]: Done 200 out of 200 | elapsed:    0.5s finished
[Parallel(n_jobs=-1)]: Using backend ThreadingBackend with 12 concurrent workers.
[Parallel(n_jobs=-1)]: Done  26 tasks      | elapsed:   12.5s
[Parallel(n_jobs=-1)]: Done 100 out of 100 | elapsed:   37.1s finished
[Parallel(n_jobs=12)]: Using backend ThreadingBackend with 12 concurrent workers.
[Parallel(n_jobs=12)]: Done  26 tasks      | elapsed:    0.3s
[Parallel(n_jobs=12)]: Done 100 out of 100 | elapsed:    0.9s finished
[Parallel(n_jobs=12)]: Using backend ThreadingBackend with 12 concurrent workers.
[Parallel(n_jobs=12)]: Done  26 tasks      | elapsed:    0.1s
[Parallel(n_jobs=12)]: Done 100 out of 100 | elapsed:    0.3s finished
[Parallel(n_jobs=-1)]: Using backend ThreadingBackend with 12 concurrent workers.
[Parallel(n_jobs=-1)]: Done  26 tasks      | elapsed:   12.7s
[Parallel(n_jobs=-1)]: Done 190 out of 190 | elapsed:  1.2min finished
[Parallel(n_jobs=12)]: Using backend ThreadingBackend with 12 concurrent workers.
[Parallel(n_jobs=12)]: Done  26 tasks      | elapsed:    0.3s
[Parallel(n_jobs=12)]: Done 190 out of 190 | elapsed:    1.7s finished
[Parallel(n_jobs=12)]: Using backend ThreadingBackend with 12 concurrent workers.
[Parallel(n_jobs=12)]: Done  26 tasks      | elapsed:    0.1s
[Parallel(n_jobs=12)]: Done 190 out of 190 | elapsed:    0.5s finished
[Parallel(n_jobs=-1)]: Using backend ThreadingBackend with 12 concurrent workers.
[Parallel(n_jobs=-1)]: Done  26 tasks      | elapsed:   13.0s
[Parallel(n_jobs=-1)]: Done 176 tasks      | elapsed:  1.1min
[Parallel(n_jobs=-1)]: Done 290 out of 290 | elapsed:  1.8min finished
[Parallel(n_jobs=12)]: Using backend ThreadingBackend with 12 concurrent workers.
[Parallel(n_jobs=12)]: Done  26 tasks      | elapsed:    0.3s
[Parallel(n_jobs=12)]: Done 176 tasks      | elapsed:    1.7s
[Parallel(n_jobs=12)]: Done 290 out of 290 | elapsed:    2.9s finished
[Parallel(n_jobs=12)]: Using backend ThreadingBackend with 12 concurrent workers.
[Parallel(n_jobs=12)]: Done  26 tasks      | elapsed:    0.1s
[Parallel(n_jobs=12)]: Done 176 tasks      | elapsed:    0.5s
[Parallel(n_jobs=12)]: Done 290 out of 290 | elapsed:    0.8s finished
[Parallel(n_jobs=-1)]: Using backend ThreadingBackend with 12 concurrent workers.
[Parallel(n_jobs=-1)]: Done  26 tasks      | elapsed:   12.5s
[Parallel(n_jobs=-1)]: Done 120 out of 120 | elapsed:   42.9s finished
[Parallel(n_jobs=12)]: Using backend ThreadingBackend with 12 concurrent workers.
[Parallel(n_jobs=12)]: Done  26 tasks      | elapsed:    0.3s
[Parallel(n_jobs=12)]: Done 120 out of 120 | elapsed:    1.0s finished
[Parallel(n_jobs=12)]: Using backend ThreadingBackend with 12 concurrent workers.
[Parallel(n_jobs=12)]: Done  26 tasks      | elapsed:    0.1s
[Parallel(n_jobs=12)]: Done 120 out of 120 | elapsed:    0.3s finished
[Parallel(n_jobs=-1)]: Using backend ThreadingBackend with 12 concurrent workers.
[Parallel(n_jobs=-1)]: Done  26 tasks      | elapsed:   13.5s
[Parallel(n_jobs=-1)]: Done 170 out of 170 | elapsed:  1.1min finished
[Parallel(n_jobs=12)]: Using backend ThreadingBackend with 12 concurrent workers.
[Parallel(n_jobs=12)]: Done  26 tasks      | elapsed:    0.4s
[Parallel(n_jobs=12)]: Done 170 out of 170 | elapsed:    2.0s finished
[Parallel(n_jobs=12)]: Using backend ThreadingBackend with 12 concurrent workers.
[Parallel(n_jobs=12)]: Done  26 tasks      | elapsed:    0.1s
[Parallel(n_jobs=12)]: Done 170 out of 170 | elapsed:    0.6s finished
[Parallel(n_jobs=-1)]: Using backend ThreadingBackend with 12 concurrent workers.
[Parallel(n_jobs=-1)]: Done  26 tasks      | elapsed:   13.4s
[Parallel(n_jobs=-1)]: Done 190 out of 190 | elapsed:  1.2min finished
[Parallel(n_jobs=12)]: Using backend ThreadingBackend with 12 concurrent workers.
[Parallel(n_jobs=12)]: Done  26 tasks      | elapsed:    0.4s
[Parallel(n_jobs=12)]: Done 190 out of 190 | elapsed:    2.3s finished
[Parallel(n_jobs=12)]: Using backend ThreadingBackend with 12 concurrent workers.
[Parallel(n_jobs=12)]: Done  26 tasks      | elapsed:    0.1s
[Parallel(n_jobs=12)]: Done 190 out of 190 | elapsed:    0.7s finished
[Parallel(n_jobs=-1)]: Using backend ThreadingBackend with 12 concurrent workers.
[Parallel(n_jobs=-1)]: Done  26 tasks      | elapsed:   13.0s
[Parallel(n_jobs=-1)]: Done 176 tasks      | elapsed:  1.1min
[Parallel(n_jobs=-1)]: Done 270 out of 270 | elapsed:  1.7min finished
[Parallel(n_jobs=12)]: Using backend ThreadingBackend with 12 concurrent workers.
[Parallel(n_jobs=12)]: Done  26 tasks      | elapsed:    0.4s
[Parallel(n_jobs=12)]: Done 176 tasks      | elapsed:    1.7s
[Parallel(n_jobs=12)]: Done 270 out of 270 | elapsed:    2.7s finished
[Parallel(n_jobs=12)]: Using backend ThreadingBackend with 12 concurrent workers.
[Parallel(n_jobs=12)]: Done  26 tasks      | elapsed:    0.1s
[Parallel(n_jobs=12)]: Done 176 tasks      | elapsed:    0.5s
[Parallel(n_jobs=12)]: Done 270 out of 270 | elapsed:    0.8s finished
[Parallel(n_jobs=-1)]: Using backend ThreadingBackend with 12 concurrent workers.
[Parallel(n_jobs=-1)]: Done  26 tasks      | elapsed:   12.5s
[Parallel(n_jobs=-1)]: Done 176 tasks      | elapsed:  1.1min
[Parallel(n_jobs=-1)]: Done 270 out of 270 | elapsed:  1.6min finished
[Parallel(n_jobs=12)]: Using backend ThreadingBackend with 12 concurrent workers.
[Parallel(n_jobs=12)]: Done  26 tasks      | elapsed:    0.3s
[Parallel(n_jobs=12)]: Done 176 tasks      | elapsed:    1.5s
[Parallel(n_jobs=12)]: Done 270 out of 270 | elapsed:    2.3s finished
[Parallel(n_jobs=12)]: Using backend ThreadingBackend with 12 concurrent workers.
[Parallel(n_jobs=12)]: Done  26 tasks      | elapsed:    0.1s
[Parallel(n_jobs=12)]: Done 176 tasks      | elapsed:    0.4s
[Parallel(n_jobs=12)]: Done 270 out of 270 | elapsed:    0.7s finished
[Parallel(n_jobs=-1)]: Using backend ThreadingBackend with 12 concurrent workers.
[Parallel(n_jobs=-1)]: Done  26 tasks      | elapsed:   13.0s
[Parallel(n_jobs=-1)]: Done 120 out of 120 | elapsed:   45.1s finished
[Parallel(n_jobs=12)]: Using backend ThreadingBackend with 12 concurrent workers.
[Parallel(n_jobs=12)]: Done  26 tasks      | elapsed:    0.4s
[Parallel(n_jobs=12)]: Done 120 out of 120 | elapsed:    1.2s finished
[Parallel(n_jobs=12)]: Using backend ThreadingBackend with 12 concurrent workers.
[Parallel(n_jobs=12)]: Done  26 tasks      | elapsed:    0.1s
[Parallel(n_jobs=12)]: Done 120 out of 120 | elapsed:    0.3s finished
[Parallel(n_jobs=-1)]: Using backend ThreadingBackend with 12 concurrent workers.
[Parallel(n_jobs=-1)]: Done  26 tasks      | elapsed:   13.4s
[Parallel(n_jobs=-1)]: Done 140 out of 140 | elapsed:   55.4s finished
[Parallel(n_jobs=12)]: Using backend ThreadingBackend with 12 concurrent workers.
[Parallel(n_jobs=12)]: Done  26 tasks      | elapsed:    0.4s
[Parallel(n_jobs=12)]: Done 140 out of 140 | elapsed:    1.6s finished
[Parallel(n_jobs=12)]: Using backend ThreadingBackend with 12 concurrent workers.
[Parallel(n_jobs=12)]: Done  26 tasks      | elapsed:    0.1s
[Parallel(n_jobs=12)]: Done 140 out of 140 | elapsed:    0.5s finished
[Parallel(n_jobs=-1)]: Using backend ThreadingBackend with 12 concurrent workers.
[Parallel(n_jobs=-1)]: Done  26 tasks      | elapsed:   13.0s
[Parallel(n_jobs=-1)]: Done 100 out of 100 | elapsed:   38.9s finished
[Parallel(n_jobs=12)]: Using backend ThreadingBackend with 12 concurrent workers.
[Parallel(n_jobs=12)]: Done  26 tasks      | elapsed:    0.4s
[Parallel(n_jobs=12)]: Done 100 out of 100 | elapsed:    1.0s finished
[Parallel(n_jobs=12)]: Using backend ThreadingBackend with 12 concurrent workers.
[Parallel(n_jobs=12)]: Done  26 tasks      | elapsed:    0.1s
[Parallel(n_jobs=12)]: Done 100 out of 100 | elapsed:    0.3s finished
[Parallel(n_jobs=-1)]: Using backend ThreadingBackend with 12 concurrent workers.
[Parallel(n_jobs=-1)]: Done  26 tasks      | elapsed:   13.0s
[Parallel(n_jobs=-1)]: Done 110 out of 110 | elapsed:   42.8s finished
[Parallel(n_jobs=12)]: Using backend ThreadingBackend with 12 concurrent workers.
[Parallel(n_jobs=12)]: Done  26 tasks      | elapsed:    0.4s
[Parallel(n_jobs=12)]: Done 110 out of 110 | elapsed:    1.1s finished
[Parallel(n_jobs=12)]: Using backend ThreadingBackend with 12 concurrent workers.
[Parallel(n_jobs=12)]: Done  26 tasks      | elapsed:    0.1s
[Parallel(n_jobs=12)]: Done 110 out of 110 | elapsed:    0.3s finished
[Parallel(n_jobs=-1)]: Using backend ThreadingBackend with 12 concurrent workers.
[Parallel(n_jobs=-1)]: Done  26 tasks      | elapsed:   12.4s
[Parallel(n_jobs=-1)]: Done 176 tasks      | elapsed:  1.1min
[Parallel(n_jobs=-1)]: Done 230 out of 230 | elapsed:  1.4min finished
[Parallel(n_jobs=12)]: Using backend ThreadingBackend with 12 concurrent workers.
[Parallel(n_jobs=12)]: Done  26 tasks      | elapsed:    0.3s
[Parallel(n_jobs=12)]: Done 176 tasks      | elapsed:    1.5s
[Parallel(n_jobs=12)]: Done 230 out of 230 | elapsed:    2.0s finished
[Parallel(n_jobs=12)]: Using backend ThreadingBackend with 12 concurrent workers.
[Parallel(n_jobs=12)]: Done  26 tasks      | elapsed:    0.1s
[Parallel(n_jobs=12)]: Done 176 tasks      | elapsed:    0.4s
[Parallel(n_jobs=12)]: Done 230 out of 230 | elapsed:    0.6s finished
[Parallel(n_jobs=-1)]: Using backend ThreadingBackend with 12 concurrent workers.
[Parallel(n_jobs=-1)]: Done  26 tasks      | elapsed:   13.0s
[Parallel(n_jobs=-1)]: Done 176 tasks      | elapsed:  1.1min
[Parallel(n_jobs=-1)]: Done 230 out of 230 | elapsed:  1.4min finished
[Parallel(n_jobs=12)]: Using backend ThreadingBackend with 12 concurrent workers.
[Parallel(n_jobs=12)]: Done  26 tasks      | elapsed:    0.4s
[Parallel(n_jobs=12)]: Done 176 tasks      | elapsed:    1.8s
[Parallel(n_jobs=12)]: Done 230 out of 230 | elapsed:    2.3s finished
[Parallel(n_jobs=12)]: Using backend ThreadingBackend with 12 concurrent workers.
[Parallel(n_jobs=12)]: Done  26 tasks      | elapsed:    0.1s
[Parallel(n_jobs=12)]: Done 176 tasks      | elapsed:    0.5s
[Parallel(n_jobs=12)]: Done 230 out of 230 | elapsed:    0.7s finished
[Parallel(n_jobs=-1)]: Using backend ThreadingBackend with 12 concurrent workers.
[Parallel(n_jobs=-1)]: Done  26 tasks      | elapsed:   12.5s
[Parallel(n_jobs=-1)]: Done 180 out of 180 | elapsed:  1.1min finished
[Parallel(n_jobs=12)]: Using backend ThreadingBackend with 12 concurrent workers.
[Parallel(n_jobs=12)]: Done  26 tasks      | elapsed:    0.3s
[Parallel(n_jobs=12)]: Done 180 out of 180 | elapsed:    1.6s finished
[Parallel(n_jobs=12)]: Using backend ThreadingBackend with 12 concurrent workers.
[Parallel(n_jobs=12)]: Done  26 tasks      | elapsed:    0.1s
[Parallel(n_jobs=12)]: Done 180 out of 180 | elapsed:    0.4s finished
[Parallel(n_jobs=-1)]: Using backend ThreadingBackend with 12 concurrent workers.
[Parallel(n_jobs=-1)]: Done  26 tasks      | elapsed:   13.1s
[Parallel(n_jobs=-1)]: Done 100 out of 100 | elapsed:   38.9s finished
[Parallel(n_jobs=12)]: Using backend ThreadingBackend with 12 concurrent workers.
[Parallel(n_jobs=12)]: Done  26 tasks      | elapsed:    0.4s
[Parallel(n_jobs=12)]: Done 100 out of 100 | elapsed:    1.0s finished
[Parallel(n_jobs=12)]: Using backend ThreadingBackend with 12 concurrent workers.
[Parallel(n_jobs=12)]: Done  26 tasks      | elapsed:    0.1s
[Parallel(n_jobs=12)]: Done 100 out of 100 | elapsed:    0.3s finished
[Parallel(n_jobs=-1)]: Using backend ThreadingBackend with 12 concurrent workers.
[Parallel(n_jobs=-1)]: Done  26 tasks      | elapsed:   12.5s
[Parallel(n_jobs=-1)]: Done 120 out of 120 | elapsed:   42.9s finished
[Parallel(n_jobs=12)]: Using backend ThreadingBackend with 12 concurrent workers.
[Parallel(n_jobs=12)]: Done  26 tasks      | elapsed:    0.3s
[Parallel(n_jobs=12)]: Done 120 out of 120 | elapsed:    1.0s finished
[Parallel(n_jobs=12)]: Using backend ThreadingBackend with 12 concurrent workers.
[Parallel(n_jobs=12)]: Done  26 tasks      | elapsed:    0.1s
[Parallel(n_jobs=12)]: Done 120 out of 120 | elapsed:    0.3s finished
[Parallel(n_jobs=-1)]: Using backend ThreadingBackend with 12 concurrent workers.
[Parallel(n_jobs=-1)]: Done  26 tasks      | elapsed:   13.1s
[Parallel(n_jobs=-1)]: Done 176 tasks      | elapsed:  1.1min
[Parallel(n_jobs=-1)]: Done 250 out of 250 | elapsed:  1.6min finished
[Parallel(n_jobs=12)]: Using backend ThreadingBackend with 12 concurrent workers.
[Parallel(n_jobs=12)]: Done  26 tasks      | elapsed:    0.4s
[Parallel(n_jobs=12)]: Done 176 tasks      | elapsed:    1.7s
[Parallel(n_jobs=12)]: Done 250 out of 250 | elapsed:    2.4s finished
[Parallel(n_jobs=12)]: Using backend ThreadingBackend with 12 concurrent workers.
[Parallel(n_jobs=12)]: Done  26 tasks      | elapsed:    0.1s
[Parallel(n_jobs=12)]: Done 176 tasks      | elapsed:    0.5s
[Parallel(n_jobs=12)]: Done 250 out of 250 | elapsed:    0.7s finished
[Parallel(n_jobs=-1)]: Using backend ThreadingBackend with 12 concurrent workers.
[Parallel(n_jobs=-1)]: Done  26 tasks      | elapsed:   12.8s
[Parallel(n_jobs=-1)]: Done 176 tasks      | elapsed:  1.1min
[Parallel(n_jobs=-1)]: Done 280 out of 280 | elapsed:  1.7min finished
[Parallel(n_jobs=12)]: Using backend ThreadingBackend with 12 concurrent workers.
[Parallel(n_jobs=12)]: Done  26 tasks      | elapsed:    0.3s
[Parallel(n_jobs=12)]: Done 176 tasks      | elapsed:    1.6s
[Parallel(n_jobs=12)]: Done 280 out of 280 | elapsed:    2.6s finished
[Parallel(n_jobs=12)]: Using backend ThreadingBackend with 12 concurrent workers.
[Parallel(n_jobs=12)]: Done  26 tasks      | elapsed:    0.1s
[Parallel(n_jobs=12)]: Done 176 tasks      | elapsed:    0.5s
[Parallel(n_jobs=12)]: Done 280 out of 280 | elapsed:    0.8s finished
[Parallel(n_jobs=-1)]: Using backend ThreadingBackend with 12 concurrent workers.
[Parallel(n_jobs=-1)]: Done  26 tasks      | elapsed:   12.4s
[Parallel(n_jobs=-1)]: Done 160 out of 160 | elapsed:   58.1s finished
[Parallel(n_jobs=12)]: Using backend ThreadingBackend with 12 concurrent workers.
[Parallel(n_jobs=12)]: Done  26 tasks      | elapsed:    0.3s
[Parallel(n_jobs=12)]: Done 160 out of 160 | elapsed:    1.4s finished
[Parallel(n_jobs=12)]: Using backend ThreadingBackend with 12 concurrent workers.
[Parallel(n_jobs=12)]: Done  26 tasks      | elapsed:    0.1s
[Parallel(n_jobs=12)]: Done 160 out of 160 | elapsed:    0.4s finished
[Parallel(n_jobs=-1)]: Using backend ThreadingBackend with 12 concurrent workers.
[Parallel(n_jobs=-1)]: Done  26 tasks      | elapsed:   12.6s
[Parallel(n_jobs=-1)]: Done 140 out of 140 | elapsed:   50.3s finished
[Parallel(n_jobs=12)]: Using backend ThreadingBackend with 12 concurrent workers.
[Parallel(n_jobs=12)]: Done  26 tasks      | elapsed:    0.3s
[Parallel(n_jobs=12)]: Done 140 out of 140 | elapsed:    1.2s finished
[Parallel(n_jobs=12)]: Using backend ThreadingBackend with 12 concurrent workers.
[Parallel(n_jobs=12)]: Done  26 tasks      | elapsed:    0.1s
[Parallel(n_jobs=12)]: Done 140 out of 140 | elapsed:    0.4s finished
[Parallel(n_jobs=-1)]: Using backend ThreadingBackend with 12 concurrent workers.
[Parallel(n_jobs=-1)]: Done  26 tasks      | elapsed:   13.4s
[Parallel(n_jobs=-1)]: Done 176 tasks      | elapsed:  1.2min
[Parallel(n_jobs=-1)]: Done 250 out of 250 | elapsed:  1.6min finished
[Parallel(n_jobs=12)]: Using backend ThreadingBackend with 12 concurrent workers.
[Parallel(n_jobs=12)]: Done  26 tasks      | elapsed:    0.4s
[Parallel(n_jobs=12)]: Done 176 tasks      | elapsed:    2.1s
[Parallel(n_jobs=12)]: Done 250 out of 250 | elapsed:    3.0s finished
[Parallel(n_jobs=12)]: Using backend ThreadingBackend with 12 concurrent workers.
[Parallel(n_jobs=12)]: Done  26 tasks      | elapsed:    0.1s
[Parallel(n_jobs=12)]: Done 176 tasks      | elapsed:    0.6s
[Parallel(n_jobs=12)]: Done 250 out of 250 | elapsed:    0.8s finished
[Parallel(n_jobs=-1)]: Using backend ThreadingBackend with 12 concurrent workers.
[Parallel(n_jobs=-1)]: Done  26 tasks      | elapsed:   12.4s
[Parallel(n_jobs=-1)]: Done 176 tasks      | elapsed:  1.1min
[Parallel(n_jobs=-1)]: Done 300 out of 300 | elapsed:  1.8min finished
[Parallel(n_jobs=12)]: Using backend ThreadingBackend with 12 concurrent workers.
[Parallel(n_jobs=12)]: Done  26 tasks      | elapsed:    0.3s
[Parallel(n_jobs=12)]: Done 176 tasks      | elapsed:    1.5s
[Parallel(n_jobs=12)]: Done 300 out of 300 | elapsed:    2.6s finished
[Parallel(n_jobs=12)]: Using backend ThreadingBackend with 12 concurrent workers.
[Parallel(n_jobs=12)]: Done  26 tasks      | elapsed:    0.1s
[Parallel(n_jobs=12)]: Done 176 tasks      | elapsed:    0.4s
[Parallel(n_jobs=12)]: Done 300 out of 300 | elapsed:    0.7s finished
[Parallel(n_jobs=-1)]: Using backend ThreadingBackend with 12 concurrent workers.
[Parallel(n_jobs=-1)]: Done  26 tasks      | elapsed:   12.6s
[Parallel(n_jobs=-1)]: Done 176 tasks      | elapsed:  1.1min
[Parallel(n_jobs=-1)]: Done 210 out of 210 | elapsed:  1.3min finished
[Parallel(n_jobs=12)]: Using backend ThreadingBackend with 12 concurrent workers.
[Parallel(n_jobs=12)]: Done  26 tasks      | elapsed:    0.3s
[Parallel(n_jobs=12)]: Done 176 tasks      | elapsed:    1.5s
[Parallel(n_jobs=12)]: Done 210 out of 210 | elapsed:    1.8s finished
[Parallel(n_jobs=12)]: Using backend ThreadingBackend with 12 concurrent workers.
[Parallel(n_jobs=12)]: Done  26 tasks      | elapsed:    0.1s
[Parallel(n_jobs=12)]: Done 176 tasks      | elapsed:    0.4s
[Parallel(n_jobs=12)]: Done 210 out of 210 | elapsed:    0.5s finished
[Parallel(n_jobs=-1)]: Using backend ThreadingBackend with 12 concurrent workers.
[Parallel(n_jobs=-1)]: Done  26 tasks      | elapsed:   12.4s
[Parallel(n_jobs=-1)]: Done 150 out of 150 | elapsed:   54.2s finished
[Parallel(n_jobs=12)]: Using backend ThreadingBackend with 12 concurrent workers.
[Parallel(n_jobs=12)]: Done  26 tasks      | elapsed:    0.3s
[Parallel(n_jobs=12)]: Done 150 out of 150 | elapsed:    1.3s finished
[Parallel(n_jobs=12)]: Using backend ThreadingBackend with 12 concurrent workers.
[Parallel(n_jobs=12)]: Done  26 tasks      | elapsed:    0.1s
[Parallel(n_jobs=12)]: Done 150 out of 150 | elapsed:    0.4s finished
[Parallel(n_jobs=-1)]: Using backend ThreadingBackend with 12 concurrent workers.
[Parallel(n_jobs=-1)]: Done  26 tasks      | elapsed:   12.5s
[Parallel(n_jobs=-1)]: Done 160 out of 160 | elapsed:   58.2s finished
[Parallel(n_jobs=12)]: Using backend ThreadingBackend with 12 concurrent workers.
[Parallel(n_jobs=12)]: Done  26 tasks      | elapsed:    0.3s
[Parallel(n_jobs=12)]: Done 160 out of 160 | elapsed:    1.4s finished
[Parallel(n_jobs=12)]: Using backend ThreadingBackend with 12 concurrent workers.
[Parallel(n_jobs=12)]: Done  26 tasks      | elapsed:    0.1s
[Parallel(n_jobs=12)]: Done 160 out of 160 | elapsed:    0.4s finished
[Parallel(n_jobs=-1)]: Using backend ThreadingBackend with 12 concurrent workers.
[Parallel(n_jobs=-1)]: Done  26 tasks      | elapsed:   13.4s
[Parallel(n_jobs=-1)]: Done 180 out of 180 | elapsed:  1.2min finished
[Parallel(n_jobs=12)]: Using backend ThreadingBackend with 12 concurrent workers.
[Parallel(n_jobs=12)]: Done  26 tasks      | elapsed:    0.4s
[Parallel(n_jobs=12)]: Done 180 out of 180 | elapsed:    2.1s finished
[Parallel(n_jobs=12)]: Using backend ThreadingBackend with 12 concurrent workers.
[Parallel(n_jobs=12)]: Done  26 tasks      | elapsed:    0.1s
[Parallel(n_jobs=12)]: Done 180 out of 180 | elapsed:    0.6s finished
[Parallel(n_jobs=-1)]: Using backend ThreadingBackend with 12 concurrent workers.
[Parallel(n_jobs=-1)]: Done  26 tasks      | elapsed:   13.5s
[Parallel(n_jobs=-1)]: Done 176 tasks      | elapsed:  1.2min
[Parallel(n_jobs=-1)]: Done 240 out of 240 | elapsed:  1.6min finished
[Parallel(n_jobs=12)]: Using backend ThreadingBackend with 12 concurrent workers.
[Parallel(n_jobs=12)]: Done  26 tasks      | elapsed:    0.4s
[Parallel(n_jobs=12)]: Done 176 tasks      | elapsed:    2.1s
[Parallel(n_jobs=12)]: Done 240 out of 240 | elapsed:    2.8s finished
[Parallel(n_jobs=12)]: Using backend ThreadingBackend with 12 concurrent workers.
[Parallel(n_jobs=12)]: Done  26 tasks      | elapsed:    0.1s
[Parallel(n_jobs=12)]: Done 176 tasks      | elapsed:    0.6s
[Parallel(n_jobs=12)]: Done 240 out of 240 | elapsed:    0.8s finished
[Parallel(n_jobs=-1)]: Using backend ThreadingBackend with 12 concurrent workers.
[Parallel(n_jobs=-1)]: Done  26 tasks      | elapsed:   12.4s
[Parallel(n_jobs=-1)]: Done 176 tasks      | elapsed:  1.1min
[Parallel(n_jobs=-1)]: Done 240 out of 240 | elapsed:  1.4min finished
[Parallel(n_jobs=12)]: Using backend ThreadingBackend with 12 concurrent workers.
[Parallel(n_jobs=12)]: Done  26 tasks      | elapsed:    0.3s
[Parallel(n_jobs=12)]: Done 176 tasks      | elapsed:    1.5s
[Parallel(n_jobs=12)]: Done 240 out of 240 | elapsed:    2.0s finished
[Parallel(n_jobs=12)]: Using backend ThreadingBackend with 12 concurrent workers.
[Parallel(n_jobs=12)]: Done  26 tasks      | elapsed:    0.1s
[Parallel(n_jobs=12)]: Done 176 tasks      | elapsed:    0.4s
[Parallel(n_jobs=12)]: Done 240 out of 240 | elapsed:    0.6s finished
[Parallel(n_jobs=-1)]: Using backend ThreadingBackend with 12 concurrent workers.
[Parallel(n_jobs=-1)]: Done  26 tasks      | elapsed:   13.0s
[Parallel(n_jobs=-1)]: Done 176 tasks      | elapsed:  1.1min
[Parallel(n_jobs=-1)]: Done 270 out of 270 | elapsed:  1.7min finished
[Parallel(n_jobs=12)]: Using backend ThreadingBackend with 12 concurrent workers.
[Parallel(n_jobs=12)]: Done  26 tasks      | elapsed:    0.4s
[Parallel(n_jobs=12)]: Done 176 tasks      | elapsed:    1.7s
[Parallel(n_jobs=12)]: Done 270 out of 270 | elapsed:    2.7s finished
[Parallel(n_jobs=12)]: Using backend ThreadingBackend with 12 concurrent workers.
[Parallel(n_jobs=12)]: Done  26 tasks      | elapsed:    0.1s
[Parallel(n_jobs=12)]: Done 176 tasks      | elapsed:    0.5s
[Parallel(n_jobs=12)]: Done 270 out of 270 | elapsed:    0.8s finished
[Parallel(n_jobs=-1)]: Using backend ThreadingBackend with 12 concurrent workers.
[Parallel(n_jobs=-1)]: Done  26 tasks      | elapsed:   13.5s
[Parallel(n_jobs=-1)]: Done 170 out of 170 | elapsed:  1.1min finished
[Parallel(n_jobs=12)]: Using backend ThreadingBackend with 12 concurrent workers.
[Parallel(n_jobs=12)]: Done  26 tasks      | elapsed:    0.4s
[Parallel(n_jobs=12)]: Done 170 out of 170 | elapsed:    2.0s finished
[Parallel(n_jobs=12)]: Using backend ThreadingBackend with 12 concurrent workers.
[Parallel(n_jobs=12)]: Done  26 tasks      | elapsed:    0.1s
[Parallel(n_jobs=12)]: Done 170 out of 170 | elapsed:    0.6s finished
[Parallel(n_jobs=-1)]: Using backend ThreadingBackend with 12 concurrent workers.
[Parallel(n_jobs=-1)]: Done  26 tasks      | elapsed:   12.5s
[Parallel(n_jobs=-1)]: Done 176 tasks      | elapsed:  1.1min
[Parallel(n_jobs=-1)]: Done 250 out of 250 | elapsed:  1.5min finished
[Parallel(n_jobs=12)]: Using backend ThreadingBackend with 12 concurrent workers.
[Parallel(n_jobs=12)]: Done  26 tasks      | elapsed:    0.3s
[Parallel(n_jobs=12)]: Done 176 tasks      | elapsed:    1.5s
[Parallel(n_jobs=12)]: Done 250 out of 250 | elapsed:    2.1s finished
[Parallel(n_jobs=12)]: Using backend ThreadingBackend with 12 concurrent workers.
[Parallel(n_jobs=12)]: Done  26 tasks      | elapsed:    0.1s
[Parallel(n_jobs=12)]: Done 176 tasks      | elapsed:    0.4s
[Parallel(n_jobs=12)]: Done 250 out of 250 | elapsed:    0.6s finished
[Parallel(n_jobs=-1)]: Using backend ThreadingBackend with 12 concurrent workers.
[Parallel(n_jobs=-1)]: Done  26 tasks      | elapsed:   12.5s
[Parallel(n_jobs=-1)]: Done 130 out of 130 | elapsed:   46.7s finished
[Parallel(n_jobs=12)]: Using backend ThreadingBackend with 12 concurrent workers.
[Parallel(n_jobs=12)]: Done  26 tasks      | elapsed:    0.3s
[Parallel(n_jobs=12)]: Done 130 out of 130 | elapsed:    1.1s finished
[Parallel(n_jobs=12)]: Using backend ThreadingBackend with 12 concurrent workers.
[Parallel(n_jobs=12)]: Done  26 tasks      | elapsed:    0.1s
[Parallel(n_jobs=12)]: Done 130 out of 130 | elapsed:    0.3s finished
[Parallel(n_jobs=-1)]: Using backend ThreadingBackend with 12 concurrent workers.
[Parallel(n_jobs=-1)]: Done  26 tasks      | elapsed:   12.8s
[Parallel(n_jobs=-1)]: Done 176 tasks      | elapsed:  1.1min
[Parallel(n_jobs=-1)]: Done 250 out of 250 | elapsed:  1.5min finished
[Parallel(n_jobs=12)]: Using backend ThreadingBackend with 12 concurrent workers.
[Parallel(n_jobs=12)]: Done  26 tasks      | elapsed:    0.3s
[Parallel(n_jobs=12)]: Done 176 tasks      | elapsed:    1.6s
[Parallel(n_jobs=12)]: Done 250 out of 250 | elapsed:    2.2s finished
[Parallel(n_jobs=12)]: Using backend ThreadingBackend with 12 concurrent workers.
[Parallel(n_jobs=12)]: Done  26 tasks      | elapsed:    0.1s
[Parallel(n_jobs=12)]: Done 176 tasks      | elapsed:    0.5s
[Parallel(n_jobs=12)]: Done 250 out of 250 | elapsed:    0.7s finished
[Parallel(n_jobs=-1)]: Using backend ThreadingBackend with 12 concurrent workers.
[Parallel(n_jobs=-1)]: Done  26 tasks      | elapsed:   12.8s
[Parallel(n_jobs=-1)]: Done 176 tasks      | elapsed:  1.1min
[Parallel(n_jobs=-1)]: Done 200 out of 200 | elapsed:  1.2min finished
[Parallel(n_jobs=12)]: Using backend ThreadingBackend with 12 concurrent workers.
[Parallel(n_jobs=12)]: Done  26 tasks      | elapsed:    0.3s
[Parallel(n_jobs=12)]: Done 176 tasks      | elapsed:    1.6s
[Parallel(n_jobs=12)]: Done 200 out of 200 | elapsed:    1.8s finished
[Parallel(n_jobs=12)]: Using backend ThreadingBackend with 12 concurrent workers.
[Parallel(n_jobs=12)]: Done  26 tasks      | elapsed:    0.1s
[Parallel(n_jobs=12)]: Done 176 tasks      | elapsed:    0.5s
[Parallel(n_jobs=12)]: Done 200 out of 200 | elapsed:    0.5s finished
[Parallel(n_jobs=-1)]: Using backend ThreadingBackend with 12 concurrent workers.
[Parallel(n_jobs=-1)]: Done  26 tasks      | elapsed:   13.5s
[Parallel(n_jobs=-1)]: Done 176 tasks      | elapsed:  1.2min
[Parallel(n_jobs=-1)]: Done 250 out of 250 | elapsed:  1.6min finished
[Parallel(n_jobs=12)]: Using backend ThreadingBackend with 12 concurrent workers.
[Parallel(n_jobs=12)]: Done  26 tasks      | elapsed:    0.4s
[Parallel(n_jobs=12)]: Done 176 tasks      | elapsed:    2.1s
[Parallel(n_jobs=12)]: Done 250 out of 250 | elapsed:    2.9s finished
[Parallel(n_jobs=12)]: Using backend ThreadingBackend with 12 concurrent workers.
[Parallel(n_jobs=12)]: Done  26 tasks      | elapsed:    0.1s
[Parallel(n_jobs=12)]: Done 176 tasks      | elapsed:    0.6s
[Parallel(n_jobs=12)]: Done 250 out of 250 | elapsed:    0.8s finished
[Parallel(n_jobs=-1)]: Using backend ThreadingBackend with 12 concurrent workers.
[Parallel(n_jobs=-1)]: Done  26 tasks      | elapsed:   12.5s
[Parallel(n_jobs=-1)]: Done 170 out of 170 | elapsed:  1.0min finished
[Parallel(n_jobs=12)]: Using backend ThreadingBackend with 12 concurrent workers.
[Parallel(n_jobs=12)]: Done  26 tasks      | elapsed:    0.3s
[Parallel(n_jobs=12)]: Done 170 out of 170 | elapsed:    1.5s finished
[Parallel(n_jobs=12)]: Using backend ThreadingBackend with 12 concurrent workers.
[Parallel(n_jobs=12)]: Done  26 tasks      | elapsed:    0.1s
[Parallel(n_jobs=12)]: Done 170 out of 170 | elapsed:    0.4s finished
[Parallel(n_jobs=-1)]: Using backend ThreadingBackend with 12 concurrent workers.
[Parallel(n_jobs=-1)]: Done  26 tasks      | elapsed:   12.5s
[Parallel(n_jobs=-1)]: Done 100 out of 100 | elapsed:   37.3s finished
[Parallel(n_jobs=12)]: Using backend ThreadingBackend with 12 concurrent workers.
[Parallel(n_jobs=12)]: Done  26 tasks      | elapsed:    0.3s
[Parallel(n_jobs=12)]: Done 100 out of 100 | elapsed:    0.9s finished
[Parallel(n_jobs=12)]: Using backend ThreadingBackend with 12 concurrent workers.
[Parallel(n_jobs=12)]: Done  26 tasks      | elapsed:    0.1s
[Parallel(n_jobs=12)]: Done 100 out of 100 | elapsed:    0.3s finished
[Parallel(n_jobs=-1)]: Using backend ThreadingBackend with 12 concurrent workers.
[Parallel(n_jobs=-1)]: Done  26 tasks      | elapsed:   12.5s
[Parallel(n_jobs=-1)]: Done 176 tasks      | elapsed:  1.1min
[Parallel(n_jobs=-1)]: Done 200 out of 200 | elapsed:  1.2min finished
[Parallel(n_jobs=12)]: Using backend ThreadingBackend with 12 concurrent workers.
[Parallel(n_jobs=12)]: Done  26 tasks      | elapsed:    0.3s
[Parallel(n_jobs=12)]: Done 176 tasks      | elapsed:    1.5s
[Parallel(n_jobs=12)]: Done 200 out of 200 | elapsed:    1.7s finished
[Parallel(n_jobs=12)]: Using backend ThreadingBackend with 12 concurrent workers.
[Parallel(n_jobs=12)]: Done  26 tasks      | elapsed:    0.1s
[Parallel(n_jobs=12)]: Done 176 tasks      | elapsed:    0.4s
[Parallel(n_jobs=12)]: Done 200 out of 200 | elapsed:    0.5s finished
