slurmstepd: error: execve(): module: No such file or directory
srun: error: lmem-0001: task 0: Exited with exit code 2
srun: launch/slurm: _step_signal: Terminating StepId=35308677.0
slurmstepd: error: execve(): source: No such file or directory
srun: error: lmem-0001: task 0: Exited with exit code 2
srun: launch/slurm: _step_signal: Terminating StepId=35308677.1
INFO:sherpa.core:
-------------------------------------------------------
SHERPA Dashboard running. Access via
http://10.100.5.0:8880 if on a cluster or
http://localhost:8880 if running locally.
-------------------------------------------------------
WARNING:werkzeug: * Running on all addresses.
   WARNING: This is a development server. Do not use it in a production deployment.
[Parallel(n_jobs=-1)]: Using backend ThreadingBackend with 16 concurrent workers.
[Parallel(n_jobs=-1)]: Done  18 tasks      | elapsed:   55.7s
[Parallel(n_jobs=-1)]: Done 120 out of 120 | elapsed:  3.8min finished
[Parallel(n_jobs=16)]: Using backend ThreadingBackend with 16 concurrent workers.
[Parallel(n_jobs=16)]: Done  18 tasks      | elapsed:    0.6s
[Parallel(n_jobs=16)]: Done 120 out of 120 | elapsed:    2.7s finished
[Parallel(n_jobs=16)]: Using backend ThreadingBackend with 16 concurrent workers.
[Parallel(n_jobs=16)]: Done  18 tasks      | elapsed:    0.2s
[Parallel(n_jobs=16)]: Done 120 out of 120 | elapsed:    0.7s finished
[Parallel(n_jobs=-1)]: Using backend ThreadingBackend with 16 concurrent workers.
[Parallel(n_jobs=-1)]: Done  18 tasks      | elapsed:   55.3s
[Parallel(n_jobs=-1)]: Done 168 tasks      | elapsed:  5.2min
[Parallel(n_jobs=-1)]: Done 300 out of 300 | elapsed:  9.0min finished
[Parallel(n_jobs=16)]: Using backend ThreadingBackend with 16 concurrent workers.
[Parallel(n_jobs=16)]: Done  18 tasks      | elapsed:    0.5s
[Parallel(n_jobs=16)]: Done 168 tasks      | elapsed:    3.9s
[Parallel(n_jobs=16)]: Done 300 out of 300 | elapsed:    7.3s finished
[Parallel(n_jobs=16)]: Using backend ThreadingBackend with 16 concurrent workers.
[Parallel(n_jobs=16)]: Done  18 tasks      | elapsed:    0.2s
[Parallel(n_jobs=16)]: Done 168 tasks      | elapsed:    1.3s
[Parallel(n_jobs=16)]: Done 300 out of 300 | elapsed:    2.5s finished
[Parallel(n_jobs=-1)]: Using backend ThreadingBackend with 16 concurrent workers.
[Parallel(n_jobs=-1)]: Done  18 tasks      | elapsed:   53.9s
[Parallel(n_jobs=-1)]: Done 120 out of 120 | elapsed:  3.8min finished
[Parallel(n_jobs=16)]: Using backend ThreadingBackend with 16 concurrent workers.
[Parallel(n_jobs=16)]: Done  18 tasks      | elapsed:    0.7s
[Parallel(n_jobs=16)]: Done 120 out of 120 | elapsed:    3.1s finished
[Parallel(n_jobs=16)]: Using backend ThreadingBackend with 16 concurrent workers.
[Parallel(n_jobs=16)]: Done  18 tasks      | elapsed:    0.2s
[Parallel(n_jobs=16)]: Done 120 out of 120 | elapsed:    0.8s finished
[Parallel(n_jobs=-1)]: Using backend ThreadingBackend with 16 concurrent workers.
[Parallel(n_jobs=-1)]: Done  18 tasks      | elapsed:   53.1s
[Parallel(n_jobs=-1)]: Done 150 out of 150 | elapsed:  4.6min finished
[Parallel(n_jobs=16)]: Using backend ThreadingBackend with 16 concurrent workers.
[Parallel(n_jobs=16)]: Done  18 tasks      | elapsed:    0.5s
[Parallel(n_jobs=16)]: Done 150 out of 150 | elapsed:    2.7s finished
[Parallel(n_jobs=16)]: Using backend ThreadingBackend with 16 concurrent workers.
[Parallel(n_jobs=16)]: Done  18 tasks      | elapsed:    0.2s
[Parallel(n_jobs=16)]: Done 150 out of 150 | elapsed:    0.7s finished
[Parallel(n_jobs=-1)]: Using backend ThreadingBackend with 16 concurrent workers.
[Parallel(n_jobs=-1)]: Done  18 tasks      | elapsed:   51.8s
[Parallel(n_jobs=-1)]: Done 168 tasks      | elapsed:  4.9min
[Parallel(n_jobs=-1)]: Done 280 out of 280 | elapsed:  8.0min finished
[Parallel(n_jobs=16)]: Using backend ThreadingBackend with 16 concurrent workers.
[Parallel(n_jobs=16)]: Done  18 tasks      | elapsed:    0.5s
[Parallel(n_jobs=16)]: Done 168 tasks      | elapsed:    2.6s
[Parallel(n_jobs=16)]: Done 280 out of 280 | elapsed:    4.1s finished
[Parallel(n_jobs=16)]: Using backend ThreadingBackend with 16 concurrent workers.
[Parallel(n_jobs=16)]: Done  18 tasks      | elapsed:    0.2s
[Parallel(n_jobs=16)]: Done 168 tasks      | elapsed:    0.9s
[Parallel(n_jobs=16)]: Done 280 out of 280 | elapsed:    1.4s finished
[Parallel(n_jobs=-1)]: Using backend ThreadingBackend with 16 concurrent workers.
[Parallel(n_jobs=-1)]: Done  18 tasks      | elapsed:   52.3s
[Parallel(n_jobs=-1)]: Done 168 tasks      | elapsed:  5.1min
[Parallel(n_jobs=-1)]: Done 300 out of 300 | elapsed:  8.9min finished
[Parallel(n_jobs=16)]: Using backend ThreadingBackend with 16 concurrent workers.
[Parallel(n_jobs=16)]: Done  18 tasks      | elapsed:    0.4s
[Parallel(n_jobs=16)]: Done 168 tasks      | elapsed:    2.6s
[Parallel(n_jobs=16)]: Done 300 out of 300 | elapsed:    4.2s finished
[Parallel(n_jobs=16)]: Using backend ThreadingBackend with 16 concurrent workers.
[Parallel(n_jobs=16)]: Done  18 tasks      | elapsed:    0.1s
[Parallel(n_jobs=16)]: Done 168 tasks      | elapsed:    0.8s
[Parallel(n_jobs=16)]: Done 300 out of 300 | elapsed:    1.3s finished
[Parallel(n_jobs=-1)]: Using backend ThreadingBackend with 16 concurrent workers.
[Parallel(n_jobs=-1)]: Done  18 tasks      | elapsed:   51.8s
[Parallel(n_jobs=-1)]: Done 168 tasks      | elapsed:  5.0min
[Parallel(n_jobs=-1)]: Done 260 out of 260 | elapsed:  7.6min finished
[Parallel(n_jobs=16)]: Using backend ThreadingBackend with 16 concurrent workers.
[Parallel(n_jobs=16)]: Done  18 tasks      | elapsed:    0.5s
[Parallel(n_jobs=16)]: Done 168 tasks      | elapsed:    2.7s
[Parallel(n_jobs=16)]: Done 260 out of 260 | elapsed:    4.0s finished
[Parallel(n_jobs=16)]: Using backend ThreadingBackend with 16 concurrent workers.
[Parallel(n_jobs=16)]: Done  18 tasks      | elapsed:    0.1s
[Parallel(n_jobs=16)]: Done 168 tasks      | elapsed:    0.7s
[Parallel(n_jobs=16)]: Done 260 out of 260 | elapsed:    1.1s finished
[Parallel(n_jobs=-1)]: Using backend ThreadingBackend with 16 concurrent workers.
[Parallel(n_jobs=-1)]: Done  18 tasks      | elapsed:   52.1s
[Parallel(n_jobs=-1)]: Done 168 tasks      | elapsed:  4.9min
[Parallel(n_jobs=-1)]: Done 230 out of 230 | elapsed:  6.6min finished
[Parallel(n_jobs=16)]: Using backend ThreadingBackend with 16 concurrent workers.
[Parallel(n_jobs=16)]: Done  18 tasks      | elapsed:    0.4s
[Parallel(n_jobs=16)]: Done 168 tasks      | elapsed:    2.7s
[Parallel(n_jobs=16)]: Done 230 out of 230 | elapsed:    3.6s finished
[Parallel(n_jobs=16)]: Using backend ThreadingBackend with 16 concurrent workers.
[Parallel(n_jobs=16)]: Done  18 tasks      | elapsed:    0.1s
[Parallel(n_jobs=16)]: Done 168 tasks      | elapsed:    0.7s
[Parallel(n_jobs=16)]: Done 230 out of 230 | elapsed:    1.0s finished
[Parallel(n_jobs=-1)]: Using backend ThreadingBackend with 16 concurrent workers.
[Parallel(n_jobs=-1)]: Done  18 tasks      | elapsed:   54.5s
[Parallel(n_jobs=-1)]: Done 180 out of 180 | elapsed:  5.6min finished
[Parallel(n_jobs=16)]: Using backend ThreadingBackend with 16 concurrent workers.
[Parallel(n_jobs=16)]: Done  18 tasks      | elapsed:    0.5s
[Parallel(n_jobs=16)]: Done 180 out of 180 | elapsed:    3.7s finished
[Parallel(n_jobs=16)]: Using backend ThreadingBackend with 16 concurrent workers.
[Parallel(n_jobs=16)]: Done  18 tasks      | elapsed:    0.2s
[Parallel(n_jobs=16)]: Done 180 out of 180 | elapsed:    1.2s finished
[Parallel(n_jobs=-1)]: Using backend ThreadingBackend with 16 concurrent workers.
[Parallel(n_jobs=-1)]: Done  18 tasks      | elapsed:   55.6s
[Parallel(n_jobs=-1)]: Done 168 tasks      | elapsed:  5.3min
[Parallel(n_jobs=-1)]: Done 220 out of 220 | elapsed:  6.9min finished
[Parallel(n_jobs=16)]: Using backend ThreadingBackend with 16 concurrent workers.
[Parallel(n_jobs=16)]: Done  18 tasks      | elapsed:    0.5s
[Parallel(n_jobs=16)]: Done 168 tasks      | elapsed:    3.4s
[Parallel(n_jobs=16)]: Done 220 out of 220 | elapsed:    4.5s finished
[Parallel(n_jobs=16)]: Using backend ThreadingBackend with 16 concurrent workers.
[Parallel(n_jobs=16)]: Done  18 tasks      | elapsed:    0.2s
[Parallel(n_jobs=16)]: Done 168 tasks      | elapsed:    1.3s
[Parallel(n_jobs=16)]: Done 220 out of 220 | elapsed:    1.8s finished
[Parallel(n_jobs=-1)]: Using backend ThreadingBackend with 16 concurrent workers.
[Parallel(n_jobs=-1)]: Done  18 tasks      | elapsed:   55.5s
[Parallel(n_jobs=-1)]: Done 168 tasks      | elapsed:  5.2min
[Parallel(n_jobs=-1)]: Done 250 out of 250 | elapsed:  7.6min finished
[Parallel(n_jobs=16)]: Using backend ThreadingBackend with 16 concurrent workers.
[Parallel(n_jobs=16)]: Done  18 tasks      | elapsed:    0.6s
[Parallel(n_jobs=16)]: Done 168 tasks      | elapsed:    4.1s
[Parallel(n_jobs=16)]: Done 250 out of 250 | elapsed:    5.7s finished
[Parallel(n_jobs=16)]: Using backend ThreadingBackend with 16 concurrent workers.
[Parallel(n_jobs=16)]: Done  18 tasks      | elapsed:    0.2s
[Parallel(n_jobs=16)]: Done 168 tasks      | elapsed:    1.2s
[Parallel(n_jobs=16)]: Done 250 out of 250 | elapsed:    1.6s finished
[Parallel(n_jobs=-1)]: Using backend ThreadingBackend with 16 concurrent workers.
[Parallel(n_jobs=-1)]: Done  18 tasks      | elapsed:   55.5s
[Parallel(n_jobs=-1)]: Done 168 tasks      | elapsed:  5.3min
[Parallel(n_jobs=-1)]: Done 220 out of 220 | elapsed:  6.9min finished
[Parallel(n_jobs=16)]: Using backend ThreadingBackend with 16 concurrent workers.
[Parallel(n_jobs=16)]: Done  18 tasks      | elapsed:    0.5s
[Parallel(n_jobs=16)]: Done 168 tasks      | elapsed:    3.7s
[Parallel(n_jobs=16)]: Done 220 out of 220 | elapsed:    4.6s finished
[Parallel(n_jobs=16)]: Using backend ThreadingBackend with 16 concurrent workers.
[Parallel(n_jobs=16)]: Done  18 tasks      | elapsed:    0.2s
[Parallel(n_jobs=16)]: Done 168 tasks      | elapsed:    1.1s
[Parallel(n_jobs=16)]: Done 220 out of 220 | elapsed:    1.4s finished
[Parallel(n_jobs=-1)]: Using backend ThreadingBackend with 16 concurrent workers.
[Parallel(n_jobs=-1)]: Done  18 tasks      | elapsed:   54.8s
[Parallel(n_jobs=-1)]: Done 168 tasks      | elapsed:  5.6min
[Parallel(n_jobs=-1)]: Done 200 out of 200 | elapsed:  6.5min finished
[Parallel(n_jobs=16)]: Using backend ThreadingBackend with 16 concurrent workers.
[Parallel(n_jobs=16)]: Done  18 tasks      | elapsed:    0.5s
[Parallel(n_jobs=16)]: Done 168 tasks      | elapsed:    3.3s
[Parallel(n_jobs=16)]: Done 200 out of 200 | elapsed:    3.8s finished
[Parallel(n_jobs=16)]: Using backend ThreadingBackend with 16 concurrent workers.
[Parallel(n_jobs=16)]: Done  18 tasks      | elapsed:    0.2s
[Parallel(n_jobs=16)]: Done 168 tasks      | elapsed:    1.3s
[Parallel(n_jobs=16)]: Done 200 out of 200 | elapsed:    1.5s finished
[Parallel(n_jobs=-1)]: Using backend ThreadingBackend with 16 concurrent workers.
[Parallel(n_jobs=-1)]: Done  18 tasks      | elapsed:   52.4s
[Parallel(n_jobs=-1)]: Done 170 out of 170 | elapsed:  5.2min finished
[Parallel(n_jobs=16)]: Using backend ThreadingBackend with 16 concurrent workers.
[Parallel(n_jobs=16)]: Done  18 tasks      | elapsed:    0.5s
[Parallel(n_jobs=16)]: Done 170 out of 170 | elapsed:    2.7s finished
[Parallel(n_jobs=16)]: Using backend ThreadingBackend with 16 concurrent workers.
[Parallel(n_jobs=16)]: Done  18 tasks      | elapsed:    0.1s
[Parallel(n_jobs=16)]: Done 170 out of 170 | elapsed:    0.7s finished
[Parallel(n_jobs=-1)]: Using backend ThreadingBackend with 16 concurrent workers.
[Parallel(n_jobs=-1)]: Done  18 tasks      | elapsed:   52.0s
[Parallel(n_jobs=-1)]: Done 168 tasks      | elapsed:  4.9min
[Parallel(n_jobs=-1)]: Done 240 out of 240 | elapsed:  6.8min finished
[Parallel(n_jobs=16)]: Using backend ThreadingBackend with 16 concurrent workers.
[Parallel(n_jobs=16)]: Done  18 tasks      | elapsed:    0.5s
[Parallel(n_jobs=16)]: Done 168 tasks      | elapsed:    3.1s
[Parallel(n_jobs=16)]: Done 240 out of 240 | elapsed:    4.3s finished
[Parallel(n_jobs=16)]: Using backend ThreadingBackend with 16 concurrent workers.
[Parallel(n_jobs=16)]: Done  18 tasks      | elapsed:    0.1s
[Parallel(n_jobs=16)]: Done 168 tasks      | elapsed:    0.8s
[Parallel(n_jobs=16)]: Done 240 out of 240 | elapsed:    1.1s finished
[Parallel(n_jobs=-1)]: Using backend ThreadingBackend with 16 concurrent workers.
[Parallel(n_jobs=-1)]: Done  18 tasks      | elapsed:   51.6s
[Parallel(n_jobs=-1)]: Done 130 out of 130 | elapsed:  3.9min finished
[Parallel(n_jobs=16)]: Using backend ThreadingBackend with 16 concurrent workers.
[Parallel(n_jobs=16)]: Done  18 tasks      | elapsed:    0.4s
[Parallel(n_jobs=16)]: Done 130 out of 130 | elapsed:    1.7s finished
[Parallel(n_jobs=16)]: Using backend ThreadingBackend with 16 concurrent workers.
[Parallel(n_jobs=16)]: Done  18 tasks      | elapsed:    0.1s
[Parallel(n_jobs=16)]: Done 130 out of 130 | elapsed:    0.5s finished
[Parallel(n_jobs=-1)]: Using backend ThreadingBackend with 16 concurrent workers.
[Parallel(n_jobs=-1)]: Done  18 tasks      | elapsed:   55.9s
[Parallel(n_jobs=-1)]: Done 168 tasks      | elapsed:  5.2min
[Parallel(n_jobs=-1)]: Done 280 out of 280 | elapsed:  8.5min finished
[Parallel(n_jobs=16)]: Using backend ThreadingBackend with 16 concurrent workers.
[Parallel(n_jobs=16)]: Done  18 tasks      | elapsed:    0.6s
[Parallel(n_jobs=16)]: Done 168 tasks      | elapsed:    4.2s
[Parallel(n_jobs=16)]: Done 280 out of 280 | elapsed:    6.8s finished
[Parallel(n_jobs=16)]: Using backend ThreadingBackend with 16 concurrent workers.
[Parallel(n_jobs=16)]: Done  18 tasks      | elapsed:    0.2s
[Parallel(n_jobs=16)]: Done 168 tasks      | elapsed:    1.4s
[Parallel(n_jobs=16)]: Done 280 out of 280 | elapsed:    2.4s finished
[Parallel(n_jobs=-1)]: Using backend ThreadingBackend with 16 concurrent workers.
[Parallel(n_jobs=-1)]: Done  18 tasks      | elapsed:   52.0s
[Parallel(n_jobs=-1)]: Done 100 out of 100 | elapsed:  3.0min finished
[Parallel(n_jobs=16)]: Using backend ThreadingBackend with 16 concurrent workers.
[Parallel(n_jobs=16)]: Done  18 tasks      | elapsed:    0.5s
[Parallel(n_jobs=16)]: Done 100 out of 100 | elapsed:    1.7s finished
[Parallel(n_jobs=16)]: Using backend ThreadingBackend with 16 concurrent workers.
[Parallel(n_jobs=16)]: Done  18 tasks      | elapsed:    0.1s
[Parallel(n_jobs=16)]: Done 100 out of 100 | elapsed:    0.4s finished
[Parallel(n_jobs=-1)]: Using backend ThreadingBackend with 16 concurrent workers.
[Parallel(n_jobs=-1)]: Done  18 tasks      | elapsed:   50.4s
[Parallel(n_jobs=-1)]: Done 100 out of 100 | elapsed:  2.9min finished
[Parallel(n_jobs=16)]: Using backend ThreadingBackend with 16 concurrent workers.
[Parallel(n_jobs=16)]: Done  18 tasks      | elapsed:    0.4s
[Parallel(n_jobs=16)]: Done 100 out of 100 | elapsed:    1.6s finished
[Parallel(n_jobs=16)]: Using backend ThreadingBackend with 16 concurrent workers.
[Parallel(n_jobs=16)]: Done  18 tasks      | elapsed:    0.1s
[Parallel(n_jobs=16)]: Done 100 out of 100 | elapsed:    0.4s finished
[Parallel(n_jobs=-1)]: Using backend ThreadingBackend with 16 concurrent workers.
[Parallel(n_jobs=-1)]: Done  18 tasks      | elapsed:   50.7s
[Parallel(n_jobs=-1)]: Done 130 out of 130 | elapsed:  3.8min finished
[Parallel(n_jobs=16)]: Using backend ThreadingBackend with 16 concurrent workers.
[Parallel(n_jobs=16)]: Done  18 tasks      | elapsed:    0.4s
[Parallel(n_jobs=16)]: Done 130 out of 130 | elapsed:    2.1s finished
[Parallel(n_jobs=16)]: Using backend ThreadingBackend with 16 concurrent workers.
[Parallel(n_jobs=16)]: Done  18 tasks      | elapsed:    0.1s
[Parallel(n_jobs=16)]: Done 130 out of 130 | elapsed:    0.5s finished
[Parallel(n_jobs=-1)]: Using backend ThreadingBackend with 16 concurrent workers.
[Parallel(n_jobs=-1)]: Done  18 tasks      | elapsed:   49.9s
[Parallel(n_jobs=-1)]: Done 168 tasks      | elapsed:  4.8min
[Parallel(n_jobs=-1)]: Done 200 out of 200 | elapsed:  5.7min finished
[Parallel(n_jobs=16)]: Using backend ThreadingBackend with 16 concurrent workers.
[Parallel(n_jobs=16)]: Done  18 tasks      | elapsed:    0.4s
[Parallel(n_jobs=16)]: Done 168 tasks      | elapsed:    2.5s
[Parallel(n_jobs=16)]: Done 200 out of 200 | elapsed:    2.9s finished
[Parallel(n_jobs=16)]: Using backend ThreadingBackend with 16 concurrent workers.
[Parallel(n_jobs=16)]: Done  18 tasks      | elapsed:    0.2s
[Parallel(n_jobs=16)]: Done 168 tasks      | elapsed:    0.8s
[Parallel(n_jobs=16)]: Done 200 out of 200 | elapsed:    0.9s finished
[Parallel(n_jobs=-1)]: Using backend ThreadingBackend with 16 concurrent workers.
[Parallel(n_jobs=-1)]: Done  18 tasks      | elapsed:   51.8s
[Parallel(n_jobs=-1)]: Done 168 tasks      | elapsed:  4.9min
[Parallel(n_jobs=-1)]: Done 270 out of 270 | elapsed:  7.8min finished
[Parallel(n_jobs=16)]: Using backend ThreadingBackend with 16 concurrent workers.
[Parallel(n_jobs=16)]: Done  18 tasks      | elapsed:    0.4s
[Parallel(n_jobs=16)]: Done 168 tasks      | elapsed:    2.6s
[Parallel(n_jobs=16)]: Done 270 out of 270 | elapsed:    3.9s finished
[Parallel(n_jobs=16)]: Using backend ThreadingBackend with 16 concurrent workers.
[Parallel(n_jobs=16)]: Done  18 tasks      | elapsed:    0.1s
[Parallel(n_jobs=16)]: Done 168 tasks      | elapsed:    0.7s
[Parallel(n_jobs=16)]: Done 270 out of 270 | elapsed:    1.1s finished
[Parallel(n_jobs=-1)]: Using backend ThreadingBackend with 16 concurrent workers.
[Parallel(n_jobs=-1)]: Done  18 tasks      | elapsed:   50.8s
[Parallel(n_jobs=-1)]: Done 168 tasks      | elapsed:  4.8min
[Parallel(n_jobs=-1)]: Done 290 out of 290 | elapsed:  8.0min finished
[Parallel(n_jobs=16)]: Using backend ThreadingBackend with 16 concurrent workers.
[Parallel(n_jobs=16)]: Done  18 tasks      | elapsed:    0.5s
[Parallel(n_jobs=16)]: Done 168 tasks      | elapsed:    2.7s
[Parallel(n_jobs=16)]: Done 290 out of 290 | elapsed:    4.2s finished
[Parallel(n_jobs=16)]: Using backend ThreadingBackend with 16 concurrent workers.
[Parallel(n_jobs=16)]: Done  18 tasks      | elapsed:    0.1s
[Parallel(n_jobs=16)]: Done 168 tasks      | elapsed:    0.7s
[Parallel(n_jobs=16)]: Done 290 out of 290 | elapsed:    1.2s finished
[Parallel(n_jobs=-1)]: Using backend ThreadingBackend with 16 concurrent workers.
[Parallel(n_jobs=-1)]: Done  18 tasks      | elapsed:   54.4s
[Parallel(n_jobs=-1)]: Done 150 out of 150 | elapsed:  4.5min finished
[Parallel(n_jobs=16)]: Using backend ThreadingBackend with 16 concurrent workers.
[Parallel(n_jobs=16)]: Done  18 tasks      | elapsed:    0.4s
[Parallel(n_jobs=16)]: Done 150 out of 150 | elapsed:    2.4s finished
[Parallel(n_jobs=16)]: Using backend ThreadingBackend with 16 concurrent workers.
[Parallel(n_jobs=16)]: Done  18 tasks      | elapsed:    0.2s
[Parallel(n_jobs=16)]: Done 150 out of 150 | elapsed:    0.8s finished
[Parallel(n_jobs=-1)]: Using backend ThreadingBackend with 16 concurrent workers.
[Parallel(n_jobs=-1)]: Done  18 tasks      | elapsed:   50.5s
[Parallel(n_jobs=-1)]: Done 120 out of 120 | elapsed:  3.5min finished
[Parallel(n_jobs=16)]: Using backend ThreadingBackend with 16 concurrent workers.
[Parallel(n_jobs=16)]: Done  18 tasks      | elapsed:    0.4s
[Parallel(n_jobs=16)]: Done 120 out of 120 | elapsed:    1.9s finished
[Parallel(n_jobs=16)]: Using backend ThreadingBackend with 16 concurrent workers.
[Parallel(n_jobs=16)]: Done  18 tasks      | elapsed:    0.2s
[Parallel(n_jobs=16)]: Done 120 out of 120 | elapsed:    0.7s finished
[Parallel(n_jobs=-1)]: Using backend ThreadingBackend with 16 concurrent workers.
[Parallel(n_jobs=-1)]: Done  18 tasks      | elapsed:   51.1s
[Parallel(n_jobs=-1)]: Done 168 tasks      | elapsed:  5.0min
[Parallel(n_jobs=-1)]: Done 200 out of 200 | elapsed:  5.9min finished
[Parallel(n_jobs=16)]: Using backend ThreadingBackend with 16 concurrent workers.
[Parallel(n_jobs=16)]: Done  18 tasks      | elapsed:    0.5s
[Parallel(n_jobs=16)]: Done 168 tasks      | elapsed:    2.5s
[Parallel(n_jobs=16)]: Done 200 out of 200 | elapsed:    3.0s finished
[Parallel(n_jobs=16)]: Using backend ThreadingBackend with 16 concurrent workers.
[Parallel(n_jobs=16)]: Done  18 tasks      | elapsed:    0.1s
[Parallel(n_jobs=16)]: Done 168 tasks      | elapsed:    0.7s
[Parallel(n_jobs=16)]: Done 200 out of 200 | elapsed:    0.8s finished
[Parallel(n_jobs=-1)]: Using backend ThreadingBackend with 16 concurrent workers.
[Parallel(n_jobs=-1)]: Done  18 tasks      | elapsed:   54.1s
[Parallel(n_jobs=-1)]: Done 168 tasks      | elapsed:  5.1min
[Parallel(n_jobs=-1)]: Done 230 out of 230 | elapsed:  6.9min finished
[Parallel(n_jobs=16)]: Using backend ThreadingBackend with 16 concurrent workers.
[Parallel(n_jobs=16)]: Done  18 tasks      | elapsed:    0.4s
[Parallel(n_jobs=16)]: Done 168 tasks      | elapsed:    2.5s
[Parallel(n_jobs=16)]: Done 230 out of 230 | elapsed:    3.3s finished
[Parallel(n_jobs=16)]: Using backend ThreadingBackend with 16 concurrent workers.
[Parallel(n_jobs=16)]: Done  18 tasks      | elapsed:    0.2s
[Parallel(n_jobs=16)]: Done 168 tasks      | elapsed:    0.9s
[Parallel(n_jobs=16)]: Done 230 out of 230 | elapsed:    1.2s finished
[Parallel(n_jobs=-1)]: Using backend ThreadingBackend with 16 concurrent workers.
[Parallel(n_jobs=-1)]: Done  18 tasks      | elapsed:   54.6s
[Parallel(n_jobs=-1)]: Done 190 out of 190 | elapsed:  5.8min finished
[Parallel(n_jobs=16)]: Using backend ThreadingBackend with 16 concurrent workers.
[Parallel(n_jobs=16)]: Done  18 tasks      | elapsed:    0.4s
[Parallel(n_jobs=16)]: Done 190 out of 190 | elapsed:    3.2s finished
[Parallel(n_jobs=16)]: Using backend ThreadingBackend with 16 concurrent workers.
[Parallel(n_jobs=16)]: Done  18 tasks      | elapsed:    0.1s
[Parallel(n_jobs=16)]: Done 190 out of 190 | elapsed:    0.9s finished
[Parallel(n_jobs=-1)]: Using backend ThreadingBackend with 16 concurrent workers.
[Parallel(n_jobs=-1)]: Done  18 tasks      | elapsed:   52.6s
[Parallel(n_jobs=-1)]: Done 168 tasks      | elapsed:  4.9min
[Parallel(n_jobs=-1)]: Done 240 out of 240 | elapsed:  6.8min finished
[Parallel(n_jobs=16)]: Using backend ThreadingBackend with 16 concurrent workers.
[Parallel(n_jobs=16)]: Done  18 tasks      | elapsed:    0.4s
[Parallel(n_jobs=16)]: Done 168 tasks      | elapsed:    2.4s
[Parallel(n_jobs=16)]: Done 240 out of 240 | elapsed:    3.5s finished
[Parallel(n_jobs=16)]: Using backend ThreadingBackend with 16 concurrent workers.
[Parallel(n_jobs=16)]: Done  18 tasks      | elapsed:    0.1s
[Parallel(n_jobs=16)]: Done 168 tasks      | elapsed:    0.8s
[Parallel(n_jobs=16)]: Done 240 out of 240 | elapsed:    1.1s finished
[Parallel(n_jobs=-1)]: Using backend ThreadingBackend with 16 concurrent workers.
[Parallel(n_jobs=-1)]: Done  18 tasks      | elapsed:   57.1s
[Parallel(n_jobs=-1)]: Done 170 out of 170 | elapsed:  5.2min finished
[Parallel(n_jobs=16)]: Using backend ThreadingBackend with 16 concurrent workers.
[Parallel(n_jobs=16)]: Done  18 tasks      | elapsed:    0.5s
[Parallel(n_jobs=16)]: Done 170 out of 170 | elapsed:    3.6s finished
[Parallel(n_jobs=16)]: Using backend ThreadingBackend with 16 concurrent workers.
[Parallel(n_jobs=16)]: Done  18 tasks      | elapsed:    0.2s
[Parallel(n_jobs=16)]: Done 170 out of 170 | elapsed:    1.2s finished
[Parallel(n_jobs=-1)]: Using backend ThreadingBackend with 16 concurrent workers.
[Parallel(n_jobs=-1)]: Done  18 tasks      | elapsed:   55.9s
[Parallel(n_jobs=-1)]: Done 168 tasks      | elapsed:  5.2min
[Parallel(n_jobs=-1)]: Done 300 out of 300 | elapsed:  9.1min finished
[Parallel(n_jobs=16)]: Using backend ThreadingBackend with 16 concurrent workers.
[Parallel(n_jobs=16)]: Done  18 tasks      | elapsed:    0.8s
[Parallel(n_jobs=16)]: Done 168 tasks      | elapsed:    4.2s
[Parallel(n_jobs=16)]: Done 300 out of 300 | elapsed:    7.2s finished
[Parallel(n_jobs=16)]: Using backend ThreadingBackend with 16 concurrent workers.
[Parallel(n_jobs=16)]: Done  18 tasks      | elapsed:    0.2s
[Parallel(n_jobs=16)]: Done 168 tasks      | elapsed:    1.1s
[Parallel(n_jobs=16)]: Done 300 out of 300 | elapsed:    2.1s finished
[Parallel(n_jobs=-1)]: Using backend ThreadingBackend with 16 concurrent workers.
[Parallel(n_jobs=-1)]: Done  18 tasks      | elapsed:   53.7s
[Parallel(n_jobs=-1)]: Done 130 out of 130 | elapsed:  4.1min finished
[Parallel(n_jobs=16)]: Using backend ThreadingBackend with 16 concurrent workers.
[Parallel(n_jobs=16)]: Done  18 tasks      | elapsed:    0.5s
[Parallel(n_jobs=16)]: Done 130 out of 130 | elapsed:    2.2s finished
[Parallel(n_jobs=16)]: Using backend ThreadingBackend with 16 concurrent workers.
[Parallel(n_jobs=16)]: Done  18 tasks      | elapsed:    0.1s
[Parallel(n_jobs=16)]: Done 130 out of 130 | elapsed:    0.6s finished
[Parallel(n_jobs=-1)]: Using backend ThreadingBackend with 16 concurrent workers.
[Parallel(n_jobs=-1)]: Done  18 tasks      | elapsed:   54.5s
[Parallel(n_jobs=-1)]: Done 110 out of 110 | elapsed:  3.7min finished
[Parallel(n_jobs=16)]: Using backend ThreadingBackend with 16 concurrent workers.
[Parallel(n_jobs=16)]: Done  18 tasks      | elapsed:    0.6s
[Parallel(n_jobs=16)]: Done 110 out of 110 | elapsed:    2.6s finished
[Parallel(n_jobs=16)]: Using backend ThreadingBackend with 16 concurrent workers.
[Parallel(n_jobs=16)]: Done  18 tasks      | elapsed:    0.2s
[Parallel(n_jobs=16)]: Done 110 out of 110 | elapsed:    0.8s finished
[Parallel(n_jobs=-1)]: Using backend ThreadingBackend with 16 concurrent workers.
[Parallel(n_jobs=-1)]: Done  18 tasks      | elapsed:   52.5s
[Parallel(n_jobs=-1)]: Done 110 out of 110 | elapsed:  3.4min finished
[Parallel(n_jobs=16)]: Using backend ThreadingBackend with 16 concurrent workers.
[Parallel(n_jobs=16)]: Done  18 tasks      | elapsed:    0.4s
[Parallel(n_jobs=16)]: Done 110 out of 110 | elapsed:    2.0s finished
[Parallel(n_jobs=16)]: Using backend ThreadingBackend with 16 concurrent workers.
[Parallel(n_jobs=16)]: Done  18 tasks      | elapsed:    0.1s
[Parallel(n_jobs=16)]: Done 110 out of 110 | elapsed:    0.5s finished
[Parallel(n_jobs=-1)]: Using backend ThreadingBackend with 16 concurrent workers.
[Parallel(n_jobs=-1)]: Done  18 tasks      | elapsed:   53.9s
[Parallel(n_jobs=-1)]: Done 130 out of 130 | elapsed:  3.9min finished
[Parallel(n_jobs=16)]: Using backend ThreadingBackend with 16 concurrent workers.
[Parallel(n_jobs=16)]: Done  18 tasks      | elapsed:    0.4s
[Parallel(n_jobs=16)]: Done 130 out of 130 | elapsed:    2.1s finished
[Parallel(n_jobs=16)]: Using backend ThreadingBackend with 16 concurrent workers.
[Parallel(n_jobs=16)]: Done  18 tasks      | elapsed:    0.1s
[Parallel(n_jobs=16)]: Done 130 out of 130 | elapsed:    0.6s finished
[Parallel(n_jobs=-1)]: Using backend ThreadingBackend with 16 concurrent workers.
[Parallel(n_jobs=-1)]: Done  18 tasks      | elapsed:   50.5s
[Parallel(n_jobs=-1)]: Done 168 tasks      | elapsed:  4.8min
[Parallel(n_jobs=-1)]: Done 280 out of 280 | elapsed:  7.8min finished
[Parallel(n_jobs=16)]: Using backend ThreadingBackend with 16 concurrent workers.
[Parallel(n_jobs=16)]: Done  18 tasks      | elapsed:    0.4s
[Parallel(n_jobs=16)]: Done 168 tasks      | elapsed:    2.5s
[Parallel(n_jobs=16)]: Done 280 out of 280 | elapsed:    3.9s finished
[Parallel(n_jobs=16)]: Using backend ThreadingBackend with 16 concurrent workers.
[Parallel(n_jobs=16)]: Done  18 tasks      | elapsed:    0.1s
[Parallel(n_jobs=16)]: Done 168 tasks      | elapsed:    0.7s
[Parallel(n_jobs=16)]: Done 280 out of 280 | elapsed:    1.1s finished
[Parallel(n_jobs=-1)]: Using backend ThreadingBackend with 16 concurrent workers.
[Parallel(n_jobs=-1)]: Done  18 tasks      | elapsed:   55.2s
[Parallel(n_jobs=-1)]: Done 100 out of 100 | elapsed:  3.2min finished
[Parallel(n_jobs=16)]: Using backend ThreadingBackend with 16 concurrent workers.
[Parallel(n_jobs=16)]: Done  18 tasks      | elapsed:    0.5s
[Parallel(n_jobs=16)]: Done 100 out of 100 | elapsed:    2.3s finished
[Parallel(n_jobs=16)]: Using backend ThreadingBackend with 16 concurrent workers.
[Parallel(n_jobs=16)]: Done  18 tasks      | elapsed:    0.2s
[Parallel(n_jobs=16)]: Done 100 out of 100 | elapsed:    0.6s finished
[Parallel(n_jobs=-1)]: Using backend ThreadingBackend with 16 concurrent workers.
[Parallel(n_jobs=-1)]: Done  18 tasks      | elapsed:   56.7s
[Parallel(n_jobs=-1)]: Done 168 tasks      | elapsed:  5.2min
[Parallel(n_jobs=-1)]: Done 210 out of 210 | elapsed:  6.5min finished
[Parallel(n_jobs=16)]: Using backend ThreadingBackend with 16 concurrent workers.
[Parallel(n_jobs=16)]: Done  18 tasks      | elapsed:    0.5s
[Parallel(n_jobs=16)]: Done 168 tasks      | elapsed:    3.6s
[Parallel(n_jobs=16)]: Done 210 out of 210 | elapsed:    4.5s finished
[Parallel(n_jobs=16)]: Using backend ThreadingBackend with 16 concurrent workers.
[Parallel(n_jobs=16)]: Done  18 tasks      | elapsed:    0.2s
[Parallel(n_jobs=16)]: Done 168 tasks      | elapsed:    1.1s
[Parallel(n_jobs=16)]: Done 210 out of 210 | elapsed:    1.3s finished
[Parallel(n_jobs=-1)]: Using backend ThreadingBackend with 16 concurrent workers.
[Parallel(n_jobs=-1)]: Done  18 tasks      | elapsed:   53.1s
[Parallel(n_jobs=-1)]: Done 168 tasks      | elapsed:  5.0min
[Parallel(n_jobs=-1)]: Done 250 out of 250 | elapsed:  7.3min finished
[Parallel(n_jobs=16)]: Using backend ThreadingBackend with 16 concurrent workers.
[Parallel(n_jobs=16)]: Done  18 tasks      | elapsed:    0.5s
[Parallel(n_jobs=16)]: Done 168 tasks      | elapsed:    2.9s
[Parallel(n_jobs=16)]: Done 250 out of 250 | elapsed:    4.1s finished
[Parallel(n_jobs=16)]: Using backend ThreadingBackend with 16 concurrent workers.
[Parallel(n_jobs=16)]: Done  18 tasks      | elapsed:    0.1s
[Parallel(n_jobs=16)]: Done 168 tasks      | elapsed:    0.8s
[Parallel(n_jobs=16)]: Done 250 out of 250 | elapsed:    1.2s finished
[Parallel(n_jobs=-1)]: Using backend ThreadingBackend with 16 concurrent workers.
[Parallel(n_jobs=-1)]: Done  18 tasks      | elapsed:   54.1s
[Parallel(n_jobs=-1)]: Done 168 tasks      | elapsed:  5.0min
[Parallel(n_jobs=-1)]: Done 300 out of 300 | elapsed:  8.7min finished
[Parallel(n_jobs=16)]: Using backend ThreadingBackend with 16 concurrent workers.
[Parallel(n_jobs=16)]: Done  18 tasks      | elapsed:    0.5s
[Parallel(n_jobs=16)]: Done 168 tasks      | elapsed:    2.8s
[Parallel(n_jobs=16)]: Done 300 out of 300 | elapsed:    4.8s finished
[Parallel(n_jobs=16)]: Using backend ThreadingBackend with 16 concurrent workers.
[Parallel(n_jobs=16)]: Done  18 tasks      | elapsed:    0.2s
[Parallel(n_jobs=16)]: Done 168 tasks      | elapsed:    0.9s
[Parallel(n_jobs=16)]: Done 300 out of 300 | elapsed:    1.4s finished
[Parallel(n_jobs=-1)]: Using backend ThreadingBackend with 16 concurrent workers.
[Parallel(n_jobs=-1)]: Done  18 tasks      | elapsed:   55.7s
[Parallel(n_jobs=-1)]: Done 150 out of 150 | elapsed:  4.7min finished
[Parallel(n_jobs=16)]: Using backend ThreadingBackend with 16 concurrent workers.
[Parallel(n_jobs=16)]: Done  18 tasks      | elapsed:    0.5s
[Parallel(n_jobs=16)]: Done 150 out of 150 | elapsed:    3.4s finished
[Parallel(n_jobs=16)]: Using backend ThreadingBackend with 16 concurrent workers.
[Parallel(n_jobs=16)]: Done  18 tasks      | elapsed:    0.2s
[Parallel(n_jobs=16)]: Done 150 out of 150 | elapsed:    0.8s finished
[Parallel(n_jobs=-1)]: Using backend ThreadingBackend with 16 concurrent workers.
[Parallel(n_jobs=-1)]: Done  18 tasks      | elapsed:   53.9s
[Parallel(n_jobs=-1)]: Done 160 out of 160 | elapsed:  5.0min finished
[Parallel(n_jobs=16)]: Using backend ThreadingBackend with 16 concurrent workers.
[Parallel(n_jobs=16)]: Done  18 tasks      | elapsed:    0.5s
[Parallel(n_jobs=16)]: Done 160 out of 160 | elapsed:    2.7s finished
[Parallel(n_jobs=16)]: Using backend ThreadingBackend with 16 concurrent workers.
[Parallel(n_jobs=16)]: Done  18 tasks      | elapsed:    0.1s
[Parallel(n_jobs=16)]: Done 160 out of 160 | elapsed:    0.8s finished
[Parallel(n_jobs=-1)]: Using backend ThreadingBackend with 16 concurrent workers.
[Parallel(n_jobs=-1)]: Done  18 tasks      | elapsed:   52.9s
[Parallel(n_jobs=-1)]: Done 100 out of 100 | elapsed:  3.1min finished
[Parallel(n_jobs=16)]: Using backend ThreadingBackend with 16 concurrent workers.
[Parallel(n_jobs=16)]: Done  18 tasks      | elapsed:    0.4s
[Parallel(n_jobs=16)]: Done 100 out of 100 | elapsed:    1.5s finished
[Parallel(n_jobs=16)]: Using backend ThreadingBackend with 16 concurrent workers.
[Parallel(n_jobs=16)]: Done  18 tasks      | elapsed:    1.4s
[Parallel(n_jobs=16)]: Done 100 out of 100 | elapsed:    2.1s finished
[Parallel(n_jobs=-1)]: Using backend ThreadingBackend with 16 concurrent workers.
[Parallel(n_jobs=-1)]: Done  18 tasks      | elapsed:   51.1s
[Parallel(n_jobs=-1)]: Done 168 tasks      | elapsed:  5.0min
[Parallel(n_jobs=-1)]: Done 220 out of 220 | elapsed:  6.5min finished
[Parallel(n_jobs=16)]: Using backend ThreadingBackend with 16 concurrent workers.
[Parallel(n_jobs=16)]: Done  18 tasks      | elapsed:    0.4s
[Parallel(n_jobs=16)]: Done 168 tasks      | elapsed:    2.4s
[Parallel(n_jobs=16)]: Done 220 out of 220 | elapsed:    3.0s finished
[Parallel(n_jobs=16)]: Using backend ThreadingBackend with 16 concurrent workers.
[Parallel(n_jobs=16)]: Done  18 tasks      | elapsed:    0.1s
[Parallel(n_jobs=16)]: Done 168 tasks      | elapsed:    0.7s
[Parallel(n_jobs=16)]: Done 220 out of 220 | elapsed:    0.9s finished
[Parallel(n_jobs=-1)]: Using backend ThreadingBackend with 16 concurrent workers.
[Parallel(n_jobs=-1)]: Done  18 tasks      | elapsed:   57.5s
[Parallel(n_jobs=-1)]: Done 168 tasks      | elapsed:  5.5min
[Parallel(n_jobs=-1)]: Done 210 out of 210 | elapsed:  6.5min finished
[Parallel(n_jobs=16)]: Using backend ThreadingBackend with 16 concurrent workers.
[Parallel(n_jobs=16)]: Done  18 tasks      | elapsed:    0.6s
[Parallel(n_jobs=16)]: Done 168 tasks      | elapsed:    3.9s
[Parallel(n_jobs=16)]: Done 210 out of 210 | elapsed:    4.7s finished
[Parallel(n_jobs=16)]: Using backend ThreadingBackend with 16 concurrent workers.
[Parallel(n_jobs=16)]: Done  18 tasks      | elapsed:    0.2s
[Parallel(n_jobs=16)]: Done 168 tasks      | elapsed:    1.1s
[Parallel(n_jobs=16)]: Done 210 out of 210 | elapsed:    1.3s finished
[Parallel(n_jobs=-1)]: Using backend ThreadingBackend with 16 concurrent workers.
[Parallel(n_jobs=-1)]: Done  18 tasks      | elapsed:   54.9s
[Parallel(n_jobs=-1)]: Done 168 tasks      | elapsed:  5.1min
[Parallel(n_jobs=-1)]: Done 260 out of 260 | elapsed:  7.5min finished
[Parallel(n_jobs=16)]: Using backend ThreadingBackend with 16 concurrent workers.
[Parallel(n_jobs=16)]: Done  18 tasks      | elapsed:    0.4s
[Parallel(n_jobs=16)]: Done 168 tasks      | elapsed:    2.4s
[Parallel(n_jobs=16)]: Done 260 out of 260 | elapsed:    3.6s finished
[Parallel(n_jobs=16)]: Using backend ThreadingBackend with 16 concurrent workers.
[Parallel(n_jobs=16)]: Done  18 tasks      | elapsed:    0.1s
[Parallel(n_jobs=16)]: Done 168 tasks      | elapsed:    0.7s
[Parallel(n_jobs=16)]: Done 260 out of 260 | elapsed:    1.0s finished
[Parallel(n_jobs=-1)]: Using backend ThreadingBackend with 16 concurrent workers.
[Parallel(n_jobs=-1)]: Done  18 tasks      | elapsed:   51.4s
[Parallel(n_jobs=-1)]: Done 168 tasks      | elapsed:  4.8min
[Parallel(n_jobs=-1)]: Done 220 out of 220 | elapsed:  6.2min finished
[Parallel(n_jobs=16)]: Using backend ThreadingBackend with 16 concurrent workers.
[Parallel(n_jobs=16)]: Done  18 tasks      | elapsed:    0.3s
[Parallel(n_jobs=16)]: Done 168 tasks      | elapsed:    2.2s
[Parallel(n_jobs=16)]: Done 220 out of 220 | elapsed:    2.9s finished
[Parallel(n_jobs=16)]: Using backend ThreadingBackend with 16 concurrent workers.
[Parallel(n_jobs=16)]: Done  18 tasks      | elapsed:    0.1s
[Parallel(n_jobs=16)]: Done 168 tasks      | elapsed:    0.6s
[Parallel(n_jobs=16)]: Done 220 out of 220 | elapsed:    0.8s finished
[Parallel(n_jobs=-1)]: Using backend ThreadingBackend with 16 concurrent workers.
[Parallel(n_jobs=-1)]: Done  18 tasks      | elapsed:   51.2s
[Parallel(n_jobs=-1)]: Done 168 tasks      | elapsed:  4.8min
[Parallel(n_jobs=-1)]: Done 290 out of 290 | elapsed:  8.1min finished
[Parallel(n_jobs=16)]: Using backend ThreadingBackend with 16 concurrent workers.
[Parallel(n_jobs=16)]: Done  18 tasks      | elapsed:    0.4s
[Parallel(n_jobs=16)]: Done 168 tasks      | elapsed:    2.2s
[Parallel(n_jobs=16)]: Done 290 out of 290 | elapsed:    3.8s finished
[Parallel(n_jobs=16)]: Using backend ThreadingBackend with 16 concurrent workers.
[Parallel(n_jobs=16)]: Done  18 tasks      | elapsed:    0.1s
[Parallel(n_jobs=16)]: Done 168 tasks      | elapsed:    0.7s
[Parallel(n_jobs=16)]: Done 290 out of 290 | elapsed:    1.1s finished
[Parallel(n_jobs=-1)]: Using backend ThreadingBackend with 16 concurrent workers.
[Parallel(n_jobs=-1)]: Done  18 tasks      | elapsed:   51.4s
[Parallel(n_jobs=-1)]: Done 110 out of 110 | elapsed:  3.1min finished
[Parallel(n_jobs=16)]: Using backend ThreadingBackend with 16 concurrent workers.
[Parallel(n_jobs=16)]: Done  18 tasks      | elapsed:    0.4s
[Parallel(n_jobs=16)]: Done 110 out of 110 | elapsed:    1.5s finished
[Parallel(n_jobs=16)]: Using backend ThreadingBackend with 16 concurrent workers.
[Parallel(n_jobs=16)]: Done  18 tasks      | elapsed:    0.1s
[Parallel(n_jobs=16)]: Done 110 out of 110 | elapsed:    0.5s finished
[Parallel(n_jobs=-1)]: Using backend ThreadingBackend with 16 concurrent workers.
[Parallel(n_jobs=-1)]: Done  18 tasks      | elapsed:   52.8s
[Parallel(n_jobs=-1)]: Done 120 out of 120 | elapsed:  3.6min finished
[Parallel(n_jobs=16)]: Using backend ThreadingBackend with 16 concurrent workers.
[Parallel(n_jobs=16)]: Done  18 tasks      | elapsed:    0.4s
[Parallel(n_jobs=16)]: Done 120 out of 120 | elapsed:    1.8s finished
[Parallel(n_jobs=16)]: Using backend ThreadingBackend with 16 concurrent workers.
[Parallel(n_jobs=16)]: Done  18 tasks      | elapsed:    0.2s
[Parallel(n_jobs=16)]: Done 120 out of 120 | elapsed:    0.6s finished
