slurmstepd: error: execve(): module: No such file or directory
slurmstepd: error: execve(): module: No such file or directory
slurmstepd: error: execve(): module: No such file or directory
slurmstepd: error: execve(): module: No such file or directory
slurmstepd: error: execve(): module: No such file or directory
slurmstepd: error: execve(): module: No such file or directory
slurmstepd: error: execve(): module: No such file or directory
slurmstepd: error: execve(): module: No such file or directory
slurmstepd: error: execve(): module: No such file or directory
slurmstepd: error: execve(): module: No such file or directory
slurmstepd: error: execve(): module: No such file or directory
slurmstepd: error: execve(): module: No such file or directory
slurmstepd: error: execve(): module: No such file or directory
slurmstepd: error: execve(): module: No such file or directory
slurmstepd: error: execve(): module: No such file or directory
slurmstepd: error: execve(): module: No such file or directory
slurmstepd: error: execve(): module: No such file or directory
slurmstepd: error: execve(): module: No such file or directory
slurmstepd: error: execve(): module: No such file or directory
srun: error: node-0280: tasks 0-18: Exited with exit code 2
srun: launch/slurm: _step_signal: Terminating StepId=40106893.0
slurmstepd: error: execve(): source: No such file or directory
slurmstepd: error: execve(): source: No such file or directory
slurmstepd: error: execve(): source: No such file or directory
slurmstepd: error: execve(): source: No such file or directory
slurmstepd: error: execve(): source: No such file or directory
slurmstepd: error: execve(): source: No such file or directory
slurmstepd: error: execve(): source: No such file or directory
slurmstepd: error: execve(): source: No such file or directory
slurmstepd: error: execve(): source: No such file or directory
slurmstepd: error: execve(): source: No such file or directory
slurmstepd: error: execve(): source: No such file or directory
slurmstepd: error: execve(): source: No such file or directory
slurmstepd: error: execve(): source: No such file or directory
slurmstepd: error: execve(): source: No such file or directory
slurmstepd: error: execve(): source: No such file or directory
slurmstepd: error: execve(): source: No such file or directory
slurmstepd: error: execve(): source: No such file or directory
slurmstepd: error: execve(): source: No such file or directory
slurmstepd: error: execve(): source: No such file or directory
srun: error: node-0280: tasks 0-18: Exited with exit code 2
srun: launch/slurm: _step_signal: Terminating StepId=40106893.1
2022-07-31 00:13:58.507163: I tensorflow/stream_executor/platform/default/dso_loader.cc:49] Successfully opened dynamic library libcudart.so.10.1
2022-07-31 00:13:58.507149: I tensorflow/stream_executor/platform/default/dso_loader.cc:49] Successfully opened dynamic library libcudart.so.10.1
2022-07-31 00:13:58.507175: I tensorflow/stream_executor/platform/default/dso_loader.cc:49] Successfully opened dynamic library libcudart.so.10.1
2022-07-31 00:13:58.507183: I tensorflow/stream_executor/platform/default/dso_loader.cc:49] Successfully opened dynamic library libcudart.so.10.1
2022-07-31 00:13:58.507156: I tensorflow/stream_executor/platform/default/dso_loader.cc:49] Successfully opened dynamic library libcudart.so.10.1
2022-07-31 00:13:58.507182: I tensorflow/stream_executor/platform/default/dso_loader.cc:49] Successfully opened dynamic library libcudart.so.10.1
2022-07-31 00:13:58.507155: I tensorflow/stream_executor/platform/default/dso_loader.cc:49] Successfully opened dynamic library libcudart.so.10.1
2022-07-31 00:13:58.507187: I tensorflow/stream_executor/platform/default/dso_loader.cc:49] Successfully opened dynamic library libcudart.so.10.1
2022-07-31 00:13:58.507155: I tensorflow/stream_executor/platform/default/dso_loader.cc:49] Successfully opened dynamic library libcudart.so.10.1
2022-07-31 00:13:58.507203: I tensorflow/stream_executor/platform/default/dso_loader.cc:49] Successfully opened dynamic library libcudart.so.10.1
2022-07-31 00:13:58.507156: I tensorflow/stream_executor/platform/default/dso_loader.cc:49] Successfully opened dynamic library libcudart.so.10.1
2022-07-31 00:13:58.507162: I tensorflow/stream_executor/platform/default/dso_loader.cc:49] Successfully opened dynamic library libcudart.so.10.1
2022-07-31 00:13:58.507161: I tensorflow/stream_executor/platform/default/dso_loader.cc:49] Successfully opened dynamic library libcudart.so.10.1
2022-07-31 00:13:58.507157: I tensorflow/stream_executor/platform/default/dso_loader.cc:49] Successfully opened dynamic library libcudart.so.10.1
2022-07-31 00:13:58.507231: I tensorflow/stream_executor/platform/default/dso_loader.cc:49] Successfully opened dynamic library libcudart.so.10.1
2022-07-31 00:13:58.507324: I tensorflow/stream_executor/platform/default/dso_loader.cc:49] Successfully opened dynamic library libcudart.so.10.1
2022-07-31 00:13:58.507271: I tensorflow/stream_executor/platform/default/dso_loader.cc:49] Successfully opened dynamic library libcudart.so.10.1
2022-07-31 00:13:58.507248: I tensorflow/stream_executor/platform/default/dso_loader.cc:49] Successfully opened dynamic library libcudart.so.10.1
2022-07-31 00:13:58.507277: I tensorflow/stream_executor/platform/default/dso_loader.cc:49] Successfully opened dynamic library libcudart.so.10.1
