 * Serving Flask app 'sherpa.app.app' (lazy loading)
 * Environment: production
   WARNING: This is a development server. Do not use it in a production deployment.
   Use a production WSGI server instead.
 * Debug mode: on
data processing complete
{'n_estimators': 130, 'learning_rate': 0.031811802192570716, 'max_depth': 3, 'verbosity': 1}
{'n_estimators': 240, 'learning_rate': 0.05280725123905565, 'max_depth': 9, 'verbosity': 1}
{'n_estimators': 260, 'learning_rate': 0.08655758682905816, 'max_depth': 4, 'verbosity': 1}
{'n_estimators': 190, 'learning_rate': 0.002558192887438189, 'max_depth': 4, 'verbosity': 1}
{'n_estimators': 230, 'learning_rate': 0.07698775720044082, 'max_depth': 6, 'verbosity': 1}
{'n_estimators': 260, 'learning_rate': 0.003672678662454565, 'max_depth': 1, 'verbosity': 1}
{'n_estimators': 260, 'learning_rate': 0.04119877594751445, 'max_depth': 4, 'verbosity': 1}
{'n_estimators': 120, 'learning_rate': 0.017942828490636407, 'max_depth': 3, 'verbosity': 1}
{'n_estimators': 130, 'learning_rate': 0.052668848921345025, 'max_depth': 3, 'verbosity': 1}
{'n_estimators': 130, 'learning_rate': 0.08405628092685158, 'max_depth': 9, 'verbosity': 1}
{'n_estimators': 100, 'learning_rate': 0.025365367501667645, 'max_depth': 9, 'verbosity': 1}
{'n_estimators': 140, 'learning_rate': 0.08299543969742303, 'max_depth': 8, 'verbosity': 1}
{'n_estimators': 300, 'learning_rate': 0.06605527155727935, 'max_depth': 7, 'verbosity': 1}
{'n_estimators': 230, 'learning_rate': 0.03464299121380201, 'max_depth': 5, 'verbosity': 1}
{'n_estimators': 210, 'learning_rate': 0.08834945731958288, 'max_depth': 5, 'verbosity': 1}
{'n_estimators': 200, 'learning_rate': 0.02035726394998969, 'max_depth': 6, 'verbosity': 1}
{'n_estimators': 210, 'learning_rate': 0.06853950218422117, 'max_depth': 6, 'verbosity': 1}
{'n_estimators': 120, 'learning_rate': 0.06689068062874094, 'max_depth': 7, 'verbosity': 1}
{'n_estimators': 300, 'learning_rate': 0.09782496085573629, 'max_depth': 8, 'verbosity': 1}
{'n_estimators': 130, 'learning_rate': 0.04761302958617962, 'max_depth': 2, 'verbosity': 1}
{'n_estimators': 190, 'learning_rate': 0.03560947529426004, 'max_depth': 2, 'verbosity': 1}
{'n_estimators': 220, 'learning_rate': 0.052130384865388464, 'max_depth': 4, 'verbosity': 1}
{'n_estimators': 260, 'learning_rate': 0.09984541961176462, 'max_depth': 7, 'verbosity': 1}
{'n_estimators': 210, 'learning_rate': 0.007093180525875988, 'max_depth': 3, 'verbosity': 1}
{'n_estimators': 280, 'learning_rate': 0.02563171395741737, 'max_depth': 1, 'verbosity': 1}
{'n_estimators': 130, 'learning_rate': 0.01387451600002218, 'max_depth': 2, 'verbosity': 1}
{'n_estimators': 250, 'learning_rate': 0.07047673989206402, 'max_depth': 9, 'verbosity': 1}
{'n_estimators': 280, 'learning_rate': 0.0010647129675310481, 'max_depth': 1, 'verbosity': 1}
{'n_estimators': 260, 'learning_rate': 0.09650304996493328, 'max_depth': 5, 'verbosity': 1}
{'n_estimators': 150, 'learning_rate': 0.07292646407184826, 'max_depth': 1, 'verbosity': 1}
{'n_estimators': 100, 'learning_rate': 0.06492797412572153, 'max_depth': 9, 'verbosity': 1}
{'n_estimators': 280, 'learning_rate': 0.029881117622343786, 'max_depth': 2, 'verbosity': 1}
{'n_estimators': 160, 'learning_rate': 0.09082417781206799, 'max_depth': 1, 'verbosity': 1}
{'n_estimators': 240, 'learning_rate': 0.0467143954770088, 'max_depth': 7, 'verbosity': 1}
{'n_estimators': 170, 'learning_rate': 0.001408057502393248, 'max_depth': 7, 'verbosity': 1}
{'n_estimators': 260, 'learning_rate': 0.07081423494344763, 'max_depth': 1, 'verbosity': 1}
{'n_estimators': 190, 'learning_rate': 0.057204323773506094, 'max_depth': 1, 'verbosity': 1}
{'n_estimators': 150, 'learning_rate': 0.0634972993915588, 'max_depth': 7, 'verbosity': 1}
{'n_estimators': 210, 'learning_rate': 0.05914590516229712, 'max_depth': 9, 'verbosity': 1}
{'n_estimators': 280, 'learning_rate': 0.03832814039645851, 'max_depth': 4, 'verbosity': 1}
{'n_estimators': 130, 'learning_rate': 0.04914004013349395, 'max_depth': 9, 'verbosity': 1}
{'n_estimators': 200, 'learning_rate': 0.028593670370506915, 'max_depth': 3, 'verbosity': 1}
{'n_estimators': 250, 'learning_rate': 0.0331290971781626, 'max_depth': 4, 'verbosity': 1}
{'n_estimators': 110, 'learning_rate': 0.028211863609263182, 'max_depth': 9, 'verbosity': 1}
{'n_estimators': 290, 'learning_rate': 0.08206235481782893, 'max_depth': 3, 'verbosity': 1}
{'n_estimators': 220, 'learning_rate': 0.026454212984888138, 'max_depth': 1, 'verbosity': 1}
{'n_estimators': 300, 'learning_rate': 0.08506221397353564, 'max_depth': 7, 'verbosity': 1}
{'n_estimators': 160, 'learning_rate': 0.09726457282265666, 'max_depth': 3, 'verbosity': 1}
{'n_estimators': 260, 'learning_rate': 0.03527340828863421, 'max_depth': 6, 'verbosity': 1}
{'n_estimators': 290, 'learning_rate': 0.02386569707364136, 'max_depth': 1, 'verbosity': 1}
{'n_estimators': 220, 'learning_rate': 0.010277980485190689, 'max_depth': 8, 'verbosity': 1}
{'n_estimators': 300, 'learning_rate': 0.09300057889471608, 'max_depth': 2, 'verbosity': 1}
{'n_estimators': 160, 'learning_rate': 0.062026546004083895, 'max_depth': 4, 'verbosity': 1}
{'n_estimators': 230, 'learning_rate': 0.043837036684857604, 'max_depth': 4, 'verbosity': 1}
{'n_estimators': 100, 'learning_rate': 0.09526942379807898, 'max_depth': 4, 'verbosity': 1}
{'n_estimators': 270, 'learning_rate': 0.08316579184687348, 'max_depth': 9, 'verbosity': 1}
{'n_estimators': 170, 'learning_rate': 0.09841587690561528, 'max_depth': 8, 'verbosity': 1}
{'n_estimators': 110, 'learning_rate': 0.01959975981569859, 'max_depth': 4, 'verbosity': 1}
{'n_estimators': 150, 'learning_rate': 0.02132272631548313, 'max_depth': 1, 'verbosity': 1}
{'n_estimators': 210, 'learning_rate': 0.09435942461899453, 'max_depth': 2, 'verbosity': 1}
{'n_estimators': 170, 'learning_rate': 0.03665604632523646, 'max_depth': 8, 'verbosity': 1}
{'n_estimators': 250, 'learning_rate': 0.010305464314285844, 'max_depth': 1, 'verbosity': 1}
{'n_estimators': 200, 'learning_rate': 0.030799634415932985, 'max_depth': 4, 'verbosity': 1}
{'n_estimators': 100, 'learning_rate': 0.008007699053095715, 'max_depth': 9, 'verbosity': 1}
{'n_estimators': 170, 'learning_rate': 0.07944012422773805, 'max_depth': 8, 'verbosity': 1}
{'n_estimators': 160, 'learning_rate': 0.017523944179261782, 'max_depth': 3, 'verbosity': 1}
{'n_estimators': 290, 'learning_rate': 0.054514501525668946, 'max_depth': 7, 'verbosity': 1}
{'n_estimators': 100, 'learning_rate': 0.09539591250314826, 'max_depth': 8, 'verbosity': 1}
{'n_estimators': 110, 'learning_rate': 0.017196239328018083, 'max_depth': 3, 'verbosity': 1}
{'n_estimators': 290, 'learning_rate': 0.008214274849701124, 'max_depth': 4, 'verbosity': 1}
{'n_estimators': 230, 'learning_rate': 0.05221097173865495, 'max_depth': 8, 'verbosity': 1}
{'n_estimators': 200, 'learning_rate': 0.011308781290860916, 'max_depth': 4, 'verbosity': 1}
{'n_estimators': 220, 'learning_rate': 0.05081937857457578, 'max_depth': 6, 'verbosity': 1}
{'n_estimators': 130, 'learning_rate': 0.0041235059343905905, 'max_depth': 9, 'verbosity': 1}
{'n_estimators': 250, 'learning_rate': 0.012998089865737736, 'max_depth': 2, 'verbosity': 1}
{'n_estimators': 130, 'learning_rate': 0.08045907178987399, 'max_depth': 7, 'verbosity': 1}
{'n_estimators': 180, 'learning_rate': 0.08195806994001346, 'max_depth': 1, 'verbosity': 1}
{'n_estimators': 180, 'learning_rate': 0.03498541396844244, 'max_depth': 5, 'verbosity': 1}
{'n_estimators': 220, 'learning_rate': 0.0036549303234783073, 'max_depth': 5, 'verbosity': 1}
{'n_estimators': 160, 'learning_rate': 0.024144562251137994, 'max_depth': 3, 'verbosity': 1}
{'n_estimators': 220, 'learning_rate': 0.001637871761013725, 'max_depth': 6, 'verbosity': 1}
{'n_estimators': 150, 'learning_rate': 0.08921450876447595, 'max_depth': 3, 'verbosity': 1}
{'n_estimators': 140, 'learning_rate': 0.07447297568945063, 'max_depth': 2, 'verbosity': 1}
{'n_estimators': 110, 'learning_rate': 0.08094639278102041, 'max_depth': 1, 'verbosity': 1}
{'n_estimators': 150, 'learning_rate': 0.03325496625983465, 'max_depth': 9, 'verbosity': 1}
{'n_estimators': 140, 'learning_rate': 0.04432738182423405, 'max_depth': 9, 'verbosity': 1}
{'n_estimators': 100, 'learning_rate': 0.07227328717000102, 'max_depth': 5, 'verbosity': 1}
{'n_estimators': 300, 'learning_rate': 0.007301716030984474, 'max_depth': 7, 'verbosity': 1}
{'n_estimators': 220, 'learning_rate': 0.058038444014810675, 'max_depth': 3, 'verbosity': 1}
{'n_estimators': 140, 'learning_rate': 0.04679693867130322, 'max_depth': 6, 'verbosity': 1}
{'n_estimators': 110, 'learning_rate': 0.004958426715707482, 'max_depth': 6, 'verbosity': 1}
{'n_estimators': 100, 'learning_rate': 0.015052945609202506, 'max_depth': 9, 'verbosity': 1}
{'n_estimators': 230, 'learning_rate': 0.02291237419413452, 'max_depth': 9, 'verbosity': 1}
{'n_estimators': 110, 'learning_rate': 0.01526301641202207, 'max_depth': 2, 'verbosity': 1}
{'n_estimators': 130, 'learning_rate': 0.029213646820793106, 'max_depth': 5, 'verbosity': 1}
{'n_estimators': 110, 'learning_rate': 0.024994611985648976, 'max_depth': 5, 'verbosity': 1}
{'n_estimators': 130, 'learning_rate': 0.058381468124212, 'max_depth': 1, 'verbosity': 1}
{'n_estimators': 210, 'learning_rate': 0.09074554349687063, 'max_depth': 1, 'verbosity': 1}
{'n_estimators': 220, 'learning_rate': 0.0894646096612522, 'max_depth': 8, 'verbosity': 1}
{'n_estimators': 150, 'learning_rate': 0.03252018375683087, 'max_depth': 2, 'verbosity': 1}
{'n_estimators': 200, 'learning_rate': 0.05057322123942148, 'max_depth': 5, 'verbosity': 1}
{'n_estimators': 250, 'learning_rate': 0.0036324144119774396, 'max_depth': 1, 'verbosity': 1}
{'n_estimators': 170, 'learning_rate': 0.02468710025758964, 'max_depth': 8, 'verbosity': 1}
{'n_estimators': 140, 'learning_rate': 0.062488723011786595, 'max_depth': 9, 'verbosity': 1}
{'n_estimators': 210, 'learning_rate': 0.04320177821175232, 'max_depth': 5, 'verbosity': 1}
{'n_estimators': 240, 'learning_rate': 0.006815937238913419, 'max_depth': 4, 'verbosity': 1}
{'n_estimators': 210, 'learning_rate': 0.018105626472961055, 'max_depth': 1, 'verbosity': 1}
{'n_estimators': 170, 'learning_rate': 0.06450595888929721, 'max_depth': 8, 'verbosity': 1}
{'n_estimators': 100, 'learning_rate': 0.012240388881026718, 'max_depth': 1, 'verbosity': 1}
{'n_estimators': 190, 'learning_rate': 0.034127334909451704, 'max_depth': 4, 'verbosity': 1}
{'n_estimators': 260, 'learning_rate': 0.019568707787708285, 'max_depth': 7, 'verbosity': 1}
{'n_estimators': 130, 'learning_rate': 0.026865844939362903, 'max_depth': 7, 'verbosity': 1}
{'n_estimators': 240, 'learning_rate': 0.0846828824346886, 'max_depth': 4, 'verbosity': 1}
{'n_estimators': 230, 'learning_rate': 0.08740582208054015, 'max_depth': 7, 'verbosity': 1}
{'n_estimators': 200, 'learning_rate': 0.07467095915472621, 'max_depth': 5, 'verbosity': 1}
{'n_estimators': 240, 'learning_rate': 0.07226182132124304, 'max_depth': 4, 'verbosity': 1}
{'n_estimators': 290, 'learning_rate': 0.059733410597766684, 'max_depth': 2, 'verbosity': 1}
{'n_estimators': 300, 'learning_rate': 0.05418639200811451, 'max_depth': 8, 'verbosity': 1}
{'n_estimators': 250, 'learning_rate': 0.09389230632214736, 'max_depth': 7, 'verbosity': 1}
{'n_estimators': 110, 'learning_rate': 0.015264296136446604, 'max_depth': 2, 'verbosity': 1}
{'n_estimators': 140, 'learning_rate': 0.04441435848777166, 'max_depth': 3, 'verbosity': 1}
{'n_estimators': 170, 'learning_rate': 0.07947583548709748, 'max_depth': 5, 'verbosity': 1}
{'n_estimators': 240, 'learning_rate': 0.03687833684126107, 'max_depth': 7, 'verbosity': 1}
{'n_estimators': 200, 'learning_rate': 0.033739296119378, 'max_depth': 4, 'verbosity': 1}
{'n_estimators': 120, 'learning_rate': 0.018922073099895506, 'max_depth': 9, 'verbosity': 1}
{'n_estimators': 270, 'learning_rate': 0.006139880127972134, 'max_depth': 2, 'verbosity': 1}
{'n_estimators': 160, 'learning_rate': 0.08044374095701791, 'max_depth': 5, 'verbosity': 1}
{'n_estimators': 230, 'learning_rate': 0.018182623148922765, 'max_depth': 4, 'verbosity': 1}
{'n_estimators': 130, 'learning_rate': 0.08954613547385035, 'max_depth': 4, 'verbosity': 1}
{'n_estimators': 300, 'learning_rate': 0.01894439503636678, 'max_depth': 1, 'verbosity': 1}
{'n_estimators': 140, 'learning_rate': 0.012677525791914602, 'max_depth': 9, 'verbosity': 1}
{'n_estimators': 170, 'learning_rate': 0.06330795068756503, 'max_depth': 1, 'verbosity': 1}
{'n_estimators': 190, 'learning_rate': 0.029689343275843997, 'max_depth': 3, 'verbosity': 1}
{'n_estimators': 120, 'learning_rate': 0.08465932332405199, 'max_depth': 2, 'verbosity': 1}
{'n_estimators': 240, 'learning_rate': 0.09408109206642945, 'max_depth': 3, 'verbosity': 1}
{'n_estimators': 180, 'learning_rate': 0.0917115317094723, 'max_depth': 1, 'verbosity': 1}
{'n_estimators': 100, 'learning_rate': 0.03817643557844051, 'max_depth': 1, 'verbosity': 1}
{'n_estimators': 160, 'learning_rate': 0.05651806790235329, 'max_depth': 6, 'verbosity': 1}
{'n_estimators': 260, 'learning_rate': 0.07774030883887001, 'max_depth': 6, 'verbosity': 1}
{'n_estimators': 100, 'learning_rate': 0.048300087823569496, 'max_depth': 5, 'verbosity': 1}
{'n_estimators': 110, 'learning_rate': 0.04372986252198231, 'max_depth': 9, 'verbosity': 1}
{'n_estimators': 160, 'learning_rate': 0.003706163691526107, 'max_depth': 4, 'verbosity': 1}
{'n_estimators': 100, 'learning_rate': 0.016118086189866595, 'max_depth': 2, 'verbosity': 1}
{'n_estimators': 150, 'learning_rate': 0.0603958017475609, 'max_depth': 6, 'verbosity': 1}
{'n_estimators': 180, 'learning_rate': 0.050178930902116316, 'max_depth': 2, 'verbosity': 1}
{'n_estimators': 290, 'learning_rate': 0.058514192370535976, 'max_depth': 5, 'verbosity': 1}
{'n_estimators': 220, 'learning_rate': 0.04229885837791021, 'max_depth': 5, 'verbosity': 1}
{'n_estimators': 160, 'learning_rate': 0.01566469117198385, 'max_depth': 2, 'verbosity': 1}
{'n_estimators': 300, 'learning_rate': 0.05453113465715927, 'max_depth': 7, 'verbosity': 1}
{'n_estimators': 300, 'learning_rate': 0.0015437111459328894, 'max_depth': 2, 'verbosity': 1}
{'n_estimators': 290, 'learning_rate': 0.04917824103138938, 'max_depth': 8, 'verbosity': 1}
{'n_estimators': 110, 'learning_rate': 0.021735984353038407, 'max_depth': 7, 'verbosity': 1}
{'n_estimators': 260, 'learning_rate': 0.041977944733479496, 'max_depth': 8, 'verbosity': 1}
{'n_estimators': 110, 'learning_rate': 0.0038719042451242497, 'max_depth': 2, 'verbosity': 1}
{'n_estimators': 230, 'learning_rate': 0.04342569577859946, 'max_depth': 3, 'verbosity': 1}
{'n_estimators': 270, 'learning_rate': 0.025611412571680498, 'max_depth': 8, 'verbosity': 1}
{'n_estimators': 110, 'learning_rate': 0.05583448159985737, 'max_depth': 5, 'verbosity': 1}
{'n_estimators': 200, 'learning_rate': 0.05691722063993304, 'max_depth': 9, 'verbosity': 1}
{'n_estimators': 200, 'learning_rate': 0.046650749569217234, 'max_depth': 6, 'verbosity': 1}
{'n_estimators': 220, 'learning_rate': 0.07874053752742168, 'max_depth': 2, 'verbosity': 1}
{'n_estimators': 200, 'learning_rate': 0.038553242873354585, 'max_depth': 5, 'verbosity': 1}
{'n_estimators': 250, 'learning_rate': 0.07667461683723686, 'max_depth': 4, 'verbosity': 1}
{'n_estimators': 170, 'learning_rate': 0.01695111795073379, 'max_depth': 1, 'verbosity': 1}
{'n_estimators': 100, 'learning_rate': 0.039559053760591614, 'max_depth': 7, 'verbosity': 1}
{'n_estimators': 170, 'learning_rate': 0.05597638226274667, 'max_depth': 2, 'verbosity': 1}
{'n_estimators': 100, 'learning_rate': 0.062199620924832534, 'max_depth': 1, 'verbosity': 1}
{'n_estimators': 180, 'learning_rate': 0.0847016736960136, 'max_depth': 5, 'verbosity': 1}
{'n_estimators': 160, 'learning_rate': 0.017342711559342867, 'max_depth': 4, 'verbosity': 1}
{'n_estimators': 130, 'learning_rate': 0.043567933716405584, 'max_depth': 5, 'verbosity': 1}
{'n_estimators': 100, 'learning_rate': 0.06061015734727078, 'max_depth': 2, 'verbosity': 1}
{'n_estimators': 100, 'learning_rate': 0.09885326596450021, 'max_depth': 7, 'verbosity': 1}
{'n_estimators': 150, 'learning_rate': 0.04459464186446948, 'max_depth': 8, 'verbosity': 1}
{'n_estimators': 280, 'learning_rate': 0.029758019190697784, 'max_depth': 4, 'verbosity': 1}
{'n_estimators': 250, 'learning_rate': 0.010860124362927673, 'max_depth': 5, 'verbosity': 1}
{'n_estimators': 170, 'learning_rate': 0.02112243485838504, 'max_depth': 9, 'verbosity': 1}
{'n_estimators': 200, 'learning_rate': 0.08847617100400933, 'max_depth': 9, 'verbosity': 1}
{'n_estimators': 260, 'learning_rate': 0.07687348351298307, 'max_depth': 7, 'verbosity': 1}
{'n_estimators': 150, 'learning_rate': 0.01413457416096545, 'max_depth': 7, 'verbosity': 1}
{'n_estimators': 160, 'learning_rate': 0.07698564157889293, 'max_depth': 6, 'verbosity': 1}
{'n_estimators': 300, 'learning_rate': 0.0693724577369533, 'max_depth': 1, 'verbosity': 1}
{'n_estimators': 180, 'learning_rate': 0.09650338428814065, 'max_depth': 7, 'verbosity': 1}
{'n_estimators': 270, 'learning_rate': 0.008878617512870429, 'max_depth': 8, 'verbosity': 1}
{'n_estimators': 250, 'learning_rate': 0.05262772538457255, 'max_depth': 5, 'verbosity': 1}
{'n_estimators': 190, 'learning_rate': 0.056684090863720483, 'max_depth': 7, 'verbosity': 1}
{'n_estimators': 110, 'learning_rate': 0.052080158410141075, 'max_depth': 6, 'verbosity': 1}
{'n_estimators': 130, 'learning_rate': 0.0958623623505534, 'max_depth': 7, 'verbosity': 1}
{'n_estimators': 110, 'learning_rate': 0.06819022199207184, 'max_depth': 9, 'verbosity': 1}
{'n_estimators': 230, 'learning_rate': 0.056237271155422146, 'max_depth': 2, 'verbosity': 1}
{'n_estimators': 150, 'learning_rate': 0.011563808600376806, 'max_depth': 6, 'verbosity': 1}
{'n_estimators': 220, 'learning_rate': 0.06424848892424469, 'max_depth': 6, 'verbosity': 1}
{'n_estimators': 160, 'learning_rate': 0.004992859886686774, 'max_depth': 6, 'verbosity': 1}
{'n_estimators': 140, 'learning_rate': 0.08611135062486572, 'max_depth': 8, 'verbosity': 1}
{'n_estimators': 280, 'learning_rate': 0.07644585982425738, 'max_depth': 2, 'verbosity': 1}
{'n_estimators': 190, 'learning_rate': 0.010367878913534443, 'max_depth': 9, 'verbosity': 1}
{'n_estimators': 280, 'learning_rate': 0.03944447560604863, 'max_depth': 5, 'verbosity': 1}
{'n_estimators': 190, 'learning_rate': 0.03703660611994342, 'max_depth': 3, 'verbosity': 1}
{'n_estimators': 260, 'learning_rate': 0.016075912094882485, 'max_depth': 7, 'verbosity': 1}
{'n_estimators': 200, 'learning_rate': 0.016823845771549262, 'max_depth': 6, 'verbosity': 1}
{'n_estimators': 290, 'learning_rate': 0.020791519947721476, 'max_depth': 7, 'verbosity': 1}
{'n_estimators': 290, 'learning_rate': 0.014923807158383776, 'max_depth': 4, 'verbosity': 1}
{'n_estimators': 260, 'learning_rate': 0.04318140644355929, 'max_depth': 8, 'verbosity': 1}
{'n_estimators': 250, 'learning_rate': 0.03261547014266119, 'max_depth': 9, 'verbosity': 1}
{'n_estimators': 300, 'learning_rate': 0.06703679996700797, 'max_depth': 1, 'verbosity': 1}
{'n_estimators': 240, 'learning_rate': 0.013209634432767327, 'max_depth': 1, 'verbosity': 1}
{'n_estimators': 270, 'learning_rate': 0.006716427757490881, 'max_depth': 6, 'verbosity': 1}
{'n_estimators': 270, 'learning_rate': 0.043103657742127904, 'max_depth': 3, 'verbosity': 1}
{'n_estimators': 110, 'learning_rate': 0.02967404561613794, 'max_depth': 1, 'verbosity': 1}
{'n_estimators': 120, 'learning_rate': 0.09160806209461182, 'max_depth': 9, 'verbosity': 1}
{'n_estimators': 230, 'learning_rate': 0.08381929133031456, 'max_depth': 1, 'verbosity': 1}
{'n_estimators': 130, 'learning_rate': 0.01754319592084311, 'max_depth': 3, 'verbosity': 1}
{'n_estimators': 110, 'learning_rate': 0.07992618045755213, 'max_depth': 1, 'verbosity': 1}
{'n_estimators': 290, 'learning_rate': 0.026246587296345273, 'max_depth': 7, 'verbosity': 1}
{'n_estimators': 250, 'learning_rate': 0.021485304204119794, 'max_depth': 7, 'verbosity': 1}
{'n_estimators': 180, 'learning_rate': 0.0927864295520552, 'max_depth': 7, 'verbosity': 1}
{'n_estimators': 240, 'learning_rate': 0.09169129838095234, 'max_depth': 8, 'verbosity': 1}
{'n_estimators': 300, 'learning_rate': 0.0897828726611212, 'max_depth': 2, 'verbosity': 1}
{'n_estimators': 220, 'learning_rate': 0.06492944729130173, 'max_depth': 2, 'verbosity': 1}
{'n_estimators': 230, 'learning_rate': 0.08923164988707233, 'max_depth': 3, 'verbosity': 1}
{'n_estimators': 250, 'learning_rate': 0.03682638398467781, 'max_depth': 9, 'verbosity': 1}
{'n_estimators': 110, 'learning_rate': 0.05358972002955995, 'max_depth': 2, 'verbosity': 1}
{'n_estimators': 140, 'learning_rate': 0.010424360346980039, 'max_depth': 7, 'verbosity': 1}
{'n_estimators': 260, 'learning_rate': 0.02117855312770777, 'max_depth': 2, 'verbosity': 1}
{'n_estimators': 230, 'learning_rate': 0.09947133272857811, 'max_depth': 3, 'verbosity': 1}
{'n_estimators': 200, 'learning_rate': 0.03768201934512043, 'max_depth': 4, 'verbosity': 1}
{'n_estimators': 140, 'learning_rate': 0.06067892268885986, 'max_depth': 9, 'verbosity': 1}
{'n_estimators': 290, 'learning_rate': 0.03787548075081294, 'max_depth': 9, 'verbosity': 1}
{'n_estimators': 190, 'learning_rate': 0.02150217523489094, 'max_depth': 9, 'verbosity': 1}
{'n_estimators': 220, 'learning_rate': 0.03573707038936567, 'max_depth': 6, 'verbosity': 1}
{'n_estimators': 120, 'learning_rate': 0.008296301086050863, 'max_depth': 6, 'verbosity': 1}
{'n_estimators': 240, 'learning_rate': 0.04478569601364641, 'max_depth': 2, 'verbosity': 1}
{'n_estimators': 170, 'learning_rate': 0.02742982669130784, 'max_depth': 8, 'verbosity': 1}
{'n_estimators': 110, 'learning_rate': 0.025839232431247406, 'max_depth': 6, 'verbosity': 1}
{'n_estimators': 280, 'learning_rate': 0.02480790568687751, 'max_depth': 2, 'verbosity': 1}
{'n_estimators': 280, 'learning_rate': 0.05116870750610642, 'max_depth': 9, 'verbosity': 1}
{'n_estimators': 100, 'learning_rate': 0.01963702205243707, 'max_depth': 4, 'verbosity': 1}
{'n_estimators': 120, 'learning_rate': 0.07612824648409239, 'max_depth': 6, 'verbosity': 1}
{'n_estimators': 240, 'learning_rate': 0.0656183178784785, 'max_depth': 3, 'verbosity': 1}
{'n_estimators': 160, 'learning_rate': 0.05769789284956284, 'max_depth': 9, 'verbosity': 1}
{'n_estimators': 110, 'learning_rate': 0.009351095143371572, 'max_depth': 8, 'verbosity': 1}
{'n_estimators': 290, 'learning_rate': 0.0724165122528504, 'max_depth': 6, 'verbosity': 1}
{'n_estimators': 160, 'learning_rate': 0.02530384417666532, 'max_depth': 2, 'verbosity': 1}
{'n_estimators': 270, 'learning_rate': 0.0793109789676158, 'max_depth': 3, 'verbosity': 1}
{'n_estimators': 200, 'learning_rate': 0.05118975108436307, 'max_depth': 8, 'verbosity': 1}
{'n_estimators': 280, 'learning_rate': 0.05912618394114546, 'max_depth': 3, 'verbosity': 1}
{'n_estimators': 250, 'learning_rate': 0.01660120598634942, 'max_depth': 9, 'verbosity': 1}
{'n_estimators': 190, 'learning_rate': 0.07074137363969299, 'max_depth': 2, 'verbosity': 1}
{'n_estimators': 190, 'learning_rate': 0.0981137197884951, 'max_depth': 9, 'verbosity': 1}
{'n_estimators': 280, 'learning_rate': 0.07929258932087645, 'max_depth': 5, 'verbosity': 1}
{'n_estimators': 260, 'learning_rate': 0.04782110828335492, 'max_depth': 6, 'verbosity': 1}
{'n_estimators': 270, 'learning_rate': 0.006644134465197138, 'max_depth': 9, 'verbosity': 1}
{'n_estimators': 270, 'learning_rate': 0.08107089651614909, 'max_depth': 8, 'verbosity': 1}
{'n_estimators': 260, 'learning_rate': 0.08021916106016913, 'max_depth': 8, 'verbosity': 1}
{'n_estimators': 190, 'learning_rate': 0.04668181562290963, 'max_depth': 5, 'verbosity': 1}
{'n_estimators': 260, 'learning_rate': 0.02041998207177469, 'max_depth': 1, 'verbosity': 1}
{'n_estimators': 190, 'learning_rate': 0.09115156787747529, 'max_depth': 2, 'verbosity': 1}
{'n_estimators': 220, 'learning_rate': 0.013758210201913063, 'max_depth': 2, 'verbosity': 1}
{'n_estimators': 110, 'learning_rate': 0.04730468454178101, 'max_depth': 3, 'verbosity': 1}
{'n_estimators': 220, 'learning_rate': 0.057705520428338285, 'max_depth': 1, 'verbosity': 1}
{'n_estimators': 190, 'learning_rate': 0.06794480451256514, 'max_depth': 7, 'verbosity': 1}
{'n_estimators': 110, 'learning_rate': 0.031402367727190794, 'max_depth': 9, 'verbosity': 1}
{'n_estimators': 260, 'learning_rate': 0.06433415088369836, 'max_depth': 2, 'verbosity': 1}
{'n_estimators': 100, 'learning_rate': 0.04400571619869682, 'max_depth': 3, 'verbosity': 1}
{'n_estimators': 110, 'learning_rate': 0.05125772125245589, 'max_depth': 9, 'verbosity': 1}
{'n_estimators': 170, 'learning_rate': 0.02017453977100594, 'max_depth': 6, 'verbosity': 1}
{'n_estimators': 230, 'learning_rate': 0.09733462849307994, 'max_depth': 3, 'verbosity': 1}
{'n_estimators': 150, 'learning_rate': 0.019937641010786288, 'max_depth': 4, 'verbosity': 1}
{'n_estimators': 280, 'learning_rate': 0.010515868379247461, 'max_depth': 1, 'verbosity': 1}
{'n_estimators': 250, 'learning_rate': 0.013766215558370248, 'max_depth': 7, 'verbosity': 1}
{'n_estimators': 120, 'learning_rate': 0.0011728461925692437, 'max_depth': 5, 'verbosity': 1}
{'n_estimators': 260, 'learning_rate': 0.039586520402613685, 'max_depth': 1, 'verbosity': 1}
{'n_estimators': 170, 'learning_rate': 0.09843104245322865, 'max_depth': 2, 'verbosity': 1}
{'n_estimators': 150, 'learning_rate': 0.006029763047308208, 'max_depth': 9, 'verbosity': 1}
{'n_estimators': 150, 'learning_rate': 0.08699197658073894, 'max_depth': 3, 'verbosity': 1}
{'n_estimators': 230, 'learning_rate': 0.030668117774765264, 'max_depth': 4, 'verbosity': 1}
{'n_estimators': 250, 'learning_rate': 0.0840239074683571, 'max_depth': 3, 'verbosity': 1}
{'n_estimators': 150, 'learning_rate': 0.0806038280125806, 'max_depth': 2, 'verbosity': 1}
{'n_estimators': 100, 'learning_rate': 0.06860413385764559, 'max_depth': 1, 'verbosity': 1}
{'n_estimators': 210, 'learning_rate': 0.03141396203281378, 'max_depth': 8, 'verbosity': 1}
{'n_estimators': 240, 'learning_rate': 0.026217252388263838, 'max_depth': 8, 'verbosity': 1}
{'n_estimators': 280, 'learning_rate': 0.0844163459697084, 'max_depth': 3, 'verbosity': 1}
{'n_estimators': 160, 'learning_rate': 0.07100893906543623, 'max_depth': 7, 'verbosity': 1}
{'n_estimators': 230, 'learning_rate': 0.04885292214502697, 'max_depth': 5, 'verbosity': 1}
{'n_estimators': 140, 'learning_rate': 0.09879148766391835, 'max_depth': 1, 'verbosity': 1}
{'n_estimators': 190, 'learning_rate': 0.09334428624866373, 'max_depth': 2, 'verbosity': 1}
{'n_estimators': 160, 'learning_rate': 0.06420479610118891, 'max_depth': 9, 'verbosity': 1}
{'n_estimators': 300, 'learning_rate': 0.006667142959810672, 'max_depth': 9, 'verbosity': 1}
{'n_estimators': 150, 'learning_rate': 0.04648961899573098, 'max_depth': 4, 'verbosity': 1}
{'n_estimators': 200, 'learning_rate': 0.035021493664098124, 'max_depth': 6, 'verbosity': 1}
{'n_estimators': 200, 'learning_rate': 0.008045361314078629, 'max_depth': 4, 'verbosity': 1}
{'n_estimators': 190, 'learning_rate': 0.07147621199749812, 'max_depth': 3, 'verbosity': 1}
{'n_estimators': 130, 'learning_rate': 0.03635057998849824, 'max_depth': 6, 'verbosity': 1}
{'n_estimators': 250, 'learning_rate': 0.049516278120974505, 'max_depth': 5, 'verbosity': 1}
{'n_estimators': 160, 'learning_rate': 0.0902890540833524, 'max_depth': 5, 'verbosity': 1}
{'n_estimators': 160, 'learning_rate': 0.021169869116270702, 'max_depth': 7, 'verbosity': 1}
{'n_estimators': 220, 'learning_rate': 0.03877510399539261, 'max_depth': 4, 'verbosity': 1}
{'n_estimators': 110, 'learning_rate': 0.08462622603901833, 'max_depth': 6, 'verbosity': 1}
{'n_estimators': 110, 'learning_rate': 0.06800589626675396, 'max_depth': 7, 'verbosity': 1}
{'n_estimators': 270, 'learning_rate': 0.07470766409006273, 'max_depth': 2, 'verbosity': 1}
{'n_estimators': 300, 'learning_rate': 0.029298926425076824, 'max_depth': 9, 'verbosity': 1}
{'n_estimators': 100, 'learning_rate': 0.028864746754568144, 'max_depth': 8, 'verbosity': 1}
{'n_estimators': 170, 'learning_rate': 0.07897135205298543, 'max_depth': 2, 'verbosity': 1}
{'n_estimators': 110, 'learning_rate': 0.04770839753211273, 'max_depth': 7, 'verbosity': 1}
{'n_estimators': 240, 'learning_rate': 0.025699908734761315, 'max_depth': 5, 'verbosity': 1}
{'n_estimators': 290, 'learning_rate': 0.08070254822181555, 'max_depth': 1, 'verbosity': 1}
{'n_estimators': 150, 'learning_rate': 0.009062276045437394, 'max_depth': 3, 'verbosity': 1}
{'n_estimators': 250, 'learning_rate': 0.08379566637059359, 'max_depth': 6, 'verbosity': 1}
{'n_estimators': 180, 'learning_rate': 0.0464893156834654, 'max_depth': 3, 'verbosity': 1}
{'n_estimators': 250, 'learning_rate': 0.06055859139811988, 'max_depth': 1, 'verbosity': 1}
{'n_estimators': 150, 'learning_rate': 0.04302311281786543, 'max_depth': 3, 'verbosity': 1}
{'n_estimators': 260, 'learning_rate': 0.0484557266331691, 'max_depth': 8, 'verbosity': 1}
{'n_estimators': 240, 'learning_rate': 0.060761976643544054, 'max_depth': 1, 'verbosity': 1}
{'n_estimators': 250, 'learning_rate': 0.030768271576402596, 'max_depth': 7, 'verbosity': 1}
{'n_estimators': 280, 'learning_rate': 0.08103763072000529, 'max_depth': 6, 'verbosity': 1}
{'n_estimators': 230, 'learning_rate': 0.0019480135642050986, 'max_depth': 1, 'verbosity': 1}
{'n_estimators': 190, 'learning_rate': 0.0825510755574552, 'max_depth': 8, 'verbosity': 1}
{'n_estimators': 250, 'learning_rate': 0.03028065543088416, 'max_depth': 6, 'verbosity': 1}
{'n_estimators': 210, 'learning_rate': 0.06713875052799033, 'max_depth': 9, 'verbosity': 1}
{'n_estimators': 170, 'learning_rate': 0.09159570110823395, 'max_depth': 6, 'verbosity': 1}
{'n_estimators': 100, 'learning_rate': 0.03996424489038689, 'max_depth': 4, 'verbosity': 1}
{'n_estimators': 140, 'learning_rate': 0.04428853518188384, 'max_depth': 7, 'verbosity': 1}
{'n_estimators': 190, 'learning_rate': 0.02047474425442861, 'max_depth': 1, 'verbosity': 1}
{'n_estimators': 250, 'learning_rate': 0.02948001124370807, 'max_depth': 9, 'verbosity': 1}
{'n_estimators': 230, 'learning_rate': 0.012970982029289868, 'max_depth': 7, 'verbosity': 1}
{'n_estimators': 130, 'learning_rate': 0.01927562640577857, 'max_depth': 3, 'verbosity': 1}
{'n_estimators': 130, 'learning_rate': 0.004458594297716591, 'max_depth': 9, 'verbosity': 1}
{'n_estimators': 210, 'learning_rate': 0.08901460770872412, 'max_depth': 9, 'verbosity': 1}
{'n_estimators': 150, 'learning_rate': 0.03424936341007487, 'max_depth': 8, 'verbosity': 1}
{'n_estimators': 250, 'learning_rate': 0.014886210930066323, 'max_depth': 5, 'verbosity': 1}
{'n_estimators': 280, 'learning_rate': 0.04467679644608336, 'max_depth': 2, 'verbosity': 1}
{'n_estimators': 290, 'learning_rate': 0.005694835574129258, 'max_depth': 4, 'verbosity': 1}
{'n_estimators': 280, 'learning_rate': 0.016483603576515654, 'max_depth': 1, 'verbosity': 1}
{'n_estimators': 150, 'learning_rate': 0.08719726938559368, 'max_depth': 2, 'verbosity': 1}
{'n_estimators': 230, 'learning_rate': 0.08562358523830656, 'max_depth': 7, 'verbosity': 1}
{'n_estimators': 170, 'learning_rate': 0.09468511565595351, 'max_depth': 7, 'verbosity': 1}
{'n_estimators': 230, 'learning_rate': 0.0804572600201334, 'max_depth': 7, 'verbosity': 1}
{'n_estimators': 230, 'learning_rate': 0.09642030877223222, 'max_depth': 8, 'verbosity': 1}
{'n_estimators': 170, 'learning_rate': 0.06381255675994259, 'max_depth': 1, 'verbosity': 1}
{'n_estimators': 230, 'learning_rate': 0.04815645307987741, 'max_depth': 1, 'verbosity': 1}
{'n_estimators': 230, 'learning_rate': 0.06738845042119854, 'max_depth': 7, 'verbosity': 1}
{'n_estimators': 260, 'learning_rate': 0.017007016885310897, 'max_depth': 9, 'verbosity': 1}
{'n_estimators': 210, 'learning_rate': 0.07084606391731849, 'max_depth': 4, 'verbosity': 1}
{'n_estimators': 300, 'learning_rate': 0.041788101395095464, 'max_depth': 1, 'verbosity': 1}
{'n_estimators': 280, 'learning_rate': 0.036595906488062914, 'max_depth': 3, 'verbosity': 1}
{'n_estimators': 180, 'learning_rate': 0.0552661470896316, 'max_depth': 2, 'verbosity': 1}
{'n_estimators': 260, 'learning_rate': 0.07242207014298832, 'max_depth': 7, 'verbosity': 1}
{'n_estimators': 110, 'learning_rate': 0.028868617323315058, 'max_depth': 9, 'verbosity': 1}
{'n_estimators': 180, 'learning_rate': 0.08177596686920871, 'max_depth': 8, 'verbosity': 1}
{'n_estimators': 180, 'learning_rate': 0.07423173039316272, 'max_depth': 9, 'verbosity': 1}
{'n_estimators': 170, 'learning_rate': 0.02516577853911686, 'max_depth': 2, 'verbosity': 1}
{'n_estimators': 260, 'learning_rate': 0.08939604801314303, 'max_depth': 6, 'verbosity': 1}
{'n_estimators': 140, 'learning_rate': 0.08669563711442069, 'max_depth': 4, 'verbosity': 1}
{'n_estimators': 300, 'learning_rate': 0.057268250368145195, 'max_depth': 5, 'verbosity': 1}
{'n_estimators': 120, 'learning_rate': 0.05378342129043632, 'max_depth': 9, 'verbosity': 1}
{'n_estimators': 230, 'learning_rate': 0.021329814773727328, 'max_depth': 4, 'verbosity': 1}
{'n_estimators': 240, 'learning_rate': 0.09021896298031905, 'max_depth': 4, 'verbosity': 1}
{'n_estimators': 240, 'learning_rate': 0.05969318577067776, 'max_depth': 4, 'verbosity': 1}
{'n_estimators': 110, 'learning_rate': 0.06209775845674174, 'max_depth': 3, 'verbosity': 1}
{'n_estimators': 260, 'learning_rate': 0.09397904567645107, 'max_depth': 2, 'verbosity': 1}
{'n_estimators': 140, 'learning_rate': 0.04925097509736934, 'max_depth': 2, 'verbosity': 1}
{'n_estimators': 250, 'learning_rate': 0.03403546775712583, 'max_depth': 7, 'verbosity': 1}
{'n_estimators': 210, 'learning_rate': 0.03765752141104231, 'max_depth': 8, 'verbosity': 1}
{'n_estimators': 200, 'learning_rate': 0.08654230207082318, 'max_depth': 8, 'verbosity': 1}
{'n_estimators': 180, 'learning_rate': 0.03354076448961803, 'max_depth': 1, 'verbosity': 1}
{'n_estimators': 110, 'learning_rate': 0.08912646440253186, 'max_depth': 5, 'verbosity': 1}
{'n_estimators': 230, 'learning_rate': 0.022167919004448745, 'max_depth': 7, 'verbosity': 1}
{'n_estimators': 270, 'learning_rate': 0.07573342928285864, 'max_depth': 4, 'verbosity': 1}
{'n_estimators': 260, 'learning_rate': 0.038714670572231095, 'max_depth': 6, 'verbosity': 1}
{'n_estimators': 110, 'learning_rate': 0.07828960476614795, 'max_depth': 4, 'verbosity': 1}
{'n_estimators': 180, 'learning_rate': 0.09796767427319489, 'max_depth': 4, 'verbosity': 1}
{'n_estimators': 280, 'learning_rate': 0.03991179480375872, 'max_depth': 4, 'verbosity': 1}
{'n_estimators': 250, 'learning_rate': 0.011926149612651288, 'max_depth': 9, 'verbosity': 1}
{'n_estimators': 300, 'learning_rate': 0.0010110723025824424, 'max_depth': 4, 'verbosity': 1}
{'n_estimators': 130, 'learning_rate': 0.0039793152706191215, 'max_depth': 2, 'verbosity': 1}
{'n_estimators': 170, 'learning_rate': 0.019004104579299737, 'max_depth': 6, 'verbosity': 1}
{'n_estimators': 140, 'learning_rate': 0.09765617041786476, 'max_depth': 3, 'verbosity': 1}
{'n_estimators': 150, 'learning_rate': 0.00345900241561468, 'max_depth': 5, 'verbosity': 1}
{'n_estimators': 290, 'learning_rate': 0.03367909702500678, 'max_depth': 3, 'verbosity': 1}
{'n_estimators': 250, 'learning_rate': 0.021117382710210773, 'max_depth': 8, 'verbosity': 1}
{'n_estimators': 240, 'learning_rate': 0.016565768996082475, 'max_depth': 3, 'verbosity': 1}
{'n_estimators': 250, 'learning_rate': 0.048610449856522304, 'max_depth': 7, 'verbosity': 1}
{'n_estimators': 210, 'learning_rate': 0.05838614643806726, 'max_depth': 6, 'verbosity': 1}
{'n_estimators': 270, 'learning_rate': 0.05946239149204289, 'max_depth': 5, 'verbosity': 1}
{'n_estimators': 120, 'learning_rate': 0.05886152639599055, 'max_depth': 9, 'verbosity': 1}
{'n_estimators': 190, 'learning_rate': 0.04670358605032175, 'max_depth': 2, 'verbosity': 1}
{'n_estimators': 200, 'learning_rate': 0.09464771806300008, 'max_depth': 3, 'verbosity': 1}
{'n_estimators': 230, 'learning_rate': 0.036527576407544074, 'max_depth': 6, 'verbosity': 1}
{'n_estimators': 220, 'learning_rate': 0.05897810530195136, 'max_depth': 4, 'verbosity': 1}
{'n_estimators': 130, 'learning_rate': 0.0074855543625293956, 'max_depth': 8, 'verbosity': 1}
{'n_estimators': 250, 'learning_rate': 0.08028391648884863, 'max_depth': 7, 'verbosity': 1}
{'n_estimators': 250, 'learning_rate': 0.06843775118890107, 'max_depth': 9, 'verbosity': 1}
{'n_estimators': 220, 'learning_rate': 0.0781893207564665, 'max_depth': 9, 'verbosity': 1}
{'n_estimators': 290, 'learning_rate': 0.04817480979397285, 'max_depth': 8, 'verbosity': 1}
{'n_estimators': 140, 'learning_rate': 0.08344871714997497, 'max_depth': 3, 'verbosity': 1}
{'n_estimators': 180, 'learning_rate': 0.04496644151851745, 'max_depth': 4, 'verbosity': 1}
{'n_estimators': 180, 'learning_rate': 0.009781612153233463, 'max_depth': 9, 'verbosity': 1}
{'n_estimators': 240, 'learning_rate': 0.06646898756864238, 'max_depth': 1, 'verbosity': 1}
{'n_estimators': 140, 'learning_rate': 0.06458602426389834, 'max_depth': 9, 'verbosity': 1}
{'n_estimators': 170, 'learning_rate': 0.015444014519521949, 'max_depth': 1, 'verbosity': 1}
{'n_estimators': 260, 'learning_rate': 0.018851335511517398, 'max_depth': 7, 'verbosity': 1}
{'n_estimators': 190, 'learning_rate': 0.04855356434771816, 'max_depth': 8, 'verbosity': 1}
{'n_estimators': 230, 'learning_rate': 0.031120407673637007, 'max_depth': 2, 'verbosity': 1}
{'n_estimators': 230, 'learning_rate': 0.08952078550701023, 'max_depth': 5, 'verbosity': 1}
{'n_estimators': 290, 'learning_rate': 0.0026117069070080187, 'max_depth': 3, 'verbosity': 1}
{'n_estimators': 290, 'learning_rate': 0.09328061224445455, 'max_depth': 7, 'verbosity': 1}
{'n_estimators': 210, 'learning_rate': 0.016387300065481156, 'max_depth': 2, 'verbosity': 1}
{'n_estimators': 160, 'learning_rate': 0.09763742007833154, 'max_depth': 6, 'verbosity': 1}
{'n_estimators': 100, 'learning_rate': 0.07737329633735142, 'max_depth': 5, 'verbosity': 1}
{'n_estimators': 150, 'learning_rate': 0.03919531249492911, 'max_depth': 8, 'verbosity': 1}
{'n_estimators': 140, 'learning_rate': 0.027252080802727143, 'max_depth': 5, 'verbosity': 1}
{'n_estimators': 260, 'learning_rate': 0.04677301590210078, 'max_depth': 8, 'verbosity': 1}
{'n_estimators': 240, 'learning_rate': 0.0683229160770709, 'max_depth': 3, 'verbosity': 1}
{'n_estimators': 140, 'learning_rate': 0.033392868736091826, 'max_depth': 3, 'verbosity': 1}
{'n_estimators': 100, 'learning_rate': 0.09535303674463934, 'max_depth': 9, 'verbosity': 1}
{'n_estimators': 270, 'learning_rate': 0.013004286749623423, 'max_depth': 1, 'verbosity': 1}
{'n_estimators': 230, 'learning_rate': 0.05048584000625852, 'max_depth': 7, 'verbosity': 1}
{'n_estimators': 160, 'learning_rate': 0.056156664292680174, 'max_depth': 9, 'verbosity': 1}
{'n_estimators': 300, 'learning_rate': 0.013252672904869017, 'max_depth': 5, 'verbosity': 1}
{'n_estimators': 220, 'learning_rate': 0.05908210375450207, 'max_depth': 4, 'verbosity': 1}
{'n_estimators': 110, 'learning_rate': 0.015340418148605827, 'max_depth': 6, 'verbosity': 1}
{'n_estimators': 130, 'learning_rate': 0.051470155119942795, 'max_depth': 2, 'verbosity': 1}
{'n_estimators': 150, 'learning_rate': 0.027044541027940516, 'max_depth': 3, 'verbosity': 1}
{'n_estimators': 190, 'learning_rate': 0.05488120259123725, 'max_depth': 2, 'verbosity': 1}
{'n_estimators': 170, 'learning_rate': 0.019940874651558815, 'max_depth': 7, 'verbosity': 1}
{'n_estimators': 130, 'learning_rate': 0.04010998649325113, 'max_depth': 5, 'verbosity': 1}
{'n_estimators': 280, 'learning_rate': 0.09963846911502626, 'max_depth': 9, 'verbosity': 1}
{'n_estimators': 270, 'learning_rate': 0.03230322912679274, 'max_depth': 7, 'verbosity': 1}
{'n_estimators': 160, 'learning_rate': 0.020893617011373614, 'max_depth': 5, 'verbosity': 1}
{'n_estimators': 130, 'learning_rate': 0.05590837735637695, 'max_depth': 2, 'verbosity': 1}
{'n_estimators': 220, 'learning_rate': 0.08475154558549965, 'max_depth': 5, 'verbosity': 1}
{'n_estimators': 160, 'learning_rate': 0.0632085401931513, 'max_depth': 7, 'verbosity': 1}
{'n_estimators': 260, 'learning_rate': 0.049328517682647746, 'max_depth': 5, 'verbosity': 1}
{'n_estimators': 220, 'learning_rate': 0.003331814833353921, 'max_depth': 4, 'verbosity': 1}
{'n_estimators': 130, 'learning_rate': 0.008186638679706842, 'max_depth': 7, 'verbosity': 1}
{'n_estimators': 100, 'learning_rate': 0.02284173898517901, 'max_depth': 3, 'verbosity': 1}
{'n_estimators': 160, 'learning_rate': 0.009376023192682534, 'max_depth': 7, 'verbosity': 1}
{'n_estimators': 150, 'learning_rate': 0.020248940892290894, 'max_depth': 6, 'verbosity': 1}
{'n_estimators': 130, 'learning_rate': 0.08942348158883295, 'max_depth': 1, 'verbosity': 1}
{'n_estimators': 250, 'learning_rate': 0.02928458079740632, 'max_depth': 1, 'verbosity': 1}
{'n_estimators': 110, 'learning_rate': 0.07019549345063562, 'max_depth': 8, 'verbosity': 1}
{'n_estimators': 260, 'learning_rate': 0.09868138947195713, 'max_depth': 1, 'verbosity': 1}
{'n_estimators': 140, 'learning_rate': 0.05982544522328435, 'max_depth': 1, 'verbosity': 1}
{'n_estimators': 250, 'learning_rate': 0.03648573918786398, 'max_depth': 9, 'verbosity': 1}
{'n_estimators': 170, 'learning_rate': 0.02104113759677373, 'max_depth': 2, 'verbosity': 1}
{'n_estimators': 120, 'learning_rate': 0.03256259975712737, 'max_depth': 5, 'verbosity': 1}
{'n_estimators': 180, 'learning_rate': 0.09296507361231901, 'max_depth': 3, 'verbosity': 1}
{'n_estimators': 270, 'learning_rate': 0.08040169784548738, 'max_depth': 7, 'verbosity': 1}
{'n_estimators': 290, 'learning_rate': 0.08768470319110361, 'max_depth': 5, 'verbosity': 1}
{'n_estimators': 260, 'learning_rate': 0.06605102992699509, 'max_depth': 9, 'verbosity': 1}
{'n_estimators': 260, 'learning_rate': 0.09918017971614446, 'max_depth': 5, 'verbosity': 1}
{'n_estimators': 270, 'learning_rate': 0.07486275171580795, 'max_depth': 1, 'verbosity': 1}
{'n_estimators': 100, 'learning_rate': 0.08228278041518204, 'max_depth': 3, 'verbosity': 1}
{'n_estimators': 270, 'learning_rate': 0.06659285413244781, 'max_depth': 3, 'verbosity': 1}
{'n_estimators': 260, 'learning_rate': 0.05434745430717644, 'max_depth': 9, 'verbosity': 1}
{'n_estimators': 170, 'learning_rate': 0.09620046030736763, 'max_depth': 6, 'verbosity': 1}
{'n_estimators': 180, 'learning_rate': 0.017067233412443962, 'max_depth': 7, 'verbosity': 1}
{'n_estimators': 270, 'learning_rate': 0.08342638447485648, 'max_depth': 8, 'verbosity': 1}
{'n_estimators': 220, 'learning_rate': 0.03210577787697822, 'max_depth': 9, 'verbosity': 1}
{'n_estimators': 180, 'learning_rate': 0.018635129624043678, 'max_depth': 2, 'verbosity': 1}
{'n_estimators': 150, 'learning_rate': 0.027735470689681935, 'max_depth': 7, 'verbosity': 1}
{'n_estimators': 270, 'learning_rate': 0.06621293421016325, 'max_depth': 2, 'verbosity': 1}
{'n_estimators': 190, 'learning_rate': 0.030811523199392496, 'max_depth': 2, 'verbosity': 1}
{'n_estimators': 280, 'learning_rate': 0.03589643707291322, 'max_depth': 6, 'verbosity': 1}
{'n_estimators': 190, 'learning_rate': 0.030586057210700276, 'max_depth': 9, 'verbosity': 1}
{'n_estimators': 110, 'learning_rate': 0.017464110737329567, 'max_depth': 7, 'verbosity': 1}
{'n_estimators': 110, 'learning_rate': 0.08811228974204412, 'max_depth': 7, 'verbosity': 1}
{'n_estimators': 120, 'learning_rate': 0.013285290588381068, 'max_depth': 2, 'verbosity': 1}
{'n_estimators': 180, 'learning_rate': 0.005003541225776598, 'max_depth': 6, 'verbosity': 1}
{'n_estimators': 200, 'learning_rate': 0.08212126070478139, 'max_depth': 8, 'verbosity': 1}
{'n_estimators': 220, 'learning_rate': 0.006454790711676035, 'max_depth': 6, 'verbosity': 1}
{'n_estimators': 210, 'learning_rate': 0.03944387967015601, 'max_depth': 2, 'verbosity': 1}
{'n_estimators': 120, 'learning_rate': 0.08828451382622411, 'max_depth': 8, 'verbosity': 1}
{'n_estimators': 160, 'learning_rate': 0.06064808009937073, 'max_depth': 1, 'verbosity': 1}
{'n_estimators': 270, 'learning_rate': 0.09377455706826215, 'max_depth': 4, 'verbosity': 1}
{'n_estimators': 160, 'learning_rate': 0.0328183898309207, 'max_depth': 2, 'verbosity': 1}
{'n_estimators': 270, 'learning_rate': 0.07416664529874245, 'max_depth': 3, 'verbosity': 1}
{'n_estimators': 130, 'learning_rate': 0.06879571523165091, 'max_depth': 5, 'verbosity': 1}
{'n_estimators': 160, 'learning_rate': 0.0708659752546049, 'max_depth': 7, 'verbosity': 1}
{'n_estimators': 160, 'learning_rate': 0.001442643926262967, 'max_depth': 1, 'verbosity': 1}
{'n_estimators': 280, 'learning_rate': 0.020816448949270466, 'max_depth': 1, 'verbosity': 1}
{'n_estimators': 220, 'learning_rate': 0.09626465422325702, 'max_depth': 1, 'verbosity': 1}
{'n_estimators': 140, 'learning_rate': 0.08370897951485622, 'max_depth': 7, 'verbosity': 1}
{'n_estimators': 240, 'learning_rate': 0.03168711033525564, 'max_depth': 9, 'verbosity': 1}
{'n_estimators': 270, 'learning_rate': 0.06400884329551387, 'max_depth': 6, 'verbosity': 1}
{'n_estimators': 200, 'learning_rate': 0.08444760353075408, 'max_depth': 1, 'verbosity': 1}
{'n_estimators': 150, 'learning_rate': 0.058893431488846605, 'max_depth': 2, 'verbosity': 1}
{'n_estimators': 230, 'learning_rate': 0.0765089363187272, 'max_depth': 8, 'verbosity': 1}
{'n_estimators': 290, 'learning_rate': 0.0023284530046865626, 'max_depth': 2, 'verbosity': 1}
{'n_estimators': 200, 'learning_rate': 0.047655470810353394, 'max_depth': 6, 'verbosity': 1}
{'n_estimators': 270, 'learning_rate': 0.016230955962457917, 'max_depth': 1, 'verbosity': 1}
{'n_estimators': 150, 'learning_rate': 0.046227685026246114, 'max_depth': 5, 'verbosity': 1}
{'n_estimators': 200, 'learning_rate': 0.07715074573396767, 'max_depth': 6, 'verbosity': 1}
{'n_estimators': 100, 'learning_rate': 0.07852005738416205, 'max_depth': 7, 'verbosity': 1}
{'n_estimators': 110, 'learning_rate': 0.08260807549531211, 'max_depth': 2, 'verbosity': 1}
{'n_estimators': 280, 'learning_rate': 0.08909848060677886, 'max_depth': 4, 'verbosity': 1}
{'n_estimators': 270, 'learning_rate': 0.08366325003401494, 'max_depth': 7, 'verbosity': 1}
{'n_estimators': 100, 'learning_rate': 0.07504233477735085, 'max_depth': 1, 'verbosity': 1}
{'n_estimators': 280, 'learning_rate': 0.05015765501259626, 'max_depth': 6, 'verbosity': 1}
{'n_estimators': 210, 'learning_rate': 0.06264380044233318, 'max_depth': 1, 'verbosity': 1}
{'n_estimators': 250, 'learning_rate': 0.06565912946561359, 'max_depth': 2, 'verbosity': 1}
{'n_estimators': 270, 'learning_rate': 0.0012961352478679479, 'max_depth': 4, 'verbosity': 1}
