WARNING: overwriting environment variables set in the machine
overwriting variable LD_LIBRARY_PATH
/home/yusukemh/sadow_lts/personal/yusukemh/Anaconda3/envs/tfp/lib/python3.10/site-packages/xgboost/compat.py:36: FutureWarning: pandas.Int64Index is deprecated and will be removed from pandas in a future version. Use pandas.Index with the appropriate dtype instead.
  from pandas import MultiIndex, Int64Index
INFO:sherpa.core:
-------------------------------------------------------
SHERPA Dashboard running. Access via
http://10.100.11.207:8880 if on a cluster or
http://localhost:8880 if running locally.
-------------------------------------------------------
2022-06-01 00:44:38.518299: E tensorflow/stream_executor/cuda/cuda_driver.cc:271] failed call to cuInit: CUDA_ERROR_NO_DEVICE: no CUDA-capable device is detected
2022-06-01 00:44:38.518525: I tensorflow/stream_executor/cuda/cuda_diagnostics.cc:169] retrieving CUDA diagnostic information for host: gpu-0009
2022-06-01 00:44:38.518631: I tensorflow/stream_executor/cuda/cuda_diagnostics.cc:176] hostname: gpu-0009
2022-06-01 00:44:38.518905: I tensorflow/stream_executor/cuda/cuda_diagnostics.cc:200] libcuda reported version is: 495.29.5
2022-06-01 00:44:38.519080: I tensorflow/stream_executor/cuda/cuda_diagnostics.cc:204] kernel reported version is: 495.29.5
2022-06-01 00:44:38.519184: I tensorflow/stream_executor/cuda/cuda_diagnostics.cc:310] kernel version seems to match DSO: 495.29.5
2022-06-01 00:44:38.519813: I tensorflow/core/platform/cpu_feature_guard.cc:151] This TensorFlow binary is optimized with oneAPI Deep Neural Network Library (oneDNN) to use the following CPU instructions in performance-critical operations:  AVX2 AVX512F FMA
To enable them in other operations, rebuild TensorFlow with the appropriate compiler flags.
2022-06-01 00:44:38.573971: W tensorflow/python/util/util.cc:368] Sets are not currently considered sequences, but this may change in the future, so consider avoiding using them.
Traceback (most recent call last):
  File "/home/yusukemh/github/yusukemh/StatisticalDownscaling/codes/slurm/run_scripts/DL/normal_HT/normal_ht.py", line 146, in <module>
    main()
  File "/home/yusukemh/github/yusukemh/StatisticalDownscaling/codes/slurm/run_scripts/DL/normal_HT/normal_ht.py", line 129, in main
    validation_error = mean_squared_error(Y, y_pred, squared=False)
  File "/home/yusukemh/sadow_lts/personal/yusukemh/Anaconda3/envs/tfp/lib/python3.10/site-packages/sklearn/metrics/_regression.py", line 438, in mean_squared_error
    y_type, y_true, y_pred, multioutput = _check_reg_targets(
  File "/home/yusukemh/sadow_lts/personal/yusukemh/Anaconda3/envs/tfp/lib/python3.10/site-packages/sklearn/metrics/_regression.py", line 96, in _check_reg_targets
    y_pred = check_array(y_pred, ensure_2d=False, dtype=dtype)
  File "/home/yusukemh/sadow_lts/personal/yusukemh/Anaconda3/envs/tfp/lib/python3.10/site-packages/sklearn/utils/validation.py", line 800, in check_array
    _assert_all_finite(array, allow_nan=force_all_finite == "allow-nan")
  File "/home/yusukemh/sadow_lts/personal/yusukemh/Anaconda3/envs/tfp/lib/python3.10/site-packages/sklearn/utils/validation.py", line 114, in _assert_all_finite
    raise ValueError(
ValueError: Input contains NaN, infinity or a value too large for dtype('float64').
