 * Serving Flask app 'sherpa.app.app' (lazy loading)
 * Environment: production
   WARNING: This is a development server. Do not use it in a production deployment.
   Use a production WSGI server instead.
 * Debug mode: on
data processing complete
{'n_estimators': 220, 'learning_rate': 0.06987232823316666, 'max_depth': 2, 'verbosity': 1}
{'n_estimators': 130, 'learning_rate': 0.03647400648876289, 'max_depth': 8, 'verbosity': 1}
{'n_estimators': 280, 'learning_rate': 0.05295619251149013, 'max_depth': 1, 'verbosity': 1}
{'n_estimators': 240, 'learning_rate': 0.045044692633962914, 'max_depth': 8, 'verbosity': 1}
{'n_estimators': 270, 'learning_rate': 0.09905896896315337, 'max_depth': 6, 'verbosity': 1}
{'n_estimators': 100, 'learning_rate': 0.0632207138193219, 'max_depth': 5, 'verbosity': 1}
{'n_estimators': 240, 'learning_rate': 0.011684792061167112, 'max_depth': 4, 'verbosity': 1}
{'n_estimators': 290, 'learning_rate': 0.09634457188470182, 'max_depth': 9, 'verbosity': 1}
{'n_estimators': 260, 'learning_rate': 0.038110248862740975, 'max_depth': 4, 'verbosity': 1}
{'n_estimators': 240, 'learning_rate': 0.0913816742335404, 'max_depth': 4, 'verbosity': 1}
{'n_estimators': 220, 'learning_rate': 0.006460147627656041, 'max_depth': 6, 'verbosity': 1}
{'n_estimators': 260, 'learning_rate': 0.01557948710604767, 'max_depth': 8, 'verbosity': 1}
{'n_estimators': 130, 'learning_rate': 0.058107263709810994, 'max_depth': 8, 'verbosity': 1}
{'n_estimators': 120, 'learning_rate': 0.04652556313589354, 'max_depth': 3, 'verbosity': 1}
{'n_estimators': 240, 'learning_rate': 0.09854559815553339, 'max_depth': 5, 'verbosity': 1}
{'n_estimators': 100, 'learning_rate': 0.020248577776163543, 'max_depth': 6, 'verbosity': 1}
{'n_estimators': 230, 'learning_rate': 0.04017656896781606, 'max_depth': 3, 'verbosity': 1}
{'n_estimators': 150, 'learning_rate': 0.046639670168503525, 'max_depth': 3, 'verbosity': 1}
{'n_estimators': 230, 'learning_rate': 0.039332137112115036, 'max_depth': 3, 'verbosity': 1}
{'n_estimators': 260, 'learning_rate': 0.030673443158746264, 'max_depth': 4, 'verbosity': 1}
{'n_estimators': 200, 'learning_rate': 0.09847017180001844, 'max_depth': 4, 'verbosity': 1}
{'n_estimators': 150, 'learning_rate': 0.05589808835190573, 'max_depth': 6, 'verbosity': 1}
{'n_estimators': 260, 'learning_rate': 0.05462279208067216, 'max_depth': 5, 'verbosity': 1}
{'n_estimators': 130, 'learning_rate': 0.03975327142101025, 'max_depth': 3, 'verbosity': 1}
{'n_estimators': 200, 'learning_rate': 0.09519522368599201, 'max_depth': 3, 'verbosity': 1}
{'n_estimators': 140, 'learning_rate': 0.05274600063273166, 'max_depth': 9, 'verbosity': 1}
{'n_estimators': 150, 'learning_rate': 0.010662615674307725, 'max_depth': 9, 'verbosity': 1}
{'n_estimators': 120, 'learning_rate': 0.07772859898262068, 'max_depth': 6, 'verbosity': 1}
{'n_estimators': 220, 'learning_rate': 0.03934741112832236, 'max_depth': 6, 'verbosity': 1}
{'n_estimators': 250, 'learning_rate': 0.06534129466956663, 'max_depth': 8, 'verbosity': 1}
{'n_estimators': 200, 'learning_rate': 0.004578369292670574, 'max_depth': 6, 'verbosity': 1}
{'n_estimators': 120, 'learning_rate': 0.0640967547362633, 'max_depth': 1, 'verbosity': 1}
{'n_estimators': 210, 'learning_rate': 0.09929378493851755, 'max_depth': 7, 'verbosity': 1}
{'n_estimators': 170, 'learning_rate': 0.044657347040583086, 'max_depth': 5, 'verbosity': 1}
{'n_estimators': 170, 'learning_rate': 0.08220066079475136, 'max_depth': 5, 'verbosity': 1}
{'n_estimators': 110, 'learning_rate': 0.06456604743336292, 'max_depth': 9, 'verbosity': 1}
{'n_estimators': 270, 'learning_rate': 0.003814611110981434, 'max_depth': 5, 'verbosity': 1}
{'n_estimators': 240, 'learning_rate': 0.09989918134543707, 'max_depth': 8, 'verbosity': 1}
{'n_estimators': 250, 'learning_rate': 0.0982771840431619, 'max_depth': 2, 'verbosity': 1}
{'n_estimators': 160, 'learning_rate': 0.050788661494879254, 'max_depth': 2, 'verbosity': 1}
{'n_estimators': 260, 'learning_rate': 0.05360387788919091, 'max_depth': 2, 'verbosity': 1}
{'n_estimators': 290, 'learning_rate': 0.0418976270087523, 'max_depth': 9, 'verbosity': 1}
{'n_estimators': 240, 'learning_rate': 0.08925294224228833, 'max_depth': 3, 'verbosity': 1}
{'n_estimators': 230, 'learning_rate': 0.08028572114256367, 'max_depth': 8, 'verbosity': 1}
{'n_estimators': 240, 'learning_rate': 0.011061831620413489, 'max_depth': 7, 'verbosity': 1}
{'n_estimators': 220, 'learning_rate': 0.049759911142986425, 'max_depth': 3, 'verbosity': 1}
{'n_estimators': 250, 'learning_rate': 0.0012098242525408161, 'max_depth': 6, 'verbosity': 1}
{'n_estimators': 110, 'learning_rate': 0.07487533163678071, 'max_depth': 3, 'verbosity': 1}
{'n_estimators': 200, 'learning_rate': 0.013860483315236392, 'max_depth': 5, 'verbosity': 1}
{'n_estimators': 220, 'learning_rate': 0.04265523932101877, 'max_depth': 5, 'verbosity': 1}
{'n_estimators': 220, 'learning_rate': 0.0701347480257382, 'max_depth': 3, 'verbosity': 1}
{'n_estimators': 280, 'learning_rate': 0.027432788109619702, 'max_depth': 9, 'verbosity': 1}
{'n_estimators': 150, 'learning_rate': 0.015862762825270316, 'max_depth': 3, 'verbosity': 1}
{'n_estimators': 150, 'learning_rate': 0.0684780686093666, 'max_depth': 9, 'verbosity': 1}
{'n_estimators': 250, 'learning_rate': 0.09622494328236597, 'max_depth': 5, 'verbosity': 1}
{'n_estimators': 140, 'learning_rate': 0.05039008590415623, 'max_depth': 1, 'verbosity': 1}
{'n_estimators': 260, 'learning_rate': 0.06406363671160774, 'max_depth': 2, 'verbosity': 1}
{'n_estimators': 120, 'learning_rate': 0.015864610181297745, 'max_depth': 5, 'verbosity': 1}
{'n_estimators': 160, 'learning_rate': 0.061915626218390196, 'max_depth': 1, 'verbosity': 1}
{'n_estimators': 120, 'learning_rate': 0.04181420529817559, 'max_depth': 7, 'verbosity': 1}
{'n_estimators': 110, 'learning_rate': 0.042972218083486, 'max_depth': 7, 'verbosity': 1}
{'n_estimators': 160, 'learning_rate': 0.058340849464004335, 'max_depth': 7, 'verbosity': 1}
{'n_estimators': 110, 'learning_rate': 0.052700307231917896, 'max_depth': 3, 'verbosity': 1}
{'n_estimators': 210, 'learning_rate': 0.050130896247862385, 'max_depth': 4, 'verbosity': 1}
{'n_estimators': 280, 'learning_rate': 0.008240377488014355, 'max_depth': 8, 'verbosity': 1}
{'n_estimators': 200, 'learning_rate': 0.07409487015676677, 'max_depth': 6, 'verbosity': 1}
{'n_estimators': 270, 'learning_rate': 0.029170677374561114, 'max_depth': 1, 'verbosity': 1}
{'n_estimators': 230, 'learning_rate': 0.07157874762099996, 'max_depth': 1, 'verbosity': 1}
{'n_estimators': 140, 'learning_rate': 0.0212929473284935, 'max_depth': 4, 'verbosity': 1}
{'n_estimators': 230, 'learning_rate': 0.0885195760196087, 'max_depth': 3, 'verbosity': 1}
{'n_estimators': 270, 'learning_rate': 0.03701919880530127, 'max_depth': 5, 'verbosity': 1}
{'n_estimators': 160, 'learning_rate': 0.020113508011110812, 'max_depth': 7, 'verbosity': 1}
{'n_estimators': 210, 'learning_rate': 0.03164877742873576, 'max_depth': 8, 'verbosity': 1}
{'n_estimators': 250, 'learning_rate': 0.09865850194749233, 'max_depth': 9, 'verbosity': 1}
{'n_estimators': 150, 'learning_rate': 0.06555540291613556, 'max_depth': 9, 'verbosity': 1}
{'n_estimators': 180, 'learning_rate': 0.07704212824268497, 'max_depth': 8, 'verbosity': 1}
{'n_estimators': 270, 'learning_rate': 0.013061919360777084, 'max_depth': 4, 'verbosity': 1}
{'n_estimators': 220, 'learning_rate': 0.036951909310866865, 'max_depth': 2, 'verbosity': 1}
{'n_estimators': 230, 'learning_rate': 0.010707677213645368, 'max_depth': 6, 'verbosity': 1}
{'n_estimators': 300, 'learning_rate': 0.09544976313687759, 'max_depth': 8, 'verbosity': 1}
{'n_estimators': 140, 'learning_rate': 0.09977579327118438, 'max_depth': 1, 'verbosity': 1}
{'n_estimators': 190, 'learning_rate': 0.042716526303780464, 'max_depth': 2, 'verbosity': 1}
{'n_estimators': 300, 'learning_rate': 0.06844815389755696, 'max_depth': 2, 'verbosity': 1}
{'n_estimators': 280, 'learning_rate': 0.028231697204257892, 'max_depth': 9, 'verbosity': 1}
{'n_estimators': 150, 'learning_rate': 0.029360474638629782, 'max_depth': 5, 'verbosity': 1}
{'n_estimators': 280, 'learning_rate': 0.006318637008049219, 'max_depth': 4, 'verbosity': 1}
{'n_estimators': 150, 'learning_rate': 0.06493496860339143, 'max_depth': 5, 'verbosity': 1}
{'n_estimators': 110, 'learning_rate': 0.0876084799395238, 'max_depth': 6, 'verbosity': 1}
{'n_estimators': 230, 'learning_rate': 0.09163516011101713, 'max_depth': 7, 'verbosity': 1}
{'n_estimators': 160, 'learning_rate': 0.06737854029024373, 'max_depth': 7, 'verbosity': 1}
{'n_estimators': 110, 'learning_rate': 0.09688228128783839, 'max_depth': 7, 'verbosity': 1}
{'n_estimators': 180, 'learning_rate': 0.06583694420276952, 'max_depth': 1, 'verbosity': 1}
{'n_estimators': 100, 'learning_rate': 0.008334438616239226, 'max_depth': 2, 'verbosity': 1}
{'n_estimators': 290, 'learning_rate': 0.06471026958921128, 'max_depth': 8, 'verbosity': 1}
{'n_estimators': 160, 'learning_rate': 0.07612057729936456, 'max_depth': 5, 'verbosity': 1}
{'n_estimators': 170, 'learning_rate': 0.07597315881148882, 'max_depth': 1, 'verbosity': 1}
{'n_estimators': 300, 'learning_rate': 0.07421300431696891, 'max_depth': 6, 'verbosity': 1}
{'n_estimators': 210, 'learning_rate': 0.07130785563548686, 'max_depth': 3, 'verbosity': 1}
{'n_estimators': 140, 'learning_rate': 0.015465474462243337, 'max_depth': 5, 'verbosity': 1}
{'n_estimators': 120, 'learning_rate': 0.05811660918065371, 'max_depth': 7, 'verbosity': 1}
{'n_estimators': 270, 'learning_rate': 0.005370511887627388, 'max_depth': 4, 'verbosity': 1}
{'n_estimators': 270, 'learning_rate': 0.043668938485887, 'max_depth': 9, 'verbosity': 1}
{'n_estimators': 110, 'learning_rate': 0.019795223594294965, 'max_depth': 2, 'verbosity': 1}
{'n_estimators': 180, 'learning_rate': 0.018789263511140037, 'max_depth': 9, 'verbosity': 1}
{'n_estimators': 170, 'learning_rate': 0.054167130034656584, 'max_depth': 1, 'verbosity': 1}
{'n_estimators': 290, 'learning_rate': 0.06852795474839413, 'max_depth': 6, 'verbosity': 1}
{'n_estimators': 210, 'learning_rate': 0.04177083894536142, 'max_depth': 6, 'verbosity': 1}
{'n_estimators': 190, 'learning_rate': 0.0742565487516397, 'max_depth': 3, 'verbosity': 1}
{'n_estimators': 130, 'learning_rate': 0.02071914828898339, 'max_depth': 9, 'verbosity': 1}
{'n_estimators': 210, 'learning_rate': 0.013181302885922858, 'max_depth': 7, 'verbosity': 1}
{'n_estimators': 300, 'learning_rate': 0.003468618761613835, 'max_depth': 8, 'verbosity': 1}
{'n_estimators': 210, 'learning_rate': 0.08957684781120265, 'max_depth': 5, 'verbosity': 1}
{'n_estimators': 290, 'learning_rate': 0.09392292875119117, 'max_depth': 8, 'verbosity': 1}
{'n_estimators': 290, 'learning_rate': 0.09028005807201489, 'max_depth': 2, 'verbosity': 1}
{'n_estimators': 210, 'learning_rate': 0.05944688400727185, 'max_depth': 9, 'verbosity': 1}
{'n_estimators': 190, 'learning_rate': 0.01960310852870683, 'max_depth': 1, 'verbosity': 1}
{'n_estimators': 230, 'learning_rate': 0.04182518085448787, 'max_depth': 3, 'verbosity': 1}
{'n_estimators': 200, 'learning_rate': 0.001720048882499364, 'max_depth': 1, 'verbosity': 1}
{'n_estimators': 160, 'learning_rate': 0.061081283778762534, 'max_depth': 5, 'verbosity': 1}
{'n_estimators': 240, 'learning_rate': 0.0800242077235547, 'max_depth': 2, 'verbosity': 1}
{'n_estimators': 130, 'learning_rate': 0.09434952404610929, 'max_depth': 5, 'verbosity': 1}
{'n_estimators': 300, 'learning_rate': 0.0017368238766543385, 'max_depth': 9, 'verbosity': 1}
{'n_estimators': 290, 'learning_rate': 0.039175214896295656, 'max_depth': 2, 'verbosity': 1}
{'n_estimators': 240, 'learning_rate': 0.037712984955043216, 'max_depth': 5, 'verbosity': 1}
{'n_estimators': 240, 'learning_rate': 0.046601503134757694, 'max_depth': 3, 'verbosity': 1}
{'n_estimators': 170, 'learning_rate': 0.06798233269212658, 'max_depth': 5, 'verbosity': 1}
{'n_estimators': 190, 'learning_rate': 0.024424833072701217, 'max_depth': 1, 'verbosity': 1}
{'n_estimators': 150, 'learning_rate': 0.04307898204112826, 'max_depth': 7, 'verbosity': 1}
{'n_estimators': 210, 'learning_rate': 0.041603052493891075, 'max_depth': 2, 'verbosity': 1}
{'n_estimators': 240, 'learning_rate': 0.09827855480405459, 'max_depth': 7, 'verbosity': 1}
{'n_estimators': 260, 'learning_rate': 0.034985224310005995, 'max_depth': 1, 'verbosity': 1}
{'n_estimators': 160, 'learning_rate': 0.046916863532522196, 'max_depth': 1, 'verbosity': 1}
{'n_estimators': 130, 'learning_rate': 0.02185016519032088, 'max_depth': 5, 'verbosity': 1}
{'n_estimators': 110, 'learning_rate': 0.01951216672019655, 'max_depth': 7, 'verbosity': 1}
{'n_estimators': 210, 'learning_rate': 0.07241428989651719, 'max_depth': 2, 'verbosity': 1}
{'n_estimators': 210, 'learning_rate': 0.03780800827548746, 'max_depth': 1, 'verbosity': 1}
{'n_estimators': 180, 'learning_rate': 0.042739650488771076, 'max_depth': 4, 'verbosity': 1}
{'n_estimators': 210, 'learning_rate': 0.05515257925604176, 'max_depth': 5, 'verbosity': 1}
{'n_estimators': 130, 'learning_rate': 0.05562788220467123, 'max_depth': 9, 'verbosity': 1}
{'n_estimators': 110, 'learning_rate': 0.004711291831945847, 'max_depth': 7, 'verbosity': 1}
{'n_estimators': 170, 'learning_rate': 0.09341878269415207, 'max_depth': 6, 'verbosity': 1}
{'n_estimators': 300, 'learning_rate': 0.04385502249758691, 'max_depth': 1, 'verbosity': 1}
{'n_estimators': 220, 'learning_rate': 0.07396032781228591, 'max_depth': 4, 'verbosity': 1}
{'n_estimators': 240, 'learning_rate': 0.05094311607171341, 'max_depth': 8, 'verbosity': 1}
{'n_estimators': 290, 'learning_rate': 0.029932613666768734, 'max_depth': 2, 'verbosity': 1}
{'n_estimators': 290, 'learning_rate': 0.04543656135600471, 'max_depth': 8, 'verbosity': 1}
{'n_estimators': 140, 'learning_rate': 0.0887062970542744, 'max_depth': 6, 'verbosity': 1}
{'n_estimators': 290, 'learning_rate': 0.07702600263230372, 'max_depth': 9, 'verbosity': 1}
{'n_estimators': 240, 'learning_rate': 0.07018953569699617, 'max_depth': 1, 'verbosity': 1}
{'n_estimators': 170, 'learning_rate': 0.05713796423613146, 'max_depth': 5, 'verbosity': 1}
{'n_estimators': 210, 'learning_rate': 0.08259091927971626, 'max_depth': 6, 'verbosity': 1}
{'n_estimators': 290, 'learning_rate': 0.06259802427696061, 'max_depth': 2, 'verbosity': 1}
{'n_estimators': 250, 'learning_rate': 0.08303913529109135, 'max_depth': 9, 'verbosity': 1}
{'n_estimators': 130, 'learning_rate': 0.049650143182673, 'max_depth': 7, 'verbosity': 1}
{'n_estimators': 190, 'learning_rate': 0.058175330399853294, 'max_depth': 1, 'verbosity': 1}
{'n_estimators': 140, 'learning_rate': 0.07596596072136838, 'max_depth': 8, 'verbosity': 1}
{'n_estimators': 160, 'learning_rate': 0.05257614793526852, 'max_depth': 6, 'verbosity': 1}
{'n_estimators': 240, 'learning_rate': 0.05129593821443093, 'max_depth': 9, 'verbosity': 1}
{'n_estimators': 160, 'learning_rate': 0.07370625388600721, 'max_depth': 4, 'verbosity': 1}
{'n_estimators': 220, 'learning_rate': 0.028336509443472886, 'max_depth': 5, 'verbosity': 1}
{'n_estimators': 150, 'learning_rate': 0.030322621628932893, 'max_depth': 2, 'verbosity': 1}
{'n_estimators': 240, 'learning_rate': 0.07417715125093377, 'max_depth': 4, 'verbosity': 1}
{'n_estimators': 150, 'learning_rate': 0.052562088046919316, 'max_depth': 1, 'verbosity': 1}
{'n_estimators': 170, 'learning_rate': 0.07364190132296987, 'max_depth': 9, 'verbosity': 1}
{'n_estimators': 280, 'learning_rate': 0.08312075107376687, 'max_depth': 6, 'verbosity': 1}
{'n_estimators': 300, 'learning_rate': 0.039980108275009835, 'max_depth': 7, 'verbosity': 1}
{'n_estimators': 180, 'learning_rate': 0.009326963223582861, 'max_depth': 2, 'verbosity': 1}
{'n_estimators': 260, 'learning_rate': 0.017499279688791922, 'max_depth': 8, 'verbosity': 1}
{'n_estimators': 200, 'learning_rate': 0.009768767617274656, 'max_depth': 5, 'verbosity': 1}
{'n_estimators': 110, 'learning_rate': 0.024395073115955793, 'max_depth': 4, 'verbosity': 1}
{'n_estimators': 140, 'learning_rate': 0.06504562942805298, 'max_depth': 1, 'verbosity': 1}
{'n_estimators': 290, 'learning_rate': 0.06250608632109193, 'max_depth': 3, 'verbosity': 1}
{'n_estimators': 230, 'learning_rate': 0.03981622461113452, 'max_depth': 4, 'verbosity': 1}
{'n_estimators': 130, 'learning_rate': 0.0495549316134951, 'max_depth': 4, 'verbosity': 1}
{'n_estimators': 140, 'learning_rate': 0.0950805884253724, 'max_depth': 5, 'verbosity': 1}
{'n_estimators': 190, 'learning_rate': 0.06368698647770134, 'max_depth': 7, 'verbosity': 1}
{'n_estimators': 210, 'learning_rate': 0.08895620407012449, 'max_depth': 5, 'verbosity': 1}
{'n_estimators': 180, 'learning_rate': 0.012798738246767152, 'max_depth': 5, 'verbosity': 1}
{'n_estimators': 240, 'learning_rate': 0.06545847747997532, 'max_depth': 5, 'verbosity': 1}
{'n_estimators': 190, 'learning_rate': 0.016324481385640608, 'max_depth': 9, 'verbosity': 1}
{'n_estimators': 120, 'learning_rate': 0.05159301985176907, 'max_depth': 8, 'verbosity': 1}
{'n_estimators': 260, 'learning_rate': 0.09871672947155703, 'max_depth': 2, 'verbosity': 1}
{'n_estimators': 290, 'learning_rate': 0.016068685749341376, 'max_depth': 7, 'verbosity': 1}
{'n_estimators': 300, 'learning_rate': 0.08915659410726662, 'max_depth': 8, 'verbosity': 1}
{'n_estimators': 160, 'learning_rate': 0.09892020792223871, 'max_depth': 8, 'verbosity': 1}
{'n_estimators': 260, 'learning_rate': 0.041340939792361135, 'max_depth': 8, 'verbosity': 1}
{'n_estimators': 240, 'learning_rate': 0.028825210788366872, 'max_depth': 9, 'verbosity': 1}
{'n_estimators': 150, 'learning_rate': 0.06868126022313141, 'max_depth': 5, 'verbosity': 1}
{'n_estimators': 290, 'learning_rate': 0.03552128083919754, 'max_depth': 3, 'verbosity': 1}
{'n_estimators': 140, 'learning_rate': 0.08078731615795727, 'max_depth': 8, 'verbosity': 1}
{'n_estimators': 240, 'learning_rate': 0.09243583707561517, 'max_depth': 9, 'verbosity': 1}
{'n_estimators': 220, 'learning_rate': 0.0946881588168328, 'max_depth': 9, 'verbosity': 1}
{'n_estimators': 130, 'learning_rate': 0.009508625278173304, 'max_depth': 6, 'verbosity': 1}
{'n_estimators': 130, 'learning_rate': 0.023510699041739767, 'max_depth': 8, 'verbosity': 1}
{'n_estimators': 290, 'learning_rate': 0.05130886249793695, 'max_depth': 7, 'verbosity': 1}
{'n_estimators': 100, 'learning_rate': 0.04281208935656446, 'max_depth': 9, 'verbosity': 1}
{'n_estimators': 230, 'learning_rate': 0.053218580625834705, 'max_depth': 9, 'verbosity': 1}
{'n_estimators': 200, 'learning_rate': 0.0592376211779162, 'max_depth': 3, 'verbosity': 1}
{'n_estimators': 140, 'learning_rate': 0.06500348403086334, 'max_depth': 2, 'verbosity': 1}
{'n_estimators': 270, 'learning_rate': 0.0766670538902308, 'max_depth': 6, 'verbosity': 1}
{'n_estimators': 130, 'learning_rate': 0.09557835227220855, 'max_depth': 7, 'verbosity': 1}
{'n_estimators': 100, 'learning_rate': 0.07580875649696495, 'max_depth': 9, 'verbosity': 1}
{'n_estimators': 100, 'learning_rate': 0.06715823291875504, 'max_depth': 3, 'verbosity': 1}
{'n_estimators': 180, 'learning_rate': 0.04034846173061504, 'max_depth': 7, 'verbosity': 1}
{'n_estimators': 200, 'learning_rate': 0.043633938678714096, 'max_depth': 1, 'verbosity': 1}
{'n_estimators': 100, 'learning_rate': 0.08877715290916606, 'max_depth': 7, 'verbosity': 1}
{'n_estimators': 170, 'learning_rate': 0.05626981169601623, 'max_depth': 5, 'verbosity': 1}
{'n_estimators': 250, 'learning_rate': 0.027320940613909588, 'max_depth': 2, 'verbosity': 1}
{'n_estimators': 240, 'learning_rate': 0.020401513993749062, 'max_depth': 3, 'verbosity': 1}
{'n_estimators': 250, 'learning_rate': 0.01411336412780546, 'max_depth': 3, 'verbosity': 1}
{'n_estimators': 170, 'learning_rate': 0.017015281063651806, 'max_depth': 1, 'verbosity': 1}
{'n_estimators': 300, 'learning_rate': 0.0011131663353322377, 'max_depth': 3, 'verbosity': 1}
{'n_estimators': 150, 'learning_rate': 0.08833682808885748, 'max_depth': 3, 'verbosity': 1}
{'n_estimators': 100, 'learning_rate': 0.017813477048918697, 'max_depth': 1, 'verbosity': 1}
{'n_estimators': 250, 'learning_rate': 0.010582427601205376, 'max_depth': 5, 'verbosity': 1}
{'n_estimators': 230, 'learning_rate': 0.005279404171056755, 'max_depth': 3, 'verbosity': 1}
{'n_estimators': 120, 'learning_rate': 0.03478814101972493, 'max_depth': 3, 'verbosity': 1}
{'n_estimators': 180, 'learning_rate': 0.013471107438642688, 'max_depth': 2, 'verbosity': 1}
{'n_estimators': 140, 'learning_rate': 0.06730697644317572, 'max_depth': 8, 'verbosity': 1}
{'n_estimators': 180, 'learning_rate': 0.09853395703978693, 'max_depth': 9, 'verbosity': 1}
{'n_estimators': 260, 'learning_rate': 0.09216648206417417, 'max_depth': 9, 'verbosity': 1}
{'n_estimators': 170, 'learning_rate': 0.004153598727349895, 'max_depth': 9, 'verbosity': 1}
{'n_estimators': 130, 'learning_rate': 0.0962477557405747, 'max_depth': 2, 'verbosity': 1}
{'n_estimators': 130, 'learning_rate': 0.018061971252603528, 'max_depth': 7, 'verbosity': 1}
{'n_estimators': 120, 'learning_rate': 0.012849333489745898, 'max_depth': 3, 'verbosity': 1}
{'n_estimators': 130, 'learning_rate': 0.006769676025851813, 'max_depth': 8, 'verbosity': 1}
{'n_estimators': 200, 'learning_rate': 0.018449827739515597, 'max_depth': 5, 'verbosity': 1}
{'n_estimators': 100, 'learning_rate': 0.019946818538378926, 'max_depth': 5, 'verbosity': 1}
{'n_estimators': 290, 'learning_rate': 0.06315381579171543, 'max_depth': 1, 'verbosity': 1}
{'n_estimators': 110, 'learning_rate': 0.048227996142656236, 'max_depth': 3, 'verbosity': 1}
{'n_estimators': 120, 'learning_rate': 0.07388846935957707, 'max_depth': 1, 'verbosity': 1}
{'n_estimators': 170, 'learning_rate': 0.021947449467405757, 'max_depth': 1, 'verbosity': 1}
{'n_estimators': 230, 'learning_rate': 0.05116744618884676, 'max_depth': 6, 'verbosity': 1}
{'n_estimators': 110, 'learning_rate': 0.03509980848307458, 'max_depth': 8, 'verbosity': 1}
{'n_estimators': 220, 'learning_rate': 0.04074113515157537, 'max_depth': 9, 'verbosity': 1}
{'n_estimators': 190, 'learning_rate': 0.016053983409339917, 'max_depth': 4, 'verbosity': 1}
{'n_estimators': 150, 'learning_rate': 0.07748270702737324, 'max_depth': 5, 'verbosity': 1}
{'n_estimators': 130, 'learning_rate': 0.05440718201510338, 'max_depth': 5, 'verbosity': 1}
{'n_estimators': 100, 'learning_rate': 0.06783039716381241, 'max_depth': 2, 'verbosity': 1}
{'n_estimators': 210, 'learning_rate': 0.09483968746195959, 'max_depth': 1, 'verbosity': 1}
{'n_estimators': 240, 'learning_rate': 0.05933250577547906, 'max_depth': 9, 'verbosity': 1}
{'n_estimators': 290, 'learning_rate': 0.07061049109804238, 'max_depth': 2, 'verbosity': 1}
{'n_estimators': 290, 'learning_rate': 0.05962206570562302, 'max_depth': 7, 'verbosity': 1}
{'n_estimators': 140, 'learning_rate': 0.01336541672403289, 'max_depth': 1, 'verbosity': 1}
{'n_estimators': 130, 'learning_rate': 0.05323765759536872, 'max_depth': 4, 'verbosity': 1}
{'n_estimators': 200, 'learning_rate': 0.0032910264493982325, 'max_depth': 5, 'verbosity': 1}
{'n_estimators': 280, 'learning_rate': 0.051011119367605946, 'max_depth': 6, 'verbosity': 1}
{'n_estimators': 120, 'learning_rate': 0.09841634255133544, 'max_depth': 9, 'verbosity': 1}
{'n_estimators': 210, 'learning_rate': 0.03003159223492313, 'max_depth': 8, 'verbosity': 1}
{'n_estimators': 200, 'learning_rate': 0.0352107889977152, 'max_depth': 7, 'verbosity': 1}
{'n_estimators': 250, 'learning_rate': 0.03461338646980154, 'max_depth': 3, 'verbosity': 1}
{'n_estimators': 260, 'learning_rate': 0.008247205520027083, 'max_depth': 5, 'verbosity': 1}
{'n_estimators': 180, 'learning_rate': 0.07922662504773557, 'max_depth': 2, 'verbosity': 1}
{'n_estimators': 140, 'learning_rate': 0.0018834950415339829, 'max_depth': 7, 'verbosity': 1}
{'n_estimators': 160, 'learning_rate': 0.09060808196129551, 'max_depth': 4, 'verbosity': 1}
{'n_estimators': 110, 'learning_rate': 0.044054176072001086, 'max_depth': 3, 'verbosity': 1}
{'n_estimators': 230, 'learning_rate': 0.007241274114295137, 'max_depth': 5, 'verbosity': 1}
{'n_estimators': 140, 'learning_rate': 0.019356226727131692, 'max_depth': 3, 'verbosity': 1}
{'n_estimators': 120, 'learning_rate': 0.04196007098859975, 'max_depth': 9, 'verbosity': 1}
{'n_estimators': 190, 'learning_rate': 0.07529302549585792, 'max_depth': 7, 'verbosity': 1}
{'n_estimators': 250, 'learning_rate': 0.050406708667697295, 'max_depth': 8, 'verbosity': 1}
{'n_estimators': 100, 'learning_rate': 0.026585096486745168, 'max_depth': 6, 'verbosity': 1}
{'n_estimators': 240, 'learning_rate': 0.03699227928914757, 'max_depth': 5, 'verbosity': 1}
{'n_estimators': 100, 'learning_rate': 0.053761167790909156, 'max_depth': 4, 'verbosity': 1}
{'n_estimators': 290, 'learning_rate': 0.08022077410723637, 'max_depth': 6, 'verbosity': 1}
{'n_estimators': 230, 'learning_rate': 0.031141130548593465, 'max_depth': 1, 'verbosity': 1}
{'n_estimators': 270, 'learning_rate': 0.030160927205289418, 'max_depth': 5, 'verbosity': 1}
{'n_estimators': 130, 'learning_rate': 0.08067602334338772, 'max_depth': 7, 'verbosity': 1}
{'n_estimators': 190, 'learning_rate': 0.07799082590439109, 'max_depth': 6, 'verbosity': 1}
{'n_estimators': 130, 'learning_rate': 0.07735527938034964, 'max_depth': 2, 'verbosity': 1}
{'n_estimators': 180, 'learning_rate': 0.06241670484984509, 'max_depth': 5, 'verbosity': 1}
{'n_estimators': 140, 'learning_rate': 0.03833294414450534, 'max_depth': 1, 'verbosity': 1}
{'n_estimators': 140, 'learning_rate': 0.09935105822518392, 'max_depth': 6, 'verbosity': 1}
{'n_estimators': 170, 'learning_rate': 0.013922705382364734, 'max_depth': 7, 'verbosity': 1}
{'n_estimators': 160, 'learning_rate': 0.06892740637093206, 'max_depth': 5, 'verbosity': 1}
{'n_estimators': 210, 'learning_rate': 0.05311592992347493, 'max_depth': 6, 'verbosity': 1}
{'n_estimators': 200, 'learning_rate': 0.012807438834836319, 'max_depth': 8, 'verbosity': 1}
{'n_estimators': 130, 'learning_rate': 0.012085009127074827, 'max_depth': 4, 'verbosity': 1}
{'n_estimators': 110, 'learning_rate': 0.09755930066809769, 'max_depth': 3, 'verbosity': 1}
{'n_estimators': 220, 'learning_rate': 0.012546604945951806, 'max_depth': 2, 'verbosity': 1}
{'n_estimators': 230, 'learning_rate': 0.06483972626380788, 'max_depth': 8, 'verbosity': 1}
{'n_estimators': 250, 'learning_rate': 0.020767564411061135, 'max_depth': 7, 'verbosity': 1}
{'n_estimators': 110, 'learning_rate': 0.04053935708986729, 'max_depth': 2, 'verbosity': 1}
{'n_estimators': 300, 'learning_rate': 0.0714947989174652, 'max_depth': 1, 'verbosity': 1}
{'n_estimators': 150, 'learning_rate': 0.09198771802396792, 'max_depth': 1, 'verbosity': 1}
{'n_estimators': 170, 'learning_rate': 0.012380217834155677, 'max_depth': 9, 'verbosity': 1}
{'n_estimators': 270, 'learning_rate': 0.014544321053538, 'max_depth': 4, 'verbosity': 1}
{'n_estimators': 250, 'learning_rate': 0.03942500831042995, 'max_depth': 3, 'verbosity': 1}
{'n_estimators': 110, 'learning_rate': 0.023158353664083555, 'max_depth': 1, 'verbosity': 1}
{'n_estimators': 290, 'learning_rate': 0.03421009378477492, 'max_depth': 1, 'verbosity': 1}
{'n_estimators': 210, 'learning_rate': 0.021497988704173993, 'max_depth': 3, 'verbosity': 1}
{'n_estimators': 210, 'learning_rate': 0.06728486241659751, 'max_depth': 1, 'verbosity': 1}
{'n_estimators': 290, 'learning_rate': 0.08077560987697113, 'max_depth': 1, 'verbosity': 1}
{'n_estimators': 230, 'learning_rate': 0.07326032477297696, 'max_depth': 3, 'verbosity': 1}
{'n_estimators': 290, 'learning_rate': 0.079259408672407, 'max_depth': 9, 'verbosity': 1}
{'n_estimators': 120, 'learning_rate': 0.06717291447188048, 'max_depth': 8, 'verbosity': 1}
{'n_estimators': 130, 'learning_rate': 0.05453865766090639, 'max_depth': 5, 'verbosity': 1}
{'n_estimators': 190, 'learning_rate': 0.06302214513415368, 'max_depth': 8, 'verbosity': 1}
{'n_estimators': 220, 'learning_rate': 0.03302845522015694, 'max_depth': 8, 'verbosity': 1}
{'n_estimators': 300, 'learning_rate': 0.05921215189745062, 'max_depth': 7, 'verbosity': 1}
{'n_estimators': 150, 'learning_rate': 0.010495647896849421, 'max_depth': 7, 'verbosity': 1}
{'n_estimators': 230, 'learning_rate': 0.04542455945154799, 'max_depth': 7, 'verbosity': 1}
{'n_estimators': 130, 'learning_rate': 0.028572670945007535, 'max_depth': 2, 'verbosity': 1}
{'n_estimators': 110, 'learning_rate': 0.08827138668147161, 'max_depth': 9, 'verbosity': 1}
{'n_estimators': 110, 'learning_rate': 0.08221885797849146, 'max_depth': 6, 'verbosity': 1}
{'n_estimators': 140, 'learning_rate': 0.011832296204374, 'max_depth': 8, 'verbosity': 1}
{'n_estimators': 170, 'learning_rate': 0.0029290967473870584, 'max_depth': 5, 'verbosity': 1}
{'n_estimators': 240, 'learning_rate': 0.016043020518721002, 'max_depth': 5, 'verbosity': 1}
{'n_estimators': 150, 'learning_rate': 0.046228219690218036, 'max_depth': 8, 'verbosity': 1}
{'n_estimators': 180, 'learning_rate': 0.07496386916983419, 'max_depth': 7, 'verbosity': 1}
{'n_estimators': 300, 'learning_rate': 0.07308685095044504, 'max_depth': 9, 'verbosity': 1}
{'n_estimators': 290, 'learning_rate': 0.07833690254859814, 'max_depth': 9, 'verbosity': 1}
{'n_estimators': 230, 'learning_rate': 0.07775968843989618, 'max_depth': 1, 'verbosity': 1}
{'n_estimators': 110, 'learning_rate': 0.022702206437549076, 'max_depth': 5, 'verbosity': 1}
{'n_estimators': 150, 'learning_rate': 0.04549073590504944, 'max_depth': 5, 'verbosity': 1}
{'n_estimators': 290, 'learning_rate': 0.0037774665386492356, 'max_depth': 9, 'verbosity': 1}
{'n_estimators': 110, 'learning_rate': 0.01332909996522268, 'max_depth': 9, 'verbosity': 1}
{'n_estimators': 180, 'learning_rate': 0.09646285778112339, 'max_depth': 4, 'verbosity': 1}
{'n_estimators': 120, 'learning_rate': 0.0025379932798617463, 'max_depth': 1, 'verbosity': 1}
{'n_estimators': 300, 'learning_rate': 0.06614748509300633, 'max_depth': 4, 'verbosity': 1}
{'n_estimators': 170, 'learning_rate': 0.07621712654969139, 'max_depth': 4, 'verbosity': 1}
{'n_estimators': 120, 'learning_rate': 0.025425061476999772, 'max_depth': 6, 'verbosity': 1}
{'n_estimators': 230, 'learning_rate': 0.038261807356854485, 'max_depth': 9, 'verbosity': 1}
{'n_estimators': 120, 'learning_rate': 0.09832542638473481, 'max_depth': 4, 'verbosity': 1}
{'n_estimators': 280, 'learning_rate': 0.03946540938212688, 'max_depth': 1, 'verbosity': 1}
{'n_estimators': 270, 'learning_rate': 0.005822124465436482, 'max_depth': 7, 'verbosity': 1}
{'n_estimators': 110, 'learning_rate': 0.048438314265641005, 'max_depth': 9, 'verbosity': 1}
{'n_estimators': 290, 'learning_rate': 0.09886948627073325, 'max_depth': 7, 'verbosity': 1}
{'n_estimators': 240, 'learning_rate': 0.0034477274547815334, 'max_depth': 8, 'verbosity': 1}
{'n_estimators': 170, 'learning_rate': 0.061387460129760575, 'max_depth': 1, 'verbosity': 1}
{'n_estimators': 280, 'learning_rate': 0.03234346616486763, 'max_depth': 6, 'verbosity': 1}
{'n_estimators': 140, 'learning_rate': 0.05985290663635909, 'max_depth': 7, 'verbosity': 1}
{'n_estimators': 230, 'learning_rate': 0.00925003896854313, 'max_depth': 1, 'verbosity': 1}
{'n_estimators': 100, 'learning_rate': 0.04967237026560537, 'max_depth': 1, 'verbosity': 1}
{'n_estimators': 150, 'learning_rate': 0.015819463052917884, 'max_depth': 2, 'verbosity': 1}
{'n_estimators': 170, 'learning_rate': 0.020409812872307788, 'max_depth': 2, 'verbosity': 1}
{'n_estimators': 130, 'learning_rate': 0.09368381644377395, 'max_depth': 5, 'verbosity': 1}
{'n_estimators': 270, 'learning_rate': 0.0439236024224286, 'max_depth': 9, 'verbosity': 1}
{'n_estimators': 260, 'learning_rate': 0.011505252244655942, 'max_depth': 6, 'verbosity': 1}
{'n_estimators': 260, 'learning_rate': 0.09211932019992529, 'max_depth': 8, 'verbosity': 1}
{'n_estimators': 170, 'learning_rate': 0.0029407710463143447, 'max_depth': 3, 'verbosity': 1}
{'n_estimators': 100, 'learning_rate': 0.08936462548190419, 'max_depth': 4, 'verbosity': 1}
{'n_estimators': 300, 'learning_rate': 0.03944248181510428, 'max_depth': 9, 'verbosity': 1}
{'n_estimators': 220, 'learning_rate': 0.016415507936387172, 'max_depth': 2, 'verbosity': 1}
{'n_estimators': 110, 'learning_rate': 0.07988336401011066, 'max_depth': 9, 'verbosity': 1}
{'n_estimators': 290, 'learning_rate': 0.06003580514474629, 'max_depth': 5, 'verbosity': 1}
{'n_estimators': 240, 'learning_rate': 0.07279023206313506, 'max_depth': 3, 'verbosity': 1}
{'n_estimators': 150, 'learning_rate': 0.022474449586999273, 'max_depth': 2, 'verbosity': 1}
{'n_estimators': 250, 'learning_rate': 0.08553632119777492, 'max_depth': 9, 'verbosity': 1}
{'n_estimators': 250, 'learning_rate': 0.054567273631253445, 'max_depth': 2, 'verbosity': 1}
{'n_estimators': 220, 'learning_rate': 0.004132482655800801, 'max_depth': 3, 'verbosity': 1}
{'n_estimators': 110, 'learning_rate': 0.09371173398311324, 'max_depth': 6, 'verbosity': 1}
{'n_estimators': 170, 'learning_rate': 0.09162477775257571, 'max_depth': 7, 'verbosity': 1}
{'n_estimators': 180, 'learning_rate': 0.049914633077356614, 'max_depth': 2, 'verbosity': 1}
{'n_estimators': 240, 'learning_rate': 0.0038758345741635902, 'max_depth': 1, 'verbosity': 1}
{'n_estimators': 260, 'learning_rate': 0.07356798286513504, 'max_depth': 6, 'verbosity': 1}
{'n_estimators': 190, 'learning_rate': 0.0517722733495665, 'max_depth': 3, 'verbosity': 1}
{'n_estimators': 160, 'learning_rate': 0.061568147796604154, 'max_depth': 7, 'verbosity': 1}
{'n_estimators': 280, 'learning_rate': 0.02501199753867744, 'max_depth': 1, 'verbosity': 1}
{'n_estimators': 170, 'learning_rate': 0.03621676483832129, 'max_depth': 1, 'verbosity': 1}
{'n_estimators': 230, 'learning_rate': 0.012791776504168555, 'max_depth': 5, 'verbosity': 1}
{'n_estimators': 240, 'learning_rate': 0.03537546775920465, 'max_depth': 5, 'verbosity': 1}
{'n_estimators': 260, 'learning_rate': 0.013960263992302463, 'max_depth': 8, 'verbosity': 1}
{'n_estimators': 240, 'learning_rate': 0.04334632874411774, 'max_depth': 7, 'verbosity': 1}
{'n_estimators': 280, 'learning_rate': 0.09193052369276983, 'max_depth': 7, 'verbosity': 1}
{'n_estimators': 260, 'learning_rate': 0.06436102936072946, 'max_depth': 4, 'verbosity': 1}
{'n_estimators': 150, 'learning_rate': 0.06620707901461048, 'max_depth': 6, 'verbosity': 1}
{'n_estimators': 300, 'learning_rate': 0.08815315286083851, 'max_depth': 6, 'verbosity': 1}
{'n_estimators': 270, 'learning_rate': 0.02468929424921266, 'max_depth': 8, 'verbosity': 1}
{'n_estimators': 160, 'learning_rate': 0.08856335932833048, 'max_depth': 4, 'verbosity': 1}
{'n_estimators': 110, 'learning_rate': 0.015169062513347601, 'max_depth': 3, 'verbosity': 1}
{'n_estimators': 150, 'learning_rate': 0.01476848500761159, 'max_depth': 8, 'verbosity': 1}
{'n_estimators': 140, 'learning_rate': 0.05739219647869794, 'max_depth': 6, 'verbosity': 1}
{'n_estimators': 200, 'learning_rate': 0.07232472253843701, 'max_depth': 4, 'verbosity': 1}
{'n_estimators': 190, 'learning_rate': 0.05871947647813449, 'max_depth': 1, 'verbosity': 1}
{'n_estimators': 290, 'learning_rate': 0.054924256699166944, 'max_depth': 8, 'verbosity': 1}
{'n_estimators': 120, 'learning_rate': 0.0880213253908236, 'max_depth': 7, 'verbosity': 1}
{'n_estimators': 100, 'learning_rate': 0.0639844405347124, 'max_depth': 7, 'verbosity': 1}
{'n_estimators': 250, 'learning_rate': 0.035881827446356825, 'max_depth': 5, 'verbosity': 1}
{'n_estimators': 190, 'learning_rate': 0.0105277495981775, 'max_depth': 7, 'verbosity': 1}
{'n_estimators': 140, 'learning_rate': 0.009492845364086247, 'max_depth': 3, 'verbosity': 1}
{'n_estimators': 290, 'learning_rate': 0.046425463155450646, 'max_depth': 5, 'verbosity': 1}
{'n_estimators': 250, 'learning_rate': 0.011911107196719551, 'max_depth': 8, 'verbosity': 1}
{'n_estimators': 240, 'learning_rate': 0.0018055928901458875, 'max_depth': 7, 'verbosity': 1}
{'n_estimators': 180, 'learning_rate': 0.0815223293852041, 'max_depth': 5, 'verbosity': 1}
{'n_estimators': 190, 'learning_rate': 0.03147598079194093, 'max_depth': 9, 'verbosity': 1}
{'n_estimators': 230, 'learning_rate': 0.008059538773607799, 'max_depth': 2, 'verbosity': 1}
{'n_estimators': 190, 'learning_rate': 0.08261331831478402, 'max_depth': 1, 'verbosity': 1}
{'n_estimators': 240, 'learning_rate': 0.07983382261149712, 'max_depth': 8, 'verbosity': 1}
{'n_estimators': 210, 'learning_rate': 0.04698477845981602, 'max_depth': 1, 'verbosity': 1}
{'n_estimators': 230, 'learning_rate': 0.05094929075161222, 'max_depth': 7, 'verbosity': 1}
{'n_estimators': 170, 'learning_rate': 0.003871055631361828, 'max_depth': 2, 'verbosity': 1}
{'n_estimators': 160, 'learning_rate': 0.0550903876368959, 'max_depth': 5, 'verbosity': 1}
{'n_estimators': 110, 'learning_rate': 0.017526646404622127, 'max_depth': 4, 'verbosity': 1}
{'n_estimators': 220, 'learning_rate': 0.03580467367215977, 'max_depth': 7, 'verbosity': 1}
{'n_estimators': 220, 'learning_rate': 0.04114729514665826, 'max_depth': 2, 'verbosity': 1}
{'n_estimators': 230, 'learning_rate': 0.01470970995802549, 'max_depth': 6, 'verbosity': 1}
{'n_estimators': 150, 'learning_rate': 0.08885782881630802, 'max_depth': 3, 'verbosity': 1}
{'n_estimators': 250, 'learning_rate': 0.04572354751838727, 'max_depth': 7, 'verbosity': 1}
{'n_estimators': 100, 'learning_rate': 0.05982952203723406, 'max_depth': 2, 'verbosity': 1}
{'n_estimators': 290, 'learning_rate': 0.02310946920606034, 'max_depth': 3, 'verbosity': 1}
{'n_estimators': 210, 'learning_rate': 0.04791624337292403, 'max_depth': 6, 'verbosity': 1}
{'n_estimators': 180, 'learning_rate': 0.08540666812942117, 'max_depth': 1, 'verbosity': 1}
{'n_estimators': 110, 'learning_rate': 0.09600551058724995, 'max_depth': 5, 'verbosity': 1}
{'n_estimators': 280, 'learning_rate': 0.019157566036411482, 'max_depth': 4, 'verbosity': 1}
{'n_estimators': 250, 'learning_rate': 0.0787560292939735, 'max_depth': 3, 'verbosity': 1}
{'n_estimators': 210, 'learning_rate': 0.09728872422726963, 'max_depth': 6, 'verbosity': 1}
{'n_estimators': 190, 'learning_rate': 0.04560970047700782, 'max_depth': 1, 'verbosity': 1}
{'n_estimators': 150, 'learning_rate': 0.08259167008079128, 'max_depth': 5, 'verbosity': 1}
{'n_estimators': 280, 'learning_rate': 0.08714555780597029, 'max_depth': 5, 'verbosity': 1}
{'n_estimators': 120, 'learning_rate': 0.096422850753323, 'max_depth': 9, 'verbosity': 1}
{'n_estimators': 120, 'learning_rate': 0.054219376869264924, 'max_depth': 4, 'verbosity': 1}
{'n_estimators': 190, 'learning_rate': 0.05269293923974348, 'max_depth': 7, 'verbosity': 1}
{'n_estimators': 200, 'learning_rate': 0.0627461751008401, 'max_depth': 3, 'verbosity': 1}
{'n_estimators': 110, 'learning_rate': 0.05368942257125264, 'max_depth': 9, 'verbosity': 1}
{'n_estimators': 100, 'learning_rate': 0.008064950698627064, 'max_depth': 9, 'verbosity': 1}
{'n_estimators': 120, 'learning_rate': 0.050492439713470894, 'max_depth': 6, 'verbosity': 1}
{'n_estimators': 120, 'learning_rate': 0.019202348910944383, 'max_depth': 7, 'verbosity': 1}
{'n_estimators': 240, 'learning_rate': 0.06131977400416308, 'max_depth': 9, 'verbosity': 1}
{'n_estimators': 220, 'learning_rate': 0.05592364389106998, 'max_depth': 5, 'verbosity': 1}
{'n_estimators': 290, 'learning_rate': 0.07634095630124361, 'max_depth': 7, 'verbosity': 1}
{'n_estimators': 290, 'learning_rate': 0.02335762656193654, 'max_depth': 1, 'verbosity': 1}
{'n_estimators': 240, 'learning_rate': 0.017904567290907746, 'max_depth': 8, 'verbosity': 1}
{'n_estimators': 100, 'learning_rate': 0.02926294395251601, 'max_depth': 9, 'verbosity': 1}
{'n_estimators': 110, 'learning_rate': 0.09464361787376484, 'max_depth': 8, 'verbosity': 1}
{'n_estimators': 300, 'learning_rate': 0.0599783060735471, 'max_depth': 7, 'verbosity': 1}
{'n_estimators': 200, 'learning_rate': 0.004802957741733749, 'max_depth': 7, 'verbosity': 1}
{'n_estimators': 100, 'learning_rate': 0.09059594582524895, 'max_depth': 9, 'verbosity': 1}
{'n_estimators': 160, 'learning_rate': 0.0915022972083049, 'max_depth': 9, 'verbosity': 1}
{'n_estimators': 180, 'learning_rate': 0.09135069877269708, 'max_depth': 5, 'verbosity': 1}
{'n_estimators': 230, 'learning_rate': 0.057272489866562276, 'max_depth': 5, 'verbosity': 1}
{'n_estimators': 100, 'learning_rate': 0.07254436574958195, 'max_depth': 3, 'verbosity': 1}
{'n_estimators': 290, 'learning_rate': 0.057626822592709785, 'max_depth': 2, 'verbosity': 1}
{'n_estimators': 280, 'learning_rate': 0.029736445130992842, 'max_depth': 2, 'verbosity': 1}
{'n_estimators': 240, 'learning_rate': 0.015813119012116714, 'max_depth': 4, 'verbosity': 1}
{'n_estimators': 270, 'learning_rate': 0.03789477981754657, 'max_depth': 9, 'verbosity': 1}
{'n_estimators': 110, 'learning_rate': 0.06679596299027026, 'max_depth': 6, 'verbosity': 1}
{'n_estimators': 180, 'learning_rate': 0.002715712650929342, 'max_depth': 4, 'verbosity': 1}
{'n_estimators': 240, 'learning_rate': 0.09104026324076758, 'max_depth': 4, 'verbosity': 1}
{'n_estimators': 100, 'learning_rate': 0.09907205284762588, 'max_depth': 1, 'verbosity': 1}
{'n_estimators': 130, 'learning_rate': 0.016328243481154203, 'max_depth': 2, 'verbosity': 1}
{'n_estimators': 210, 'learning_rate': 0.026091822343094095, 'max_depth': 8, 'verbosity': 1}
{'n_estimators': 250, 'learning_rate': 0.065741407307977, 'max_depth': 6, 'verbosity': 1}
{'n_estimators': 250, 'learning_rate': 0.007391259068259512, 'max_depth': 4, 'verbosity': 1}
{'n_estimators': 280, 'learning_rate': 0.051195339624731544, 'max_depth': 3, 'verbosity': 1}
{'n_estimators': 180, 'learning_rate': 0.059524049195569605, 'max_depth': 9, 'verbosity': 1}
{'n_estimators': 270, 'learning_rate': 0.06439144121836132, 'max_depth': 3, 'verbosity': 1}
{'n_estimators': 120, 'learning_rate': 0.01614232040855655, 'max_depth': 1, 'verbosity': 1}
{'n_estimators': 170, 'learning_rate': 0.007975470385145296, 'max_depth': 3, 'verbosity': 1}
{'n_estimators': 280, 'learning_rate': 0.05124593199503632, 'max_depth': 4, 'verbosity': 1}
{'n_estimators': 270, 'learning_rate': 0.009255463939755213, 'max_depth': 5, 'verbosity': 1}
{'n_estimators': 250, 'learning_rate': 0.05461159449169549, 'max_depth': 9, 'verbosity': 1}
{'n_estimators': 180, 'learning_rate': 0.07594359594198624, 'max_depth': 5, 'verbosity': 1}
{'n_estimators': 190, 'learning_rate': 0.007947647392377093, 'max_depth': 1, 'verbosity': 1}
{'n_estimators': 150, 'learning_rate': 0.03125761057702406, 'max_depth': 6, 'verbosity': 1}
{'n_estimators': 250, 'learning_rate': 0.022206727550464076, 'max_depth': 9, 'verbosity': 1}
{'n_estimators': 240, 'learning_rate': 0.03848940256915972, 'max_depth': 1, 'verbosity': 1}
{'n_estimators': 210, 'learning_rate': 0.07824641380933829, 'max_depth': 9, 'verbosity': 1}
{'n_estimators': 110, 'learning_rate': 0.026387136678917414, 'max_depth': 3, 'verbosity': 1}
{'n_estimators': 280, 'learning_rate': 0.09861394789665043, 'max_depth': 1, 'verbosity': 1}
{'n_estimators': 100, 'learning_rate': 0.08379760374590797, 'max_depth': 2, 'verbosity': 1}
{'n_estimators': 240, 'learning_rate': 0.061668520538803395, 'max_depth': 4, 'verbosity': 1}
{'n_estimators': 290, 'learning_rate': 0.021429989416104016, 'max_depth': 2, 'verbosity': 1}
{'n_estimators': 170, 'learning_rate': 0.08854087410094266, 'max_depth': 2, 'verbosity': 1}
{'n_estimators': 160, 'learning_rate': 0.05498318953677288, 'max_depth': 1, 'verbosity': 1}
{'n_estimators': 120, 'learning_rate': 0.07752893823001708, 'max_depth': 5, 'verbosity': 1}
{'n_estimators': 160, 'learning_rate': 0.03622780076302713, 'max_depth': 4, 'verbosity': 1}
{'n_estimators': 100, 'learning_rate': 0.043371382930393054, 'max_depth': 5, 'verbosity': 1}
{'n_estimators': 180, 'learning_rate': 0.0930329449829204, 'max_depth': 6, 'verbosity': 1}
{'n_estimators': 100, 'learning_rate': 0.06983344165678948, 'max_depth': 9, 'verbosity': 1}
{'n_estimators': 100, 'learning_rate': 0.028932151694651072, 'max_depth': 1, 'verbosity': 1}
{'n_estimators': 200, 'learning_rate': 0.09270204601932582, 'max_depth': 4, 'verbosity': 1}
{'n_estimators': 220, 'learning_rate': 0.0194706363889209, 'max_depth': 2, 'verbosity': 1}
{'n_estimators': 300, 'learning_rate': 0.09314557534069111, 'max_depth': 3, 'verbosity': 1}
{'n_estimators': 170, 'learning_rate': 0.029005706211974923, 'max_depth': 5, 'verbosity': 1}
{'n_estimators': 170, 'learning_rate': 0.08518375573948433, 'max_depth': 5, 'verbosity': 1}
{'n_estimators': 300, 'learning_rate': 0.03414099709959622, 'max_depth': 5, 'verbosity': 1}
{'n_estimators': 170, 'learning_rate': 0.07637236539915015, 'max_depth': 4, 'verbosity': 1}
{'n_estimators': 240, 'learning_rate': 0.09233641328254748, 'max_depth': 4, 'verbosity': 1}
{'n_estimators': 250, 'learning_rate': 0.05956019644486597, 'max_depth': 1, 'verbosity': 1}
{'n_estimators': 260, 'learning_rate': 0.09004910754988957, 'max_depth': 1, 'verbosity': 1}
{'n_estimators': 270, 'learning_rate': 0.016348673698050643, 'max_depth': 6, 'verbosity': 1}
{'n_estimators': 130, 'learning_rate': 0.031211973637924675, 'max_depth': 6, 'verbosity': 1}
{'n_estimators': 220, 'learning_rate': 0.09888118576858419, 'max_depth': 5, 'verbosity': 1}
{'n_estimators': 210, 'learning_rate': 0.00912907153040991, 'max_depth': 2, 'verbosity': 1}
{'n_estimators': 180, 'learning_rate': 0.007827422637089545, 'max_depth': 2, 'verbosity': 1}
{'n_estimators': 150, 'learning_rate': 0.09294548647001215, 'max_depth': 7, 'verbosity': 1}
{'n_estimators': 270, 'learning_rate': 0.05023731669151219, 'max_depth': 3, 'verbosity': 1}
{'n_estimators': 280, 'learning_rate': 0.03724935049795314, 'max_depth': 9, 'verbosity': 1}
{'n_estimators': 290, 'learning_rate': 0.01579882798110705, 'max_depth': 8, 'verbosity': 1}
{'n_estimators': 100, 'learning_rate': 0.008379103807978105, 'max_depth': 3, 'verbosity': 1}
{'n_estimators': 240, 'learning_rate': 0.03702590420007963, 'max_depth': 7, 'verbosity': 1}
{'n_estimators': 170, 'learning_rate': 0.06716102230554839, 'max_depth': 8, 'verbosity': 1}
{'n_estimators': 250, 'learning_rate': 0.04401324045522019, 'max_depth': 7, 'verbosity': 1}
{'n_estimators': 180, 'learning_rate': 0.08444779146366578, 'max_depth': 7, 'verbosity': 1}
{'n_estimators': 290, 'learning_rate': 0.08457882036114138, 'max_depth': 4, 'verbosity': 1}
{'n_estimators': 210, 'learning_rate': 0.05690299111410873, 'max_depth': 9, 'verbosity': 1}
{'n_estimators': 300, 'learning_rate': 0.01594777449331308, 'max_depth': 4, 'verbosity': 1}
{'n_estimators': 150, 'learning_rate': 0.02682433828772467, 'max_depth': 2, 'verbosity': 1}
{'n_estimators': 230, 'learning_rate': 0.06134947415635104, 'max_depth': 4, 'verbosity': 1}
