WARNING: overwriting environment variables set in the machine
overwriting variable LD_LIBRARY_PATH
/home/yusukemh/sadow_lts/personal/yusukemh/Anaconda3/envs/tfp/lib/python3.10/site-packages/xgboost/compat.py:36: FutureWarning: pandas.Int64Index is deprecated and will be removed from pandas in a future version. Use pandas.Index with the appropriate dtype instead.
  from pandas import MultiIndex, Int64Index
INFO:sherpa.core:
-------------------------------------------------------
SHERPA Dashboard running. Access via
http://10.100.11.207:8880 if on a cluster or
http://localhost:8880 if running locally.
-------------------------------------------------------
Traceback (most recent call last):
  File "/home/yusukemh/github/yusukemh/StatisticalDownscaling/codes/slurm/run_scripts/DL/gamma_HT/gamma_ht.py", line 137, in <module>
    main()
  File "/home/yusukemh/github/yusukemh/StatisticalDownscaling/codes/slurm/run_scripts/DL/gamma_HT/gamma_ht.py", line 96, in main
    estimated_epochs = estimate_epochs(
  File "/home/yusukemh/github/yusukemh/StatisticalDownscaling/codes/util.py", line 253, in estimate_epochs
    model = model_func(**model_params)
  File "/home/yusukemh/github/yusukemh/StatisticalDownscaling/codes/util.py", line 60, in define_hetero_model_gamma
    x = Dense(units=n_units_main, activation=activation, kernel_initializer=tf.keras.initializer.HeNormal)(inputs)
AttributeError: module 'tensorflow.keras' has no attribute 'initializer'. Did you mean: 'initializers'?
