slurmstepd: error: execve(): module: No such file or directory
srun: error: node-0061: task 0: Exited with exit code 2
srun: launch/slurm: _step_signal: Terminating StepId=35159524.0
slurmstepd: error: execve(): source: No such file or directory
srun: error: node-0061: task 0: Exited with exit code 2
srun: launch/slurm: _step_signal: Terminating StepId=35159524.1
INFO:sherpa.core:
-------------------------------------------------------
SHERPA Dashboard running. Access via
http://10.100.0.61:8880 if on a cluster or
http://localhost:8880 if running locally.
-------------------------------------------------------
[Parallel(n_jobs=-1)]: Using backend ThreadingBackend with 16 concurrent workers.
WARNING:werkzeug: * Running on all addresses.
   WARNING: This is a development server. Do not use it in a production deployment.
[Parallel(n_jobs=-1)]: Done  18 tasks      | elapsed:   13.3s
[Parallel(n_jobs=-1)]: Done 180 out of 180 | elapsed:  1.3min finished
[Parallel(n_jobs=16)]: Using backend ThreadingBackend with 16 concurrent workers.
[Parallel(n_jobs=16)]: Done  18 tasks      | elapsed:    0.3s
[Parallel(n_jobs=16)]: Done 180 out of 180 | elapsed:    2.2s finished
[Parallel(n_jobs=16)]: Using backend ThreadingBackend with 16 concurrent workers.
[Parallel(n_jobs=16)]: Done  18 tasks      | elapsed:    0.1s
[Parallel(n_jobs=16)]: Done 180 out of 180 | elapsed:    0.5s finished
[Parallel(n_jobs=-1)]: Using backend ThreadingBackend with 16 concurrent workers.
[Parallel(n_jobs=-1)]: Done  18 tasks      | elapsed:   13.2s
[Parallel(n_jobs=-1)]: Done 100 out of 100 | elapsed:   45.6s finished
[Parallel(n_jobs=16)]: Using backend ThreadingBackend with 16 concurrent workers.
[Parallel(n_jobs=16)]: Done  18 tasks      | elapsed:    0.3s
[Parallel(n_jobs=16)]: Done 100 out of 100 | elapsed:    1.0s finished
[Parallel(n_jobs=16)]: Using backend ThreadingBackend with 16 concurrent workers.
[Parallel(n_jobs=16)]: Done  18 tasks      | elapsed:    0.1s
[Parallel(n_jobs=16)]: Done 100 out of 100 | elapsed:    0.3s finished
[Parallel(n_jobs=-1)]: Using backend ThreadingBackend with 16 concurrent workers.
[Parallel(n_jobs=-1)]: Done  18 tasks      | elapsed:   12.9s
[Parallel(n_jobs=-1)]: Done 100 out of 100 | elapsed:   44.4s finished
[Parallel(n_jobs=16)]: Using backend ThreadingBackend with 16 concurrent workers.
[Parallel(n_jobs=16)]: Done  18 tasks      | elapsed:    0.2s
[Parallel(n_jobs=16)]: Done 100 out of 100 | elapsed:    0.9s finished
[Parallel(n_jobs=16)]: Using backend ThreadingBackend with 16 concurrent workers.
[Parallel(n_jobs=16)]: Done  18 tasks      | elapsed:    0.1s
[Parallel(n_jobs=16)]: Done 100 out of 100 | elapsed:    0.3s finished
[Parallel(n_jobs=-1)]: Using backend ThreadingBackend with 16 concurrent workers.
[Parallel(n_jobs=-1)]: Done  18 tasks      | elapsed:   13.5s
[Parallel(n_jobs=-1)]: Done 168 tasks      | elapsed:  1.2min
[Parallel(n_jobs=-1)]: Done 200 out of 200 | elapsed:  1.5min finished
[Parallel(n_jobs=16)]: Using backend ThreadingBackend with 16 concurrent workers.
[Parallel(n_jobs=16)]: Done  18 tasks      | elapsed:    0.3s
[Parallel(n_jobs=16)]: Done 168 tasks      | elapsed:    1.7s
[Parallel(n_jobs=16)]: Done 200 out of 200 | elapsed:    2.0s finished
[Parallel(n_jobs=16)]: Using backend ThreadingBackend with 16 concurrent workers.
[Parallel(n_jobs=16)]: Done  18 tasks      | elapsed:    0.1s
[Parallel(n_jobs=16)]: Done 168 tasks      | elapsed:    0.5s
[Parallel(n_jobs=16)]: Done 200 out of 200 | elapsed:    0.5s finished
[Parallel(n_jobs=-1)]: Using backend ThreadingBackend with 16 concurrent workers.
[Parallel(n_jobs=-1)]: Done  18 tasks      | elapsed:   12.9s
[Parallel(n_jobs=-1)]: Done 180 out of 180 | elapsed:  1.3min finished
[Parallel(n_jobs=16)]: Using backend ThreadingBackend with 16 concurrent workers.
[Parallel(n_jobs=16)]: Done  18 tasks      | elapsed:    0.2s
[Parallel(n_jobs=16)]: Done 180 out of 180 | elapsed:    1.5s finished
[Parallel(n_jobs=16)]: Using backend ThreadingBackend with 16 concurrent workers.
[Parallel(n_jobs=16)]: Done  18 tasks      | elapsed:    0.1s
[Parallel(n_jobs=16)]: Done 180 out of 180 | elapsed:    0.5s finished
[Parallel(n_jobs=-1)]: Using backend ThreadingBackend with 16 concurrent workers.
[Parallel(n_jobs=-1)]: Done  18 tasks      | elapsed:   13.0s
[Parallel(n_jobs=-1)]: Done 190 out of 190 | elapsed:  1.3min finished
[Parallel(n_jobs=16)]: Using backend ThreadingBackend with 16 concurrent workers.
[Parallel(n_jobs=16)]: Done  18 tasks      | elapsed:    0.2s
[Parallel(n_jobs=16)]: Done 190 out of 190 | elapsed:    1.7s finished
[Parallel(n_jobs=16)]: Using backend ThreadingBackend with 16 concurrent workers.
[Parallel(n_jobs=16)]: Done  18 tasks      | elapsed:    0.1s
[Parallel(n_jobs=16)]: Done 190 out of 190 | elapsed:    0.4s finished
[Parallel(n_jobs=-1)]: Using backend ThreadingBackend with 16 concurrent workers.
[Parallel(n_jobs=-1)]: Done  18 tasks      | elapsed:   12.8s
[Parallel(n_jobs=-1)]: Done 190 out of 190 | elapsed:  1.3min finished
[Parallel(n_jobs=16)]: Using backend ThreadingBackend with 16 concurrent workers.
[Parallel(n_jobs=16)]: Done  18 tasks      | elapsed:    0.2s
[Parallel(n_jobs=16)]: Done 190 out of 190 | elapsed:    1.6s finished
[Parallel(n_jobs=16)]: Using backend ThreadingBackend with 16 concurrent workers.
[Parallel(n_jobs=16)]: Done  18 tasks      | elapsed:    0.1s
[Parallel(n_jobs=16)]: Done 190 out of 190 | elapsed:    0.4s finished
[Parallel(n_jobs=-1)]: Using backend ThreadingBackend with 16 concurrent workers.
[Parallel(n_jobs=-1)]: Done  18 tasks      | elapsed:   12.8s
[Parallel(n_jobs=-1)]: Done 180 out of 180 | elapsed:  1.3min finished
[Parallel(n_jobs=16)]: Using backend ThreadingBackend with 16 concurrent workers.
[Parallel(n_jobs=16)]: Done  18 tasks      | elapsed:    0.3s
[Parallel(n_jobs=16)]: Done 180 out of 180 | elapsed:    1.5s finished
[Parallel(n_jobs=16)]: Using backend ThreadingBackend with 16 concurrent workers.
[Parallel(n_jobs=16)]: Done  18 tasks      | elapsed:    0.1s
[Parallel(n_jobs=16)]: Done 180 out of 180 | elapsed:    0.4s finished
[Parallel(n_jobs=-1)]: Using backend ThreadingBackend with 16 concurrent workers.
[Parallel(n_jobs=-1)]: Done  18 tasks      | elapsed:   13.3s
[Parallel(n_jobs=-1)]: Done 168 tasks      | elapsed:  1.2min
[Parallel(n_jobs=-1)]: Done 220 out of 220 | elapsed:  1.6min finished
[Parallel(n_jobs=16)]: Using backend ThreadingBackend with 16 concurrent workers.
[Parallel(n_jobs=16)]: Done  18 tasks      | elapsed:    0.3s
[Parallel(n_jobs=16)]: Done 168 tasks      | elapsed:    1.5s
[Parallel(n_jobs=16)]: Done 220 out of 220 | elapsed:    2.0s finished
[Parallel(n_jobs=16)]: Using backend ThreadingBackend with 16 concurrent workers.
[Parallel(n_jobs=16)]: Done  18 tasks      | elapsed:    0.1s
[Parallel(n_jobs=16)]: Done 168 tasks      | elapsed:    0.4s
[Parallel(n_jobs=16)]: Done 220 out of 220 | elapsed:    0.6s finished
[Parallel(n_jobs=-1)]: Using backend ThreadingBackend with 16 concurrent workers.
[Parallel(n_jobs=-1)]: Done  18 tasks      | elapsed:   13.2s
[Parallel(n_jobs=-1)]: Done 168 tasks      | elapsed:  1.2min
[Parallel(n_jobs=-1)]: Done 240 out of 240 | elapsed:  1.7min finished
[Parallel(n_jobs=16)]: Using backend ThreadingBackend with 16 concurrent workers.
[Parallel(n_jobs=16)]: Done  18 tasks      | elapsed:    0.3s
[Parallel(n_jobs=16)]: Done 168 tasks      | elapsed:    1.5s
[Parallel(n_jobs=16)]: Done 240 out of 240 | elapsed:    2.2s finished
[Parallel(n_jobs=16)]: Using backend ThreadingBackend with 16 concurrent workers.
[Parallel(n_jobs=16)]: Done  18 tasks      | elapsed:    0.1s
[Parallel(n_jobs=16)]: Done 168 tasks      | elapsed:    0.4s
[Parallel(n_jobs=16)]: Done 240 out of 240 | elapsed:    0.6s finished
[Parallel(n_jobs=-1)]: Using backend ThreadingBackend with 16 concurrent workers.
[Parallel(n_jobs=-1)]: Done  18 tasks      | elapsed:   13.5s
[Parallel(n_jobs=-1)]: Done 168 tasks      | elapsed:  1.2min
[Parallel(n_jobs=-1)]: Done 260 out of 260 | elapsed:  1.9min finished
[Parallel(n_jobs=16)]: Using backend ThreadingBackend with 16 concurrent workers.
[Parallel(n_jobs=16)]: Done  18 tasks      | elapsed:    0.3s
[Parallel(n_jobs=16)]: Done 168 tasks      | elapsed:    1.7s
[Parallel(n_jobs=16)]: Done 260 out of 260 | elapsed:    2.5s finished
[Parallel(n_jobs=16)]: Using backend ThreadingBackend with 16 concurrent workers.
[Parallel(n_jobs=16)]: Done  18 tasks      | elapsed:    0.1s
[Parallel(n_jobs=16)]: Done 168 tasks      | elapsed:    0.5s
[Parallel(n_jobs=16)]: Done 260 out of 260 | elapsed:    0.7s finished
[Parallel(n_jobs=-1)]: Using backend ThreadingBackend with 16 concurrent workers.
[Parallel(n_jobs=-1)]: Done  18 tasks      | elapsed:   13.2s
[Parallel(n_jobs=-1)]: Done 168 tasks      | elapsed:  1.2min
[Parallel(n_jobs=-1)]: Done 300 out of 300 | elapsed:  2.1min finished
[Parallel(n_jobs=16)]: Using backend ThreadingBackend with 16 concurrent workers.
[Parallel(n_jobs=16)]: Done  18 tasks      | elapsed:    0.3s
[Parallel(n_jobs=16)]: Done 168 tasks      | elapsed:    1.6s
[Parallel(n_jobs=16)]: Done 300 out of 300 | elapsed:    2.7s finished
[Parallel(n_jobs=16)]: Using backend ThreadingBackend with 16 concurrent workers.
[Parallel(n_jobs=16)]: Done  18 tasks      | elapsed:    0.1s
[Parallel(n_jobs=16)]: Done 168 tasks      | elapsed:    0.4s
[Parallel(n_jobs=16)]: Done 300 out of 300 | elapsed:    0.7s finished
[Parallel(n_jobs=-1)]: Using backend ThreadingBackend with 16 concurrent workers.
[Parallel(n_jobs=-1)]: Done  18 tasks      | elapsed:   13.1s
[Parallel(n_jobs=-1)]: Done 168 tasks      | elapsed:  1.2min
[Parallel(n_jobs=-1)]: Done 230 out of 230 | elapsed:  1.7min finished
[Parallel(n_jobs=16)]: Using backend ThreadingBackend with 16 concurrent workers.
[Parallel(n_jobs=16)]: Done  18 tasks      | elapsed:    0.3s
[Parallel(n_jobs=16)]: Done 168 tasks      | elapsed:    1.6s
[Parallel(n_jobs=16)]: Done 230 out of 230 | elapsed:    2.1s finished
[Parallel(n_jobs=16)]: Using backend ThreadingBackend with 16 concurrent workers.
[Parallel(n_jobs=16)]: Done  18 tasks      | elapsed:    0.1s
[Parallel(n_jobs=16)]: Done 168 tasks      | elapsed:    0.4s
[Parallel(n_jobs=16)]: Done 230 out of 230 | elapsed:    0.6s finished
[Parallel(n_jobs=-1)]: Using backend ThreadingBackend with 16 concurrent workers.
[Parallel(n_jobs=-1)]: Done  18 tasks      | elapsed:   13.7s
[Parallel(n_jobs=-1)]: Done 168 tasks      | elapsed:  1.3min
[Parallel(n_jobs=-1)]: Done 270 out of 270 | elapsed:  2.1min finished
[Parallel(n_jobs=16)]: Using backend ThreadingBackend with 16 concurrent workers.
[Parallel(n_jobs=16)]: Done  18 tasks      | elapsed:    0.4s
[Parallel(n_jobs=16)]: Done 168 tasks      | elapsed:    2.4s
[Parallel(n_jobs=16)]: Done 270 out of 270 | elapsed:    3.7s finished
[Parallel(n_jobs=16)]: Using backend ThreadingBackend with 16 concurrent workers.
[Parallel(n_jobs=16)]: Done  18 tasks      | elapsed:    0.1s
[Parallel(n_jobs=16)]: Done 168 tasks      | elapsed:    0.6s
[Parallel(n_jobs=16)]: Done 270 out of 270 | elapsed:    0.9s finished
[Parallel(n_jobs=-1)]: Using backend ThreadingBackend with 16 concurrent workers.
[Parallel(n_jobs=-1)]: Done  18 tasks      | elapsed:   12.8s
[Parallel(n_jobs=-1)]: Done 168 tasks      | elapsed:  1.2min
[Parallel(n_jobs=-1)]: Done 230 out of 230 | elapsed:  1.6min finished
[Parallel(n_jobs=16)]: Using backend ThreadingBackend with 16 concurrent workers.
[Parallel(n_jobs=16)]: Done  18 tasks      | elapsed:    0.3s
[Parallel(n_jobs=16)]: Done 168 tasks      | elapsed:    1.5s
[Parallel(n_jobs=16)]: Done 230 out of 230 | elapsed:    2.0s finished
[Parallel(n_jobs=16)]: Using backend ThreadingBackend with 16 concurrent workers.
[Parallel(n_jobs=16)]: Done  18 tasks      | elapsed:    0.1s
[Parallel(n_jobs=16)]: Done 168 tasks      | elapsed:    0.5s
[Parallel(n_jobs=16)]: Done 230 out of 230 | elapsed:    0.6s finished
[Parallel(n_jobs=-1)]: Using backend ThreadingBackend with 16 concurrent workers.
[Parallel(n_jobs=-1)]: Done  18 tasks      | elapsed:   12.8s
[Parallel(n_jobs=-1)]: Done 190 out of 190 | elapsed:  1.3min finished
[Parallel(n_jobs=16)]: Using backend ThreadingBackend with 16 concurrent workers.
[Parallel(n_jobs=16)]: Done  18 tasks      | elapsed:    0.2s
[Parallel(n_jobs=16)]: Done 190 out of 190 | elapsed:    1.6s finished
[Parallel(n_jobs=16)]: Using backend ThreadingBackend with 16 concurrent workers.
[Parallel(n_jobs=16)]: Done  18 tasks      | elapsed:    0.1s
[Parallel(n_jobs=16)]: Done 190 out of 190 | elapsed:    0.5s finished
[Parallel(n_jobs=-1)]: Using backend ThreadingBackend with 16 concurrent workers.
[Parallel(n_jobs=-1)]: Done  18 tasks      | elapsed:   13.9s
[Parallel(n_jobs=-1)]: Done 168 tasks      | elapsed:  1.3min
[Parallel(n_jobs=-1)]: Done 290 out of 290 | elapsed:  2.2min finished
[Parallel(n_jobs=16)]: Using backend ThreadingBackend with 16 concurrent workers.
[Parallel(n_jobs=16)]: Done  18 tasks      | elapsed:    0.4s
[Parallel(n_jobs=16)]: Done 168 tasks      | elapsed:    2.3s
[Parallel(n_jobs=16)]: Done 290 out of 290 | elapsed:    3.8s finished
[Parallel(n_jobs=16)]: Using backend ThreadingBackend with 16 concurrent workers.
[Parallel(n_jobs=16)]: Done  18 tasks      | elapsed:    0.1s
[Parallel(n_jobs=16)]: Done 168 tasks      | elapsed:    0.6s
[Parallel(n_jobs=16)]: Done 290 out of 290 | elapsed:    1.0s finished
[Parallel(n_jobs=-1)]: Using backend ThreadingBackend with 16 concurrent workers.
[Parallel(n_jobs=-1)]: Done  18 tasks      | elapsed:   13.8s
[Parallel(n_jobs=-1)]: Done 180 out of 180 | elapsed:  1.4min finished
[Parallel(n_jobs=16)]: Using backend ThreadingBackend with 16 concurrent workers.
[Parallel(n_jobs=16)]: Done  18 tasks      | elapsed:    0.3s
[Parallel(n_jobs=16)]: Done 180 out of 180 | elapsed:    2.3s finished
[Parallel(n_jobs=16)]: Using backend ThreadingBackend with 16 concurrent workers.
[Parallel(n_jobs=16)]: Done  18 tasks      | elapsed:    0.1s
[Parallel(n_jobs=16)]: Done 180 out of 180 | elapsed:    0.6s finished
[Parallel(n_jobs=-1)]: Using backend ThreadingBackend with 16 concurrent workers.
[Parallel(n_jobs=-1)]: Done  18 tasks      | elapsed:   12.9s
[Parallel(n_jobs=-1)]: Done 180 out of 180 | elapsed:  1.3min finished
[Parallel(n_jobs=16)]: Using backend ThreadingBackend with 16 concurrent workers.
[Parallel(n_jobs=16)]: Done  18 tasks      | elapsed:    0.2s
[Parallel(n_jobs=16)]: Done 180 out of 180 | elapsed:    1.6s finished
[Parallel(n_jobs=16)]: Using backend ThreadingBackend with 16 concurrent workers.
[Parallel(n_jobs=16)]: Done  18 tasks      | elapsed:    0.1s
[Parallel(n_jobs=16)]: Done 180 out of 180 | elapsed:    0.4s finished
[Parallel(n_jobs=-1)]: Using backend ThreadingBackend with 16 concurrent workers.
[Parallel(n_jobs=-1)]: Done  18 tasks      | elapsed:   12.9s
[Parallel(n_jobs=-1)]: Done 140 out of 140 | elapsed:   58.8s finished
[Parallel(n_jobs=16)]: Using backend ThreadingBackend with 16 concurrent workers.
[Parallel(n_jobs=16)]: Done  18 tasks      | elapsed:    0.3s
[Parallel(n_jobs=16)]: Done 140 out of 140 | elapsed:    1.3s finished
[Parallel(n_jobs=16)]: Using backend ThreadingBackend with 16 concurrent workers.
[Parallel(n_jobs=16)]: Done  18 tasks      | elapsed:    0.1s
[Parallel(n_jobs=16)]: Done 140 out of 140 | elapsed:    0.4s finished
[Parallel(n_jobs=-1)]: Using backend ThreadingBackend with 16 concurrent workers.
[Parallel(n_jobs=-1)]: Done  18 tasks      | elapsed:   13.7s
[Parallel(n_jobs=-1)]: Done 100 out of 100 | elapsed:   47.8s finished
[Parallel(n_jobs=16)]: Using backend ThreadingBackend with 16 concurrent workers.
[Parallel(n_jobs=16)]: Done  18 tasks      | elapsed:    0.3s
[Parallel(n_jobs=16)]: Done 100 out of 100 | elapsed:    1.4s finished
[Parallel(n_jobs=16)]: Using backend ThreadingBackend with 16 concurrent workers.
[Parallel(n_jobs=16)]: Done  18 tasks      | elapsed:    0.1s
[Parallel(n_jobs=16)]: Done 100 out of 100 | elapsed:    0.3s finished
[Parallel(n_jobs=-1)]: Using backend ThreadingBackend with 16 concurrent workers.
[Parallel(n_jobs=-1)]: Done  18 tasks      | elapsed:   13.1s
[Parallel(n_jobs=-1)]: Done 130 out of 130 | elapsed:   58.0s finished
[Parallel(n_jobs=16)]: Using backend ThreadingBackend with 16 concurrent workers.
[Parallel(n_jobs=16)]: Done  18 tasks      | elapsed:    0.3s
[Parallel(n_jobs=16)]: Done 130 out of 130 | elapsed:    1.2s finished
[Parallel(n_jobs=16)]: Using backend ThreadingBackend with 16 concurrent workers.
[Parallel(n_jobs=16)]: Done  18 tasks      | elapsed:    0.1s
[Parallel(n_jobs=16)]: Done 130 out of 130 | elapsed:    0.3s finished
[Parallel(n_jobs=-1)]: Using backend ThreadingBackend with 16 concurrent workers.
[Parallel(n_jobs=-1)]: Done  18 tasks      | elapsed:   13.8s
[Parallel(n_jobs=-1)]: Done 120 out of 120 | elapsed:   55.4s finished
[Parallel(n_jobs=16)]: Using backend ThreadingBackend with 16 concurrent workers.
[Parallel(n_jobs=16)]: Done  18 tasks      | elapsed:    0.3s
[Parallel(n_jobs=16)]: Done 120 out of 120 | elapsed:    1.6s finished
[Parallel(n_jobs=16)]: Using backend ThreadingBackend with 16 concurrent workers.
[Parallel(n_jobs=16)]: Done  18 tasks      | elapsed:    0.1s
[Parallel(n_jobs=16)]: Done 120 out of 120 | elapsed:    0.4s finished
[Parallel(n_jobs=-1)]: Using backend ThreadingBackend with 16 concurrent workers.
[Parallel(n_jobs=-1)]: Done  18 tasks      | elapsed:   13.0s
[Parallel(n_jobs=-1)]: Done 168 tasks      | elapsed:  1.2min
[Parallel(n_jobs=-1)]: Done 210 out of 210 | elapsed:  1.5min finished
[Parallel(n_jobs=16)]: Using backend ThreadingBackend with 16 concurrent workers.
[Parallel(n_jobs=16)]: Done  18 tasks      | elapsed:    0.3s
[Parallel(n_jobs=16)]: Done 168 tasks      | elapsed:    1.5s
[Parallel(n_jobs=16)]: Done 210 out of 210 | elapsed:    1.9s finished
[Parallel(n_jobs=16)]: Using backend ThreadingBackend with 16 concurrent workers.
[Parallel(n_jobs=16)]: Done  18 tasks      | elapsed:    0.1s
[Parallel(n_jobs=16)]: Done 168 tasks      | elapsed:    0.4s
[Parallel(n_jobs=16)]: Done 210 out of 210 | elapsed:    0.5s finished
[Parallel(n_jobs=-1)]: Using backend ThreadingBackend with 16 concurrent workers.
[Parallel(n_jobs=-1)]: Done  18 tasks      | elapsed:   12.7s
[Parallel(n_jobs=-1)]: Done 110 out of 110 | elapsed:   44.8s finished
[Parallel(n_jobs=16)]: Using backend ThreadingBackend with 16 concurrent workers.
[Parallel(n_jobs=16)]: Done  18 tasks      | elapsed:    0.2s
[Parallel(n_jobs=16)]: Done 110 out of 110 | elapsed:    0.9s finished
[Parallel(n_jobs=16)]: Using backend ThreadingBackend with 16 concurrent workers.
[Parallel(n_jobs=16)]: Done  18 tasks      | elapsed:    0.1s
[Parallel(n_jobs=16)]: Done 110 out of 110 | elapsed:    0.3s finished
[Parallel(n_jobs=-1)]: Using backend ThreadingBackend with 16 concurrent workers.
[Parallel(n_jobs=-1)]: Done  18 tasks      | elapsed:   12.8s
[Parallel(n_jobs=-1)]: Done 160 out of 160 | elapsed:  1.1min finished
[Parallel(n_jobs=16)]: Using backend ThreadingBackend with 16 concurrent workers.
[Parallel(n_jobs=16)]: Done  18 tasks      | elapsed:    0.2s
[Parallel(n_jobs=16)]: Done 160 out of 160 | elapsed:    1.4s finished
[Parallel(n_jobs=16)]: Using backend ThreadingBackend with 16 concurrent workers.
[Parallel(n_jobs=16)]: Done  18 tasks      | elapsed:    0.1s
[Parallel(n_jobs=16)]: Done 160 out of 160 | elapsed:    0.5s finished
[Parallel(n_jobs=-1)]: Using backend ThreadingBackend with 16 concurrent workers.
[Parallel(n_jobs=-1)]: Done  18 tasks      | elapsed:   13.1s
[Parallel(n_jobs=-1)]: Done 150 out of 150 | elapsed:  1.1min finished
[Parallel(n_jobs=16)]: Using backend ThreadingBackend with 16 concurrent workers.
[Parallel(n_jobs=16)]: Done  18 tasks      | elapsed:    0.3s
[Parallel(n_jobs=16)]: Done 150 out of 150 | elapsed:    1.4s finished
[Parallel(n_jobs=16)]: Using backend ThreadingBackend with 16 concurrent workers.
[Parallel(n_jobs=16)]: Done  18 tasks      | elapsed:    0.1s
[Parallel(n_jobs=16)]: Done 150 out of 150 | elapsed:    0.4s finished
[Parallel(n_jobs=-1)]: Using backend ThreadingBackend with 16 concurrent workers.
[Parallel(n_jobs=-1)]: Done  18 tasks      | elapsed:   13.1s
[Parallel(n_jobs=-1)]: Done 168 tasks      | elapsed:  1.2min
[Parallel(n_jobs=-1)]: Done 300 out of 300 | elapsed:  2.1min finished
[Parallel(n_jobs=16)]: Using backend ThreadingBackend with 16 concurrent workers.
[Parallel(n_jobs=16)]: Done  18 tasks      | elapsed:    0.3s
[Parallel(n_jobs=16)]: Done 168 tasks      | elapsed:    1.5s
[Parallel(n_jobs=16)]: Done 300 out of 300 | elapsed:    2.7s finished
[Parallel(n_jobs=16)]: Using backend ThreadingBackend with 16 concurrent workers.
[Parallel(n_jobs=16)]: Done  18 tasks      | elapsed:    0.1s
[Parallel(n_jobs=16)]: Done 168 tasks      | elapsed:    0.5s
[Parallel(n_jobs=16)]: Done 300 out of 300 | elapsed:    0.8s finished
[Parallel(n_jobs=-1)]: Using backend ThreadingBackend with 16 concurrent workers.
[Parallel(n_jobs=-1)]: Done  18 tasks      | elapsed:   13.1s
[Parallel(n_jobs=-1)]: Done 110 out of 110 | elapsed:   46.4s finished
[Parallel(n_jobs=16)]: Using backend ThreadingBackend with 16 concurrent workers.
[Parallel(n_jobs=16)]: Done  18 tasks      | elapsed:    0.3s
[Parallel(n_jobs=16)]: Done 110 out of 110 | elapsed:    1.0s finished
[Parallel(n_jobs=16)]: Using backend ThreadingBackend with 16 concurrent workers.
[Parallel(n_jobs=16)]: Done  18 tasks      | elapsed:    0.1s
[Parallel(n_jobs=16)]: Done 110 out of 110 | elapsed:    0.3s finished
[Parallel(n_jobs=-1)]: Using backend ThreadingBackend with 16 concurrent workers.
[Parallel(n_jobs=-1)]: Done  18 tasks      | elapsed:   13.0s
[Parallel(n_jobs=-1)]: Done 100 out of 100 | elapsed:   45.6s finished
[Parallel(n_jobs=16)]: Using backend ThreadingBackend with 16 concurrent workers.
[Parallel(n_jobs=16)]: Done  18 tasks      | elapsed:    0.3s
[Parallel(n_jobs=16)]: Done 100 out of 100 | elapsed:    0.9s finished
[Parallel(n_jobs=16)]: Using backend ThreadingBackend with 16 concurrent workers.
[Parallel(n_jobs=16)]: Done  18 tasks      | elapsed:    0.1s
[Parallel(n_jobs=16)]: Done 100 out of 100 | elapsed:    0.3s finished
[Parallel(n_jobs=-1)]: Using backend ThreadingBackend with 16 concurrent workers.
[Parallel(n_jobs=-1)]: Done  18 tasks      | elapsed:   13.1s
[Parallel(n_jobs=-1)]: Done 168 tasks      | elapsed:  1.2min
[Parallel(n_jobs=-1)]: Done 210 out of 210 | elapsed:  1.5min finished
[Parallel(n_jobs=16)]: Using backend ThreadingBackend with 16 concurrent workers.
[Parallel(n_jobs=16)]: Done  18 tasks      | elapsed:    0.3s
[Parallel(n_jobs=16)]: Done 168 tasks      | elapsed:    1.5s
[Parallel(n_jobs=16)]: Done 210 out of 210 | elapsed:    1.9s finished
[Parallel(n_jobs=16)]: Using backend ThreadingBackend with 16 concurrent workers.
[Parallel(n_jobs=16)]: Done  18 tasks      | elapsed:    0.1s
[Parallel(n_jobs=16)]: Done 168 tasks      | elapsed:    0.4s
[Parallel(n_jobs=16)]: Done 210 out of 210 | elapsed:    0.5s finished
[Parallel(n_jobs=-1)]: Using backend ThreadingBackend with 16 concurrent workers.
[Parallel(n_jobs=-1)]: Done  18 tasks      | elapsed:   12.8s
[Parallel(n_jobs=-1)]: Done 168 tasks      | elapsed:  1.2min
[Parallel(n_jobs=-1)]: Done 270 out of 270 | elapsed:  1.8min finished
[Parallel(n_jobs=16)]: Using backend ThreadingBackend with 16 concurrent workers.
[Parallel(n_jobs=16)]: Done  18 tasks      | elapsed:    0.2s
[Parallel(n_jobs=16)]: Done 168 tasks      | elapsed:    1.4s
[Parallel(n_jobs=16)]: Done 270 out of 270 | elapsed:    2.3s finished
[Parallel(n_jobs=16)]: Using backend ThreadingBackend with 16 concurrent workers.
[Parallel(n_jobs=16)]: Done  18 tasks      | elapsed:    0.1s
[Parallel(n_jobs=16)]: Done 168 tasks      | elapsed:    0.4s
[Parallel(n_jobs=16)]: Done 270 out of 270 | elapsed:    0.7s finished
[Parallel(n_jobs=-1)]: Using backend ThreadingBackend with 16 concurrent workers.
[Parallel(n_jobs=-1)]: Done  18 tasks      | elapsed:   12.9s
[Parallel(n_jobs=-1)]: Done 168 tasks      | elapsed:  1.2min
[Parallel(n_jobs=-1)]: Done 200 out of 200 | elapsed:  1.4min finished
[Parallel(n_jobs=16)]: Using backend ThreadingBackend with 16 concurrent workers.
[Parallel(n_jobs=16)]: Done  18 tasks      | elapsed:    0.3s
[Parallel(n_jobs=16)]: Done 168 tasks      | elapsed:    1.5s
[Parallel(n_jobs=16)]: Done 200 out of 200 | elapsed:    1.8s finished
[Parallel(n_jobs=16)]: Using backend ThreadingBackend with 16 concurrent workers.
[Parallel(n_jobs=16)]: Done  18 tasks      | elapsed:    0.1s
[Parallel(n_jobs=16)]: Done 168 tasks      | elapsed:    0.4s
[Parallel(n_jobs=16)]: Done 200 out of 200 | elapsed:    0.5s finished
[Parallel(n_jobs=-1)]: Using backend ThreadingBackend with 16 concurrent workers.
[Parallel(n_jobs=-1)]: Done  18 tasks      | elapsed:   12.8s
[Parallel(n_jobs=-1)]: Done 168 tasks      | elapsed:  1.2min
[Parallel(n_jobs=-1)]: Done 210 out of 210 | elapsed:  1.5min finished
[Parallel(n_jobs=16)]: Using backend ThreadingBackend with 16 concurrent workers.
[Parallel(n_jobs=16)]: Done  18 tasks      | elapsed:    0.3s
[Parallel(n_jobs=16)]: Done 168 tasks      | elapsed:    1.5s
[Parallel(n_jobs=16)]: Done 210 out of 210 | elapsed:    1.8s finished
[Parallel(n_jobs=16)]: Using backend ThreadingBackend with 16 concurrent workers.
[Parallel(n_jobs=16)]: Done  18 tasks      | elapsed:    0.1s
[Parallel(n_jobs=16)]: Done 168 tasks      | elapsed:    0.5s
[Parallel(n_jobs=16)]: Done 210 out of 210 | elapsed:    0.6s finished
[Parallel(n_jobs=-1)]: Using backend ThreadingBackend with 16 concurrent workers.
[Parallel(n_jobs=-1)]: Done  18 tasks      | elapsed:   12.9s
[Parallel(n_jobs=-1)]: Done 168 tasks      | elapsed:  1.2min
[Parallel(n_jobs=-1)]: Done 250 out of 250 | elapsed:  1.7min finished
[Parallel(n_jobs=16)]: Using backend ThreadingBackend with 16 concurrent workers.
[Parallel(n_jobs=16)]: Done  18 tasks      | elapsed:    0.3s
[Parallel(n_jobs=16)]: Done 168 tasks      | elapsed:    1.5s
[Parallel(n_jobs=16)]: Done 250 out of 250 | elapsed:    2.2s finished
[Parallel(n_jobs=16)]: Using backend ThreadingBackend with 16 concurrent workers.
[Parallel(n_jobs=16)]: Done  18 tasks      | elapsed:    0.1s
[Parallel(n_jobs=16)]: Done 168 tasks      | elapsed:    0.4s
[Parallel(n_jobs=16)]: Done 250 out of 250 | elapsed:    0.6s finished
[Parallel(n_jobs=-1)]: Using backend ThreadingBackend with 16 concurrent workers.
[Parallel(n_jobs=-1)]: Done  18 tasks      | elapsed:   12.8s
[Parallel(n_jobs=-1)]: Done 168 tasks      | elapsed:  1.2min
[Parallel(n_jobs=-1)]: Done 210 out of 210 | elapsed:  1.5min finished
[Parallel(n_jobs=16)]: Using backend ThreadingBackend with 16 concurrent workers.
[Parallel(n_jobs=16)]: Done  18 tasks      | elapsed:    0.3s
[Parallel(n_jobs=16)]: Done 168 tasks      | elapsed:    1.5s
[Parallel(n_jobs=16)]: Done 210 out of 210 | elapsed:    1.8s finished
[Parallel(n_jobs=16)]: Using backend ThreadingBackend with 16 concurrent workers.
[Parallel(n_jobs=16)]: Done  18 tasks      | elapsed:    0.1s
[Parallel(n_jobs=16)]: Done 168 tasks      | elapsed:    0.4s
[Parallel(n_jobs=16)]: Done 210 out of 210 | elapsed:    0.5s finished
[Parallel(n_jobs=-1)]: Using backend ThreadingBackend with 16 concurrent workers.
[Parallel(n_jobs=-1)]: Done  18 tasks      | elapsed:   13.8s
[Parallel(n_jobs=-1)]: Done 170 out of 170 | elapsed:  1.3min finished
[Parallel(n_jobs=16)]: Using backend ThreadingBackend with 16 concurrent workers.
[Parallel(n_jobs=16)]: Done  18 tasks      | elapsed:    0.4s
[Parallel(n_jobs=16)]: Done 170 out of 170 | elapsed:    2.4s finished
[Parallel(n_jobs=16)]: Using backend ThreadingBackend with 16 concurrent workers.
[Parallel(n_jobs=16)]: Done  18 tasks      | elapsed:    0.1s
[Parallel(n_jobs=16)]: Done 170 out of 170 | elapsed:    0.6s finished
[Parallel(n_jobs=-1)]: Using backend ThreadingBackend with 16 concurrent workers.
[Parallel(n_jobs=-1)]: Done  18 tasks      | elapsed:   12.8s
[Parallel(n_jobs=-1)]: Done 160 out of 160 | elapsed:  1.1min finished
[Parallel(n_jobs=16)]: Using backend ThreadingBackend with 16 concurrent workers.
[Parallel(n_jobs=16)]: Done  18 tasks      | elapsed:    0.2s
[Parallel(n_jobs=16)]: Done 160 out of 160 | elapsed:    1.3s finished
[Parallel(n_jobs=16)]: Using backend ThreadingBackend with 16 concurrent workers.
[Parallel(n_jobs=16)]: Done  18 tasks      | elapsed:    0.1s
[Parallel(n_jobs=16)]: Done 160 out of 160 | elapsed:    0.4s finished
[Parallel(n_jobs=-1)]: Using backend ThreadingBackend with 16 concurrent workers.
[Parallel(n_jobs=-1)]: Done  18 tasks      | elapsed:   13.4s
[Parallel(n_jobs=-1)]: Done 180 out of 180 | elapsed:  1.3min finished
[Parallel(n_jobs=16)]: Using backend ThreadingBackend with 16 concurrent workers.
[Parallel(n_jobs=16)]: Done  18 tasks      | elapsed:    0.3s
[Parallel(n_jobs=16)]: Done 180 out of 180 | elapsed:    1.8s finished
[Parallel(n_jobs=16)]: Using backend ThreadingBackend with 16 concurrent workers.
[Parallel(n_jobs=16)]: Done  18 tasks      | elapsed:    0.1s
[Parallel(n_jobs=16)]: Done 180 out of 180 | elapsed:    0.5s finished
[Parallel(n_jobs=-1)]: Using backend ThreadingBackend with 16 concurrent workers.
[Parallel(n_jobs=-1)]: Done  18 tasks      | elapsed:   13.0s
[Parallel(n_jobs=-1)]: Done 190 out of 190 | elapsed:  1.3min finished
[Parallel(n_jobs=16)]: Using backend ThreadingBackend with 16 concurrent workers.
[Parallel(n_jobs=16)]: Done  18 tasks      | elapsed:    0.3s
[Parallel(n_jobs=16)]: Done 190 out of 190 | elapsed:    1.7s finished
[Parallel(n_jobs=16)]: Using backend ThreadingBackend with 16 concurrent workers.
[Parallel(n_jobs=16)]: Done  18 tasks      | elapsed:    0.1s
[Parallel(n_jobs=16)]: Done 190 out of 190 | elapsed:    0.5s finished
[Parallel(n_jobs=-1)]: Using backend ThreadingBackend with 16 concurrent workers.
[Parallel(n_jobs=-1)]: Done  18 tasks      | elapsed:   13.1s
[Parallel(n_jobs=-1)]: Done 190 out of 190 | elapsed:  1.3min finished
[Parallel(n_jobs=16)]: Using backend ThreadingBackend with 16 concurrent workers.
[Parallel(n_jobs=16)]: Done  18 tasks      | elapsed:    0.4s
[Parallel(n_jobs=16)]: Done 190 out of 190 | elapsed:    1.9s finished
[Parallel(n_jobs=16)]: Using backend ThreadingBackend with 16 concurrent workers.
[Parallel(n_jobs=16)]: Done  18 tasks      | elapsed:    0.1s
[Parallel(n_jobs=16)]: Done 190 out of 190 | elapsed:    0.5s finished
[Parallel(n_jobs=-1)]: Using backend ThreadingBackend with 16 concurrent workers.
[Parallel(n_jobs=-1)]: Done  18 tasks      | elapsed:   12.9s
[Parallel(n_jobs=-1)]: Done 168 tasks      | elapsed:  1.2min
[Parallel(n_jobs=-1)]: Done 220 out of 220 | elapsed:  1.5min finished
[Parallel(n_jobs=16)]: Using backend ThreadingBackend with 16 concurrent workers.
[Parallel(n_jobs=16)]: Done  18 tasks      | elapsed:    0.3s
[Parallel(n_jobs=16)]: Done 168 tasks      | elapsed:    1.5s
[Parallel(n_jobs=16)]: Done 220 out of 220 | elapsed:    1.9s finished
[Parallel(n_jobs=16)]: Using backend ThreadingBackend with 16 concurrent workers.
[Parallel(n_jobs=16)]: Done  18 tasks      | elapsed:    0.1s
[Parallel(n_jobs=16)]: Done 168 tasks      | elapsed:    0.4s
[Parallel(n_jobs=16)]: Done 220 out of 220 | elapsed:    0.5s finished
[Parallel(n_jobs=-1)]: Using backend ThreadingBackend with 16 concurrent workers.
[Parallel(n_jobs=-1)]: Done  18 tasks      | elapsed:   13.7s
[Parallel(n_jobs=-1)]: Done 168 tasks      | elapsed:  1.3min
[Parallel(n_jobs=-1)]: Done 220 out of 220 | elapsed:  1.6min finished
[Parallel(n_jobs=16)]: Using backend ThreadingBackend with 16 concurrent workers.
[Parallel(n_jobs=16)]: Done  18 tasks      | elapsed:    0.3s
[Parallel(n_jobs=16)]: Done 168 tasks      | elapsed:    2.2s
[Parallel(n_jobs=16)]: Done 220 out of 220 | elapsed:    2.8s finished
[Parallel(n_jobs=16)]: Using backend ThreadingBackend with 16 concurrent workers.
[Parallel(n_jobs=16)]: Done  18 tasks      | elapsed:    0.1s
[Parallel(n_jobs=16)]: Done 168 tasks      | elapsed:    0.6s
[Parallel(n_jobs=16)]: Done 220 out of 220 | elapsed:    0.7s finished
[Parallel(n_jobs=-1)]: Using backend ThreadingBackend with 16 concurrent workers.
[Parallel(n_jobs=-1)]: Done  18 tasks      | elapsed:   13.8s
[Parallel(n_jobs=-1)]: Done 150 out of 150 | elapsed:  1.2min finished
[Parallel(n_jobs=16)]: Using backend ThreadingBackend with 16 concurrent workers.
[Parallel(n_jobs=16)]: Done  18 tasks      | elapsed:    0.4s
[Parallel(n_jobs=16)]: Done 150 out of 150 | elapsed:    2.0s finished
[Parallel(n_jobs=16)]: Using backend ThreadingBackend with 16 concurrent workers.
[Parallel(n_jobs=16)]: Done  18 tasks      | elapsed:    0.1s
[Parallel(n_jobs=16)]: Done 150 out of 150 | elapsed:    0.5s finished
[Parallel(n_jobs=-1)]: Using backend ThreadingBackend with 16 concurrent workers.
[Parallel(n_jobs=-1)]: Done  18 tasks      | elapsed:   13.2s
[Parallel(n_jobs=-1)]: Done 168 tasks      | elapsed:  1.2min
[Parallel(n_jobs=-1)]: Done 250 out of 250 | elapsed:  1.8min finished
[Parallel(n_jobs=16)]: Using backend ThreadingBackend with 16 concurrent workers.
[Parallel(n_jobs=16)]: Done  18 tasks      | elapsed:    0.3s
[Parallel(n_jobs=16)]: Done 168 tasks      | elapsed:    1.7s
[Parallel(n_jobs=16)]: Done 250 out of 250 | elapsed:    2.3s finished
[Parallel(n_jobs=16)]: Using backend ThreadingBackend with 16 concurrent workers.
[Parallel(n_jobs=16)]: Done  18 tasks      | elapsed:    0.1s
[Parallel(n_jobs=16)]: Done 168 tasks      | elapsed:    0.4s
[Parallel(n_jobs=16)]: Done 250 out of 250 | elapsed:    0.6s finished
[Parallel(n_jobs=-1)]: Using backend ThreadingBackend with 16 concurrent workers.
[Parallel(n_jobs=-1)]: Done  18 tasks      | elapsed:   13.0s
[Parallel(n_jobs=-1)]: Done 168 tasks      | elapsed:  1.2min
[Parallel(n_jobs=-1)]: Done 200 out of 200 | elapsed:  1.4min finished
[Parallel(n_jobs=16)]: Using backend ThreadingBackend with 16 concurrent workers.
[Parallel(n_jobs=16)]: Done  18 tasks      | elapsed:    0.2s
[Parallel(n_jobs=16)]: Done 168 tasks      | elapsed:    1.5s
[Parallel(n_jobs=16)]: Done 200 out of 200 | elapsed:    1.7s finished
[Parallel(n_jobs=16)]: Using backend ThreadingBackend with 16 concurrent workers.
[Parallel(n_jobs=16)]: Done  18 tasks      | elapsed:    0.1s
[Parallel(n_jobs=16)]: Done 168 tasks      | elapsed:    0.5s
[Parallel(n_jobs=16)]: Done 200 out of 200 | elapsed:    0.5s finished
[Parallel(n_jobs=-1)]: Using backend ThreadingBackend with 16 concurrent workers.
[Parallel(n_jobs=-1)]: Done  18 tasks      | elapsed:   13.4s
[Parallel(n_jobs=-1)]: Done 168 tasks      | elapsed:  1.2min
[Parallel(n_jobs=-1)]: Done 300 out of 300 | elapsed:  2.1min finished
[Parallel(n_jobs=16)]: Using backend ThreadingBackend with 16 concurrent workers.
[Parallel(n_jobs=16)]: Done  18 tasks      | elapsed:    0.3s
[Parallel(n_jobs=16)]: Done 168 tasks      | elapsed:    1.7s
[Parallel(n_jobs=16)]: Done 300 out of 300 | elapsed:    3.0s finished
[Parallel(n_jobs=16)]: Using backend ThreadingBackend with 16 concurrent workers.
[Parallel(n_jobs=16)]: Done  18 tasks      | elapsed:    0.1s
[Parallel(n_jobs=16)]: Done 168 tasks      | elapsed:    0.5s
[Parallel(n_jobs=16)]: Done 300 out of 300 | elapsed:    0.8s finished
[Parallel(n_jobs=-1)]: Using backend ThreadingBackend with 16 concurrent workers.
[Parallel(n_jobs=-1)]: Done  18 tasks      | elapsed:   13.4s
[Parallel(n_jobs=-1)]: Done 168 tasks      | elapsed:  1.3min
[Parallel(n_jobs=-1)]: Done 270 out of 270 | elapsed:  1.9min finished
[Parallel(n_jobs=16)]: Using backend ThreadingBackend with 16 concurrent workers.
[Parallel(n_jobs=16)]: Done  18 tasks      | elapsed:    0.3s
[Parallel(n_jobs=16)]: Done 168 tasks      | elapsed:    1.7s
[Parallel(n_jobs=16)]: Done 270 out of 270 | elapsed:    2.7s finished
[Parallel(n_jobs=16)]: Using backend ThreadingBackend with 16 concurrent workers.
[Parallel(n_jobs=16)]: Done  18 tasks      | elapsed:    0.1s
[Parallel(n_jobs=16)]: Done 168 tasks      | elapsed:    0.5s
[Parallel(n_jobs=16)]: Done 270 out of 270 | elapsed:    0.7s finished
[Parallel(n_jobs=-1)]: Using backend ThreadingBackend with 16 concurrent workers.
[Parallel(n_jobs=-1)]: Done  18 tasks      | elapsed:   12.9s
[Parallel(n_jobs=-1)]: Done 168 tasks      | elapsed:  1.2min
[Parallel(n_jobs=-1)]: Done 210 out of 210 | elapsed:  1.5min finished
[Parallel(n_jobs=16)]: Using backend ThreadingBackend with 16 concurrent workers.
[Parallel(n_jobs=16)]: Done  18 tasks      | elapsed:    0.2s
[Parallel(n_jobs=16)]: Done 168 tasks      | elapsed:    1.4s
[Parallel(n_jobs=16)]: Done 210 out of 210 | elapsed:    1.7s finished
[Parallel(n_jobs=16)]: Using backend ThreadingBackend with 16 concurrent workers.
[Parallel(n_jobs=16)]: Done  18 tasks      | elapsed:    0.1s
[Parallel(n_jobs=16)]: Done 168 tasks      | elapsed:    0.5s
[Parallel(n_jobs=16)]: Done 210 out of 210 | elapsed:    0.5s finished
[Parallel(n_jobs=-1)]: Using backend ThreadingBackend with 16 concurrent workers.
[Parallel(n_jobs=-1)]: Done  18 tasks      | elapsed:   13.8s
[Parallel(n_jobs=-1)]: Done 100 out of 100 | elapsed:   48.1s finished
[Parallel(n_jobs=16)]: Using backend ThreadingBackend with 16 concurrent workers.
[Parallel(n_jobs=16)]: Done  18 tasks      | elapsed:    0.4s
[Parallel(n_jobs=16)]: Done 100 out of 100 | elapsed:    1.4s finished
[Parallel(n_jobs=16)]: Using backend ThreadingBackend with 16 concurrent workers.
[Parallel(n_jobs=16)]: Done  18 tasks      | elapsed:    0.1s
[Parallel(n_jobs=16)]: Done 100 out of 100 | elapsed:    0.3s finished
